{"level":"info","message":"Redis conneted","timestamp":"2025-10-17T05:11:29.278Z"}
{"level":"info","message":"Database connected","timestamp":"2025-10-17T05:11:29.288Z"}
{"level":"info","message":"Cron job started: Sending request to http://localhost:4000 every 10 minutes","timestamp":"2025-10-17T05:11:29.338Z"}
{"level":"info","message":"Server started at port","timestamp":"2025-10-17T05:11:29.339Z"}
{"level":"info","message":"http://localhost:4000","timestamp":"2025-10-17T05:11:29.340Z"}
{"level":"info","message":"📊 Metrics available at http://localhost:4000/metrics","timestamp":"2025-10-17T05:11:29.340Z"}
{"level":"info","message":"Cron job success: http://localhost:4000 - Status: 200","timestamp":"2025-10-17T05:20:00.082Z"}
{"level":"info","message":"Cron job success: http://localhost:4000 - Status: 200","timestamp":"2025-10-17T05:30:00.077Z"}
{"level":"info","message":"Cron job success: http://localhost:4000 - Status: 200","timestamp":"2025-10-17T05:40:00.039Z"}
{"level":"info","message":"Cron job success: http://localhost:4000 - Status: 200","timestamp":"2025-10-17T05:50:00.024Z"}
{"level":"info","message":"Redis conneted","timestamp":"2025-10-17T05:50:04.780Z"}
{"level":"info","message":"Database connected","timestamp":"2025-10-17T05:50:04.800Z"}
{"level":"info","message":"Cron job started: Sending request to http://localhost:4000 every 10 minutes","timestamp":"2025-10-17T05:50:04.840Z"}
{"level":"info","message":"Server started at port","timestamp":"2025-10-17T05:50:04.841Z"}
{"level":"info","message":"http://localhost:4000","timestamp":"2025-10-17T05:50:04.842Z"}
{"level":"info","message":"📊 Metrics available at http://localhost:4000/metrics","timestamp":"2025-10-17T05:50:04.843Z"}
{"level":"info","message":"Redis conneted","timestamp":"2025-10-17T05:50:11.521Z"}
{"level":"info","message":"Database connected","timestamp":"2025-10-17T05:50:11.531Z"}
{"level":"info","message":"Cron job started: Sending request to http://localhost:4000 every 10 minutes","timestamp":"2025-10-17T05:50:11.588Z"}
{"level":"info","message":"Server started at port","timestamp":"2025-10-17T05:50:11.589Z"}
{"level":"info","message":"http://localhost:4000","timestamp":"2025-10-17T05:50:11.590Z"}
{"level":"info","message":"📊 Metrics available at http://localhost:4000/metrics","timestamp":"2025-10-17T05:50:11.590Z"}
{"level":"info","message":"Redis conneted","timestamp":"2025-10-17T05:50:28.135Z"}
{"level":"info","message":"Database connected","timestamp":"2025-10-17T05:50:28.148Z"}
{"level":"info","message":"Cron job started: Sending request to http://localhost:4000 every 10 minutes","timestamp":"2025-10-17T05:50:28.197Z"}
{"level":"info","message":"Server started at port","timestamp":"2025-10-17T05:50:28.198Z"}
{"level":"info","message":"http://localhost:4000","timestamp":"2025-10-17T05:50:28.198Z"}
{"level":"info","message":"📊 Metrics available at http://localhost:4000/metrics","timestamp":"2025-10-17T05:50:28.199Z"}
{"level":"info","message":"Redis conneted","timestamp":"2025-10-17T05:51:05.429Z"}
{"level":"info","message":"Database connected","timestamp":"2025-10-17T05:51:05.443Z"}
{"level":"info","message":"Cron job started: Sending request to http://localhost:4000 every 10 minutes","timestamp":"2025-10-17T05:51:05.472Z"}
{"level":"info","message":"Server started at port","timestamp":"2025-10-17T05:51:05.473Z"}
{"level":"info","message":"http://localhost:4000","timestamp":"2025-10-17T05:51:05.474Z"}
{"level":"info","message":"📊 Metrics available at http://localhost:4000/metrics","timestamp":"2025-10-17T05:51:05.474Z"}
{"level":"info","message":"Redis conneted","timestamp":"2025-10-17T05:51:15.894Z"}
{"level":"info","message":"Database connected","timestamp":"2025-10-17T05:51:15.919Z"}
{"level":"info","message":"Cron job started: Sending request to http://localhost:4000 every 10 minutes","timestamp":"2025-10-17T05:51:15.962Z"}
{"level":"info","message":"Server started at port","timestamp":"2025-10-17T05:51:15.964Z"}
{"level":"info","message":"http://localhost:4000","timestamp":"2025-10-17T05:51:15.965Z"}
{"level":"info","message":"📊 Metrics available at http://localhost:4000/metrics","timestamp":"2025-10-17T05:51:15.965Z"}
{"level":"info","message":"Redis conneted","timestamp":"2025-10-17T05:51:18.531Z"}
{"level":"info","message":"Database connected","timestamp":"2025-10-17T05:51:18.543Z"}
{"level":"info","message":"Cron job started: Sending request to http://localhost:4000 every 10 minutes","timestamp":"2025-10-17T05:51:18.586Z"}
{"level":"info","message":"Server started at port","timestamp":"2025-10-17T05:51:18.588Z"}
{"level":"info","message":"http://localhost:4000","timestamp":"2025-10-17T05:51:18.588Z"}
{"level":"info","message":"📊 Metrics available at http://localhost:4000/metrics","timestamp":"2025-10-17T05:51:18.589Z"}
{"level":"info","message":"Redis conneted","timestamp":"2025-10-17T05:51:35.742Z"}
{"level":"info","message":"Database connected","timestamp":"2025-10-17T05:51:35.755Z"}
{"level":"info","message":"Cron job started: Sending request to http://localhost:4000 every 10 minutes","timestamp":"2025-10-17T05:51:35.799Z"}
{"level":"info","message":"Server started at port","timestamp":"2025-10-17T05:51:35.800Z"}
{"level":"info","message":"http://localhost:4000","timestamp":"2025-10-17T05:51:35.801Z"}
{"level":"info","message":"📊 Metrics available at http://localhost:4000/metrics","timestamp":"2025-10-17T05:51:35.801Z"}
{"level":"info","message":"Redis conneted","timestamp":"2025-10-17T05:51:39.046Z"}
{"level":"info","message":"Database connected","timestamp":"2025-10-17T05:51:39.063Z"}
{"level":"info","message":"Cron job started: Sending request to http://localhost:4000 every 10 minutes","timestamp":"2025-10-17T05:51:39.097Z"}
{"level":"info","message":"Server started at port","timestamp":"2025-10-17T05:51:39.098Z"}
{"level":"info","message":"http://localhost:4000","timestamp":"2025-10-17T05:51:39.099Z"}
{"level":"info","message":"📊 Metrics available at http://localhost:4000/metrics","timestamp":"2025-10-17T05:51:39.099Z"}
{"level":"info","message":"Redis conneted","timestamp":"2025-10-17T05:51:41.486Z"}
{"level":"info","message":"Database connected","timestamp":"2025-10-17T05:51:41.509Z"}
{"level":"info","message":"Cron job started: Sending request to http://localhost:4000 every 10 minutes","timestamp":"2025-10-17T05:51:41.564Z"}
{"level":"info","message":"Server started at port","timestamp":"2025-10-17T05:51:41.565Z"}
{"level":"info","message":"http://localhost:4000","timestamp":"2025-10-17T05:51:41.566Z"}
{"level":"info","message":"📊 Metrics available at http://localhost:4000/metrics","timestamp":"2025-10-17T05:51:41.566Z"}
{"level":"info","message":"Redis conneted","timestamp":"2025-10-17T05:51:43.885Z"}
{"level":"info","message":"Database connected","timestamp":"2025-10-17T05:51:43.911Z"}
{"level":"info","message":"Cron job started: Sending request to http://localhost:4000 every 10 minutes","timestamp":"2025-10-17T05:51:43.957Z"}
{"level":"info","message":"Server started at port","timestamp":"2025-10-17T05:51:43.959Z"}
{"level":"info","message":"http://localhost:4000","timestamp":"2025-10-17T05:51:43.959Z"}
{"level":"info","message":"📊 Metrics available at http://localhost:4000/metrics","timestamp":"2025-10-17T05:51:43.959Z"}
{"level":"info","message":"Redis conneted","timestamp":"2025-10-17T05:51:47.302Z"}
{"level":"info","message":"Database connected","timestamp":"2025-10-17T05:51:47.323Z"}
{"level":"info","message":"Cron job started: Sending request to http://localhost:4000 every 10 minutes","timestamp":"2025-10-17T05:51:47.384Z"}
{"level":"info","message":"Server started at port","timestamp":"2025-10-17T05:51:47.388Z"}
{"level":"info","message":"http://localhost:4000","timestamp":"2025-10-17T05:51:47.390Z"}
{"level":"info","message":"📊 Metrics available at http://localhost:4000/metrics","timestamp":"2025-10-17T05:51:47.391Z"}
{"level":"info","message":"Redis conneted","timestamp":"2025-10-17T05:51:49.324Z"}
{"level":"info","message":"Database connected","timestamp":"2025-10-17T05:51:49.352Z"}
{"level":"info","message":"Cron job started: Sending request to http://localhost:4000 every 10 minutes","timestamp":"2025-10-17T05:51:49.407Z"}
{"level":"info","message":"Server started at port","timestamp":"2025-10-17T05:51:49.411Z"}
{"level":"info","message":"http://localhost:4000","timestamp":"2025-10-17T05:51:49.412Z"}
{"level":"info","message":"📊 Metrics available at http://localhost:4000/metrics","timestamp":"2025-10-17T05:51:49.412Z"}
{"level":"info","message":"Redis conneted","timestamp":"2025-10-17T05:51:58.082Z"}
{"level":"info","message":"Database connected","timestamp":"2025-10-17T05:51:58.100Z"}
{"level":"info","message":"Cron job started: Sending request to http://localhost:4000 every 10 minutes","timestamp":"2025-10-17T05:51:58.164Z"}
{"level":"info","message":"Server started at port","timestamp":"2025-10-17T05:51:58.166Z"}
{"level":"info","message":"http://localhost:4000","timestamp":"2025-10-17T05:51:58.167Z"}
{"level":"info","message":"📊 Metrics available at http://localhost:4000/metrics","timestamp":"2025-10-17T05:51:58.168Z"}
{"level":"info","message":"Redis conneted","timestamp":"2025-10-17T05:52:05.467Z"}
{"level":"info","message":"Database connected","timestamp":"2025-10-17T05:52:05.482Z"}
{"level":"info","message":"Cron job started: Sending request to http://localhost:4000 every 10 minutes","timestamp":"2025-10-17T05:52:05.532Z"}
{"level":"info","message":"Server started at port","timestamp":"2025-10-17T05:52:05.533Z"}
{"level":"info","message":"http://localhost:4000","timestamp":"2025-10-17T05:52:05.534Z"}
{"level":"info","message":"📊 Metrics available at http://localhost:4000/metrics","timestamp":"2025-10-17T05:52:05.534Z"}
{"level":"info","message":"Redis conneted","timestamp":"2025-10-17T05:52:57.365Z"}
{"level":"info","message":"Database connected","timestamp":"2025-10-17T05:52:57.379Z"}
{"level":"info","message":"Cron job started: Sending request to http://localhost:4000 every 10 minutes","timestamp":"2025-10-17T05:52:57.410Z"}
{"level":"info","message":"Server started at port","timestamp":"2025-10-17T05:52:57.412Z"}
{"level":"info","message":"http://localhost:4000","timestamp":"2025-10-17T05:52:57.412Z"}
{"level":"info","message":"📊 Metrics available at http://localhost:4000/metrics","timestamp":"2025-10-17T05:52:57.413Z"}
{"level":"info","message":"Redis conneted","timestamp":"2025-10-17T05:53:28.630Z"}
{"level":"info","message":"Database connected","timestamp":"2025-10-17T05:53:28.643Z"}
{"level":"info","message":"Cron job started: Sending request to http://localhost:4000 every 10 minutes","timestamp":"2025-10-17T05:53:28.686Z"}
{"level":"info","message":"Server started at port","timestamp":"2025-10-17T05:53:28.687Z"}
{"level":"info","message":"http://localhost:4000","timestamp":"2025-10-17T05:53:28.687Z"}
{"level":"info","message":"📊 Metrics available at http://localhost:4000/metrics","timestamp":"2025-10-17T05:53:28.688Z"}
{"level":"info","message":"Redis conneted","timestamp":"2025-10-17T05:53:31.702Z"}
{"level":"info","message":"Database connected","timestamp":"2025-10-17T05:53:31.721Z"}
{"level":"info","message":"Cron job started: Sending request to http://localhost:4000 every 10 minutes","timestamp":"2025-10-17T05:53:31.770Z"}
{"level":"info","message":"Server started at port","timestamp":"2025-10-17T05:53:31.771Z"}
{"level":"info","message":"http://localhost:4000","timestamp":"2025-10-17T05:53:31.771Z"}
{"level":"info","message":"📊 Metrics available at http://localhost:4000/metrics","timestamp":"2025-10-17T05:53:31.772Z"}
{"level":"info","message":"Redis conneted","timestamp":"2025-10-17T05:53:36.357Z"}
{"level":"info","message":"Database connected","timestamp":"2025-10-17T05:53:36.369Z"}
{"level":"info","message":"Cron job started: Sending request to http://localhost:4000 every 10 minutes","timestamp":"2025-10-17T05:53:36.400Z"}
{"level":"info","message":"Server started at port","timestamp":"2025-10-17T05:53:36.403Z"}
{"level":"info","message":"http://localhost:4000","timestamp":"2025-10-17T05:53:36.403Z"}
{"level":"info","message":"📊 Metrics available at http://localhost:4000/metrics","timestamp":"2025-10-17T05:53:36.403Z"}
{"level":"info","message":"Redis conneted","timestamp":"2025-10-17T05:53:44.782Z"}
{"level":"info","message":"Database connected","timestamp":"2025-10-17T05:53:44.801Z"}
{"level":"info","message":"Cron job started: Sending request to http://localhost:4000 every 10 minutes","timestamp":"2025-10-17T05:53:44.844Z"}
{"level":"info","message":"Server started at port","timestamp":"2025-10-17T05:53:44.845Z"}
{"level":"info","message":"http://localhost:4000","timestamp":"2025-10-17T05:53:44.846Z"}
{"level":"info","message":"📊 Metrics available at http://localhost:4000/metrics","timestamp":"2025-10-17T05:53:44.846Z"}
{"level":"info","message":"Redis conneted","timestamp":"2025-10-17T05:53:49.718Z"}
{"level":"info","message":"Database connected","timestamp":"2025-10-17T05:53:49.735Z"}
{"level":"info","message":"Cron job started: Sending request to http://localhost:4000 every 10 minutes","timestamp":"2025-10-17T05:53:49.779Z"}
{"level":"info","message":"Server started at port","timestamp":"2025-10-17T05:53:49.779Z"}
{"level":"info","message":"http://localhost:4000","timestamp":"2025-10-17T05:53:49.780Z"}
{"level":"info","message":"📊 Metrics available at http://localhost:4000/metrics","timestamp":"2025-10-17T05:53:49.780Z"}
{"level":"info","message":"Redis conneted","timestamp":"2025-10-17T05:54:11.545Z"}
{"level":"info","message":"Database connected","timestamp":"2025-10-17T05:54:11.561Z"}
{"level":"info","message":"Cron job started: Sending request to http://localhost:4000 every 10 minutes","timestamp":"2025-10-17T05:54:11.617Z"}
{"level":"info","message":"Server started at port","timestamp":"2025-10-17T05:54:11.618Z"}
{"level":"info","message":"http://localhost:4000","timestamp":"2025-10-17T05:54:11.619Z"}
{"level":"info","message":"📊 Metrics available at http://localhost:4000/metrics","timestamp":"2025-10-17T05:54:11.619Z"}
{"level":"info","message":"Redis conneted","timestamp":"2025-10-17T05:54:14.253Z"}
{"level":"info","message":"Database connected","timestamp":"2025-10-17T05:54:14.269Z"}
{"level":"info","message":"Cron job started: Sending request to http://localhost:4000 every 10 minutes","timestamp":"2025-10-17T05:54:14.305Z"}
{"level":"info","message":"Server started at port","timestamp":"2025-10-17T05:54:14.306Z"}
{"level":"info","message":"http://localhost:4000","timestamp":"2025-10-17T05:54:14.308Z"}
{"level":"info","message":"📊 Metrics available at http://localhost:4000/metrics","timestamp":"2025-10-17T05:54:14.310Z"}
{"level":"info","message":"Redis conneted","timestamp":"2025-10-17T05:54:23.628Z"}
{"level":"info","message":"Database connected","timestamp":"2025-10-17T05:54:23.647Z"}
{"level":"info","message":"Cron job started: Sending request to http://localhost:4000 every 10 minutes","timestamp":"2025-10-17T05:54:23.690Z"}
{"level":"info","message":"Server started at port","timestamp":"2025-10-17T05:54:23.693Z"}
{"level":"info","message":"http://localhost:4000","timestamp":"2025-10-17T05:54:23.693Z"}
{"level":"info","message":"📊 Metrics available at http://localhost:4000/metrics","timestamp":"2025-10-17T05:54:23.695Z"}
{"level":"info","message":"Redis conneted","timestamp":"2025-10-17T05:54:34.373Z"}
{"level":"info","message":"Database connected","timestamp":"2025-10-17T05:54:34.395Z"}
{"level":"info","message":"Cron job started: Sending request to http://localhost:4000 every 10 minutes","timestamp":"2025-10-17T05:54:34.460Z"}
{"level":"info","message":"Server started at port","timestamp":"2025-10-17T05:54:34.462Z"}
{"level":"info","message":"http://localhost:4000","timestamp":"2025-10-17T05:54:34.462Z"}
{"level":"info","message":"📊 Metrics available at http://localhost:4000/metrics","timestamp":"2025-10-17T05:54:34.463Z"}
{"level":"info","message":"Redis conneted","timestamp":"2025-10-17T05:55:57.482Z"}
{"level":"info","message":"Database connected","timestamp":"2025-10-17T05:55:57.491Z"}
{"level":"info","message":"Cron job started: Sending request to http://localhost:4000 every 10 minutes","timestamp":"2025-10-17T05:55:57.546Z"}
{"level":"info","message":"Server started at port","timestamp":"2025-10-17T05:55:57.551Z"}
{"level":"info","message":"http://localhost:4000","timestamp":"2025-10-17T05:55:57.554Z"}
{"level":"info","message":"📊 Metrics available at http://localhost:4000/metrics","timestamp":"2025-10-17T05:55:57.555Z"}
{"level":"info","message":"Redis conneted","timestamp":"2025-10-17T05:56:14.184Z"}
{"level":"info","message":"Database connected","timestamp":"2025-10-17T05:56:14.198Z"}
{"level":"info","message":"Cron job started: Sending request to http://localhost:4000 every 10 minutes","timestamp":"2025-10-17T05:56:14.272Z"}
{"level":"info","message":"Server started at port","timestamp":"2025-10-17T05:56:14.273Z"}
{"level":"info","message":"http://localhost:4000","timestamp":"2025-10-17T05:56:14.273Z"}
{"level":"info","message":"📊 Metrics available at http://localhost:4000/metrics","timestamp":"2025-10-17T05:56:14.274Z"}
{"level":"info","message":"Redis conneted","timestamp":"2025-10-17T05:56:55.612Z"}
{"level":"info","message":"Database connected","timestamp":"2025-10-17T05:56:55.624Z"}
{"level":"info","message":"Cron job started: Sending request to http://localhost:4000 every 10 minutes","timestamp":"2025-10-17T05:56:55.670Z"}
{"level":"info","message":"Server started at port","timestamp":"2025-10-17T05:56:55.672Z"}
{"level":"info","message":"http://localhost:4000","timestamp":"2025-10-17T05:56:55.672Z"}
{"level":"info","message":"📊 Metrics available at http://localhost:4000/metrics","timestamp":"2025-10-17T05:56:55.672Z"}
{"level":"info","message":"Redis conneted","timestamp":"2025-10-17T05:56:58.287Z"}
{"level":"info","message":"Database connected","timestamp":"2025-10-17T05:56:58.301Z"}
{"level":"info","message":"Cron job started: Sending request to http://localhost:4000 every 10 minutes","timestamp":"2025-10-17T05:56:58.343Z"}
{"level":"info","message":"Server started at port","timestamp":"2025-10-17T05:56:58.344Z"}
{"level":"info","message":"http://localhost:4000","timestamp":"2025-10-17T05:56:58.345Z"}
{"level":"info","message":"📊 Metrics available at http://localhost:4000/metrics","timestamp":"2025-10-17T05:56:58.345Z"}
{"level":"info","message":"Redis conneted","timestamp":"2025-10-17T05:57:04.703Z"}
{"level":"info","message":"Database connected","timestamp":"2025-10-17T05:57:04.735Z"}
{"level":"info","message":"Cron job started: Sending request to http://localhost:4000 every 10 minutes","timestamp":"2025-10-17T05:57:04.801Z"}
{"level":"info","message":"Server started at port","timestamp":"2025-10-17T05:57:04.803Z"}
{"level":"info","message":"http://localhost:4000","timestamp":"2025-10-17T05:57:04.803Z"}
{"level":"info","message":"📊 Metrics available at http://localhost:4000/metrics","timestamp":"2025-10-17T05:57:04.805Z"}
{"level":"info","message":"Redis conneted","timestamp":"2025-10-17T05:57:15.314Z"}
{"level":"info","message":"Database connected","timestamp":"2025-10-17T05:57:15.329Z"}
{"level":"info","message":"Cron job started: Sending request to http://localhost:4000 every 10 minutes","timestamp":"2025-10-17T05:57:15.377Z"}
{"level":"info","message":"Server started at port","timestamp":"2025-10-17T05:57:15.378Z"}
{"level":"info","message":"http://localhost:4000","timestamp":"2025-10-17T05:57:15.378Z"}
{"level":"info","message":"📊 Metrics available at http://localhost:4000/metrics","timestamp":"2025-10-17T05:57:15.379Z"}
{"level":"info","message":"Redis conneted","timestamp":"2025-10-17T05:57:55.976Z"}
{"level":"info","message":"Database connected","timestamp":"2025-10-17T05:57:55.996Z"}
{"level":"info","message":"Cron job started: Sending request to http://localhost:4000 every 10 minutes","timestamp":"2025-10-17T05:57:56.032Z"}
{"level":"info","message":"Server started at port","timestamp":"2025-10-17T05:57:56.036Z"}
{"level":"info","message":"http://localhost:4000","timestamp":"2025-10-17T05:57:56.037Z"}
{"level":"info","message":"📊 Metrics available at http://localhost:4000/metrics","timestamp":"2025-10-17T05:57:56.039Z"}
{"level":"info","message":"Redis conneted","timestamp":"2025-10-17T05:58:52.477Z"}
{"level":"info","message":"Database connected","timestamp":"2025-10-17T05:58:52.493Z"}
{"level":"info","message":"Cron job started: Sending request to http://localhost:4000 every 10 minutes","timestamp":"2025-10-17T05:58:52.535Z"}
{"level":"info","message":"Server started at port","timestamp":"2025-10-17T05:58:52.538Z"}
{"level":"info","message":"http://localhost:4000","timestamp":"2025-10-17T05:58:52.539Z"}
{"level":"info","message":"📊 Metrics available at http://localhost:4000/metrics","timestamp":"2025-10-17T05:58:52.539Z"}
{"level":"info","message":"Redis conneted","timestamp":"2025-10-17T05:58:56.920Z"}
{"level":"info","message":"Database connected","timestamp":"2025-10-17T05:58:56.937Z"}
{"level":"info","message":"Cron job started: Sending request to http://localhost:4000 every 10 minutes","timestamp":"2025-10-17T05:58:56.978Z"}
{"level":"info","message":"Server started at port","timestamp":"2025-10-17T05:58:56.980Z"}
{"level":"info","message":"http://localhost:4000","timestamp":"2025-10-17T05:58:56.981Z"}
{"level":"info","message":"📊 Metrics available at http://localhost:4000/metrics","timestamp":"2025-10-17T05:58:56.982Z"}
{"level":"info","message":"Redis conneted","timestamp":"2025-10-17T05:58:57.978Z"}
{"level":"info","message":"Database connected","timestamp":"2025-10-17T05:58:57.995Z"}
{"level":"info","message":"Cron job started: Sending request to http://localhost:4000 every 10 minutes","timestamp":"2025-10-17T05:58:58.034Z"}
{"level":"info","message":"Server started at port","timestamp":"2025-10-17T05:58:58.035Z"}
{"level":"info","message":"http://localhost:4000","timestamp":"2025-10-17T05:58:58.036Z"}
{"level":"info","message":"📊 Metrics available at http://localhost:4000/metrics","timestamp":"2025-10-17T05:58:58.036Z"}
{"level":"info","message":"Redis conneted","timestamp":"2025-10-17T05:59:26.843Z"}
{"level":"info","message":"Database connected","timestamp":"2025-10-17T05:59:26.861Z"}
{"level":"info","message":"Cron job started: Sending request to http://localhost:4000 every 10 minutes","timestamp":"2025-10-17T05:59:26.910Z"}
{"level":"info","message":"Server started at port","timestamp":"2025-10-17T05:59:26.911Z"}
{"level":"info","message":"http://localhost:4000","timestamp":"2025-10-17T05:59:26.911Z"}
{"level":"info","message":"📊 Metrics available at http://localhost:4000/metrics","timestamp":"2025-10-17T05:59:26.912Z"}
{"level":"info","message":"Redis conneted","timestamp":"2025-10-17T05:59:29.432Z"}
{"level":"info","message":"Database connected","timestamp":"2025-10-17T05:59:29.447Z"}
{"level":"info","message":"Cron job started: Sending request to http://localhost:4000 every 10 minutes","timestamp":"2025-10-17T05:59:29.488Z"}
{"level":"info","message":"Server started at port","timestamp":"2025-10-17T05:59:29.489Z"}
{"level":"info","message":"http://localhost:4000","timestamp":"2025-10-17T05:59:29.490Z"}
{"level":"info","message":"📊 Metrics available at http://localhost:4000/metrics","timestamp":"2025-10-17T05:59:29.490Z"}
{"level":"info","message":"Redis conneted","timestamp":"2025-10-17T05:59:36.704Z"}
{"level":"info","message":"Database connected","timestamp":"2025-10-17T05:59:36.711Z"}
{"level":"info","message":"Cron job started: Sending request to http://localhost:4000 every 10 minutes","timestamp":"2025-10-17T05:59:36.737Z"}
{"level":"info","message":"Server started at port","timestamp":"2025-10-17T05:59:36.738Z"}
{"level":"info","message":"http://localhost:4000","timestamp":"2025-10-17T05:59:36.738Z"}
{"level":"info","message":"📊 Metrics available at http://localhost:4000/metrics","timestamp":"2025-10-17T05:59:36.738Z"}
{"level":"info","message":"Redis conneted","timestamp":"2025-10-17T05:59:39.896Z"}
{"level":"info","message":"Database connected","timestamp":"2025-10-17T05:59:39.920Z"}
{"level":"info","message":"Cron job started: Sending request to http://localhost:4000 every 10 minutes","timestamp":"2025-10-17T05:59:39.990Z"}
{"level":"info","message":"Server started at port","timestamp":"2025-10-17T05:59:39.993Z"}
{"level":"info","message":"http://localhost:4000","timestamp":"2025-10-17T05:59:39.994Z"}
{"level":"info","message":"📊 Metrics available at http://localhost:4000/metrics","timestamp":"2025-10-17T05:59:39.995Z"}
{"level":"info","message":"Redis conneted","timestamp":"2025-10-17T05:59:43.962Z"}
{"level":"info","message":"Database connected","timestamp":"2025-10-17T05:59:43.977Z"}
{"level":"info","message":"Cron job started: Sending request to http://localhost:4000 every 10 minutes","timestamp":"2025-10-17T05:59:44.014Z"}
{"level":"info","message":"Server started at port","timestamp":"2025-10-17T05:59:44.015Z"}
{"level":"info","message":"http://localhost:4000","timestamp":"2025-10-17T05:59:44.015Z"}
{"level":"info","message":"📊 Metrics available at http://localhost:4000/metrics","timestamp":"2025-10-17T05:59:44.016Z"}
{"level":"info","message":"Redis conneted","timestamp":"2025-10-17T05:59:57.415Z"}
{"level":"info","message":"Database connected","timestamp":"2025-10-17T05:59:57.430Z"}
{"level":"info","message":"Cron job started: Sending request to http://localhost:4000 every 10 minutes","timestamp":"2025-10-17T05:59:57.465Z"}
{"level":"info","message":"Server started at port","timestamp":"2025-10-17T05:59:57.467Z"}
{"level":"info","message":"http://localhost:4000","timestamp":"2025-10-17T05:59:57.469Z"}
{"level":"info","message":"📊 Metrics available at http://localhost:4000/metrics","timestamp":"2025-10-17T05:59:57.470Z"}
{"level":"info","message":"Cron job success: http://localhost:4000 - Status: 200","timestamp":"2025-10-17T06:00:00.124Z"}
{"level":"info","message":"Redis conneted","timestamp":"2025-10-17T06:00:03.337Z"}
{"level":"info","message":"Database connected","timestamp":"2025-10-17T06:00:03.359Z"}
{"level":"info","message":"Cron job started: Sending request to http://localhost:4000 every 10 minutes","timestamp":"2025-10-17T06:00:03.429Z"}
{"level":"info","message":"Server started at port","timestamp":"2025-10-17T06:00:03.433Z"}
{"level":"info","message":"http://localhost:4000","timestamp":"2025-10-17T06:00:03.437Z"}
{"level":"info","message":"📊 Metrics available at http://localhost:4000/metrics","timestamp":"2025-10-17T06:00:03.439Z"}
{"level":"info","message":"Redis conneted","timestamp":"2025-10-17T06:00:06.940Z"}
{"level":"info","message":"Database connected","timestamp":"2025-10-17T06:00:06.969Z"}
{"level":"info","message":"Cron job started: Sending request to http://localhost:4000 every 10 minutes","timestamp":"2025-10-17T06:00:07.036Z"}
{"level":"info","message":"Server started at port","timestamp":"2025-10-17T06:00:07.038Z"}
{"level":"info","message":"http://localhost:4000","timestamp":"2025-10-17T06:00:07.038Z"}
{"level":"info","message":"📊 Metrics available at http://localhost:4000/metrics","timestamp":"2025-10-17T06:00:07.039Z"}
{"level":"info","message":"Redis conneted","timestamp":"2025-10-17T06:00:37.280Z"}
{"level":"info","message":"Database connected","timestamp":"2025-10-17T06:00:37.314Z"}
{"level":"info","message":"Cron job started: Sending request to http://localhost:4000 every 10 minutes","timestamp":"2025-10-17T06:00:37.389Z"}
{"level":"info","message":"Server started at port","timestamp":"2025-10-17T06:00:37.390Z"}
{"level":"info","message":"http://localhost:4000","timestamp":"2025-10-17T06:00:37.390Z"}
{"level":"info","message":"📊 Metrics available at http://localhost:4000/metrics","timestamp":"2025-10-17T06:00:37.390Z"}
{"level":"info","message":"Redis conneted","timestamp":"2025-10-17T06:00:40.022Z"}
{"level":"info","message":"Database connected","timestamp":"2025-10-17T06:00:40.041Z"}
{"level":"info","message":"Cron job started: Sending request to http://localhost:4000 every 10 minutes","timestamp":"2025-10-17T06:00:40.079Z"}
{"level":"info","message":"Server started at port","timestamp":"2025-10-17T06:00:40.080Z"}
{"level":"info","message":"http://localhost:4000","timestamp":"2025-10-17T06:00:40.081Z"}
{"level":"info","message":"📊 Metrics available at http://localhost:4000/metrics","timestamp":"2025-10-17T06:00:40.081Z"}
{"level":"info","message":"Redis conneted","timestamp":"2025-10-17T06:00:42.171Z"}
{"level":"info","message":"Database connected","timestamp":"2025-10-17T06:00:42.197Z"}
{"level":"info","message":"Cron job started: Sending request to http://localhost:4000 every 10 minutes","timestamp":"2025-10-17T06:00:42.258Z"}
{"level":"info","message":"Server started at port","timestamp":"2025-10-17T06:00:42.259Z"}
{"level":"info","message":"http://localhost:4000","timestamp":"2025-10-17T06:00:42.260Z"}
{"level":"info","message":"📊 Metrics available at http://localhost:4000/metrics","timestamp":"2025-10-17T06:00:42.260Z"}
{"level":"info","message":"Redis conneted","timestamp":"2025-10-17T06:00:50.708Z"}
{"level":"info","message":"Database connected","timestamp":"2025-10-17T06:00:50.716Z"}
{"level":"info","message":"Cron job started: Sending request to http://localhost:4000 every 10 minutes","timestamp":"2025-10-17T06:00:50.763Z"}
{"level":"info","message":"Server started at port","timestamp":"2025-10-17T06:00:50.764Z"}
{"level":"info","message":"http://localhost:4000","timestamp":"2025-10-17T06:00:50.765Z"}
{"level":"info","message":"📊 Metrics available at http://localhost:4000/metrics","timestamp":"2025-10-17T06:00:50.765Z"}
{"level":"info","message":"Redis conneted","timestamp":"2025-10-17T06:00:57.020Z"}
{"level":"info","message":"Database connected","timestamp":"2025-10-17T06:00:57.039Z"}
{"level":"info","message":"Cron job started: Sending request to http://localhost:4000 every 10 minutes","timestamp":"2025-10-17T06:00:57.080Z"}
{"level":"info","message":"Server started at port","timestamp":"2025-10-17T06:00:57.082Z"}
{"level":"info","message":"http://localhost:4000","timestamp":"2025-10-17T06:00:57.082Z"}
{"level":"info","message":"📊 Metrics available at http://localhost:4000/metrics","timestamp":"2025-10-17T06:00:57.083Z"}
{"level":"info","message":"Redis conneted","timestamp":"2025-10-17T06:00:59.623Z"}
{"level":"info","message":"Database connected","timestamp":"2025-10-17T06:00:59.642Z"}
{"level":"info","message":"Cron job started: Sending request to http://localhost:4000 every 10 minutes","timestamp":"2025-10-17T06:00:59.686Z"}
{"level":"info","message":"Server started at port","timestamp":"2025-10-17T06:00:59.687Z"}
{"level":"info","message":"http://localhost:4000","timestamp":"2025-10-17T06:00:59.687Z"}
{"level":"info","message":"📊 Metrics available at http://localhost:4000/metrics","timestamp":"2025-10-17T06:00:59.688Z"}
{"level":"info","message":"Redis conneted","timestamp":"2025-10-17T06:01:04.961Z"}
{"level":"info","message":"Database connected","timestamp":"2025-10-17T06:01:05.023Z"}
{"level":"info","message":"Cron job started: Sending request to http://localhost:4000 every 10 minutes","timestamp":"2025-10-17T06:01:05.095Z"}
{"level":"info","message":"Server started at port","timestamp":"2025-10-17T06:01:05.097Z"}
{"level":"info","message":"http://localhost:4000","timestamp":"2025-10-17T06:01:05.098Z"}
{"level":"info","message":"📊 Metrics available at http://localhost:4000/metrics","timestamp":"2025-10-17T06:01:05.098Z"}
{"level":"info","message":"Redis conneted","timestamp":"2025-10-17T06:01:08.011Z"}
{"level":"info","message":"Database connected","timestamp":"2025-10-17T06:01:08.051Z"}
{"level":"info","message":"Cron job started: Sending request to http://localhost:4000 every 10 minutes","timestamp":"2025-10-17T06:01:08.095Z"}
{"level":"info","message":"Server started at port","timestamp":"2025-10-17T06:01:08.097Z"}
{"level":"info","message":"http://localhost:4000","timestamp":"2025-10-17T06:01:08.098Z"}
{"level":"info","message":"📊 Metrics available at http://localhost:4000/metrics","timestamp":"2025-10-17T06:01:08.100Z"}
{"level":"info","message":"Redis conneted","timestamp":"2025-10-17T06:01:11.517Z"}
{"level":"info","message":"Database connected","timestamp":"2025-10-17T06:01:11.540Z"}
{"level":"info","message":"Cron job started: Sending request to http://localhost:4000 every 10 minutes","timestamp":"2025-10-17T06:01:11.597Z"}
{"level":"info","message":"Server started at port","timestamp":"2025-10-17T06:01:11.598Z"}
{"level":"info","message":"http://localhost:4000","timestamp":"2025-10-17T06:01:11.599Z"}
{"level":"info","message":"📊 Metrics available at http://localhost:4000/metrics","timestamp":"2025-10-17T06:01:11.599Z"}
{"level":"info","message":"Redis conneted","timestamp":"2025-10-17T06:01:14.101Z"}
{"level":"info","message":"Database connected","timestamp":"2025-10-17T06:01:14.115Z"}
{"level":"info","message":"Cron job started: Sending request to http://localhost:4000 every 10 minutes","timestamp":"2025-10-17T06:01:14.145Z"}
{"level":"info","message":"Server started at port","timestamp":"2025-10-17T06:01:14.146Z"}
{"level":"info","message":"http://localhost:4000","timestamp":"2025-10-17T06:01:14.146Z"}
{"level":"info","message":"📊 Metrics available at http://localhost:4000/metrics","timestamp":"2025-10-17T06:01:14.147Z"}
{"level":"info","message":"Redis conneted","timestamp":"2025-10-17T06:01:18.326Z"}
{"level":"info","message":"Database connected","timestamp":"2025-10-17T06:01:18.343Z"}
{"level":"info","message":"Cron job started: Sending request to http://localhost:4000 every 10 minutes","timestamp":"2025-10-17T06:01:18.423Z"}
{"level":"info","message":"Server started at port","timestamp":"2025-10-17T06:01:18.425Z"}
{"level":"info","message":"http://localhost:4000","timestamp":"2025-10-17T06:01:18.425Z"}
{"level":"info","message":"📊 Metrics available at http://localhost:4000/metrics","timestamp":"2025-10-17T06:01:18.426Z"}
{"level":"info","message":"Redis conneted","timestamp":"2025-10-17T06:01:19.649Z"}
{"level":"info","message":"Database connected","timestamp":"2025-10-17T06:01:19.688Z"}
{"level":"info","message":"Cron job started: Sending request to http://localhost:4000 every 10 minutes","timestamp":"2025-10-17T06:01:19.766Z"}
{"level":"info","message":"Server started at port","timestamp":"2025-10-17T06:01:19.769Z"}
{"level":"info","message":"http://localhost:4000","timestamp":"2025-10-17T06:01:19.770Z"}
{"level":"info","message":"📊 Metrics available at http://localhost:4000/metrics","timestamp":"2025-10-17T06:01:19.771Z"}
{"level":"info","message":"Redis conneted","timestamp":"2025-10-17T06:01:22.297Z"}
{"level":"info","message":"Database connected","timestamp":"2025-10-17T06:01:22.305Z"}
{"level":"info","message":"Cron job started: Sending request to http://localhost:4000 every 10 minutes","timestamp":"2025-10-17T06:01:22.359Z"}
{"level":"info","message":"Server started at port","timestamp":"2025-10-17T06:01:22.361Z"}
{"level":"info","message":"http://localhost:4000","timestamp":"2025-10-17T06:01:22.363Z"}
{"level":"info","message":"📊 Metrics available at http://localhost:4000/metrics","timestamp":"2025-10-17T06:01:22.364Z"}
{"level":"info","message":"Redis conneted","timestamp":"2025-10-17T06:01:27.504Z"}
{"level":"info","message":"Database connected","timestamp":"2025-10-17T06:01:27.517Z"}
{"level":"info","message":"Cron job started: Sending request to http://localhost:4000 every 10 minutes","timestamp":"2025-10-17T06:01:27.557Z"}
{"level":"info","message":"Server started at port","timestamp":"2025-10-17T06:01:27.559Z"}
{"level":"info","message":"http://localhost:4000","timestamp":"2025-10-17T06:01:27.559Z"}
{"level":"info","message":"📊 Metrics available at http://localhost:4000/metrics","timestamp":"2025-10-17T06:01:27.559Z"}
{"level":"info","message":"Redis conneted","timestamp":"2025-10-17T06:01:30.500Z"}
{"level":"info","message":"Database connected","timestamp":"2025-10-17T06:01:30.520Z"}
{"level":"info","message":"Cron job started: Sending request to http://localhost:4000 every 10 minutes","timestamp":"2025-10-17T06:01:30.589Z"}
{"level":"info","message":"Server started at port","timestamp":"2025-10-17T06:01:30.591Z"}
{"level":"info","message":"http://localhost:4000","timestamp":"2025-10-17T06:01:30.592Z"}
{"level":"info","message":"📊 Metrics available at http://localhost:4000/metrics","timestamp":"2025-10-17T06:01:30.593Z"}
{"level":"info","message":"Redis conneted","timestamp":"2025-10-17T06:01:34.683Z"}
{"level":"info","message":"Database connected","timestamp":"2025-10-17T06:01:34.696Z"}
{"level":"info","message":"Cron job started: Sending request to http://localhost:4000 every 10 minutes","timestamp":"2025-10-17T06:01:34.726Z"}
{"level":"info","message":"Server started at port","timestamp":"2025-10-17T06:01:34.727Z"}
{"level":"info","message":"http://localhost:4000","timestamp":"2025-10-17T06:01:34.727Z"}
{"level":"info","message":"📊 Metrics available at http://localhost:4000/metrics","timestamp":"2025-10-17T06:01:34.728Z"}
{"level":"info","message":"Redis conneted","timestamp":"2025-10-17T06:01:38.089Z"}
{"level":"info","message":"Database connected","timestamp":"2025-10-17T06:01:38.108Z"}
{"level":"info","message":"Cron job started: Sending request to http://localhost:4000 every 10 minutes","timestamp":"2025-10-17T06:01:38.151Z"}
{"level":"info","message":"Server started at port","timestamp":"2025-10-17T06:01:38.152Z"}
{"level":"info","message":"http://localhost:4000","timestamp":"2025-10-17T06:01:38.152Z"}
{"level":"info","message":"📊 Metrics available at http://localhost:4000/metrics","timestamp":"2025-10-17T06:01:38.153Z"}
{"level":"info","message":"Redis conneted","timestamp":"2025-10-17T06:01:46.457Z"}
{"level":"info","message":"Database connected","timestamp":"2025-10-17T06:01:46.477Z"}
{"level":"info","message":"Cron job started: Sending request to http://localhost:4000 every 10 minutes","timestamp":"2025-10-17T06:01:46.537Z"}
{"level":"info","message":"Server started at port","timestamp":"2025-10-17T06:01:46.538Z"}
{"level":"info","message":"http://localhost:4000","timestamp":"2025-10-17T06:01:46.538Z"}
{"level":"info","message":"📊 Metrics available at http://localhost:4000/metrics","timestamp":"2025-10-17T06:01:46.539Z"}
{"level":"info","message":"Redis conneted","timestamp":"2025-10-17T06:01:48.373Z"}
{"level":"info","message":"Database connected","timestamp":"2025-10-17T06:01:48.384Z"}
{"level":"info","message":"Cron job started: Sending request to http://localhost:4000 every 10 minutes","timestamp":"2025-10-17T06:01:48.413Z"}
{"level":"info","message":"Server started at port","timestamp":"2025-10-17T06:01:48.414Z"}
{"level":"info","message":"http://localhost:4000","timestamp":"2025-10-17T06:01:48.414Z"}
{"level":"info","message":"📊 Metrics available at http://localhost:4000/metrics","timestamp":"2025-10-17T06:01:48.415Z"}
{"level":"info","message":"Redis conneted","timestamp":"2025-10-17T06:01:52.810Z"}
{"level":"info","message":"Database connected","timestamp":"2025-10-17T06:01:52.831Z"}
{"level":"info","message":"Cron job started: Sending request to http://localhost:4000 every 10 minutes","timestamp":"2025-10-17T06:01:52.868Z"}
{"level":"info","message":"Server started at port","timestamp":"2025-10-17T06:01:52.869Z"}
{"level":"info","message":"http://localhost:4000","timestamp":"2025-10-17T06:01:52.869Z"}
{"level":"info","message":"📊 Metrics available at http://localhost:4000/metrics","timestamp":"2025-10-17T06:01:52.869Z"}
{"level":"info","message":"Redis conneted","timestamp":"2025-10-17T06:05:04.674Z"}
{"level":"info","message":"Database connected","timestamp":"2025-10-17T06:05:04.693Z"}
{"level":"info","message":"Cron job started: Sending request to http://localhost:4000 every 10 minutes","timestamp":"2025-10-17T06:05:04.753Z"}
{"level":"info","message":"Server started at port","timestamp":"2025-10-17T06:05:04.755Z"}
{"level":"info","message":"http://localhost:4000","timestamp":"2025-10-17T06:05:04.756Z"}
{"level":"info","message":"📊 Metrics available at http://localhost:4000/metrics","timestamp":"2025-10-17T06:05:04.757Z"}
{"level":"info","message":"Redis conneted","timestamp":"2025-10-17T06:05:06.579Z"}
{"level":"info","message":"Database connected","timestamp":"2025-10-17T06:05:06.593Z"}
{"level":"info","message":"Cron job started: Sending request to http://localhost:4000 every 10 minutes","timestamp":"2025-10-17T06:05:06.682Z"}
{"level":"info","message":"Server started at port","timestamp":"2025-10-17T06:05:06.684Z"}
{"level":"info","message":"http://localhost:4000","timestamp":"2025-10-17T06:05:06.684Z"}
{"level":"info","message":"📊 Metrics available at http://localhost:4000/metrics","timestamp":"2025-10-17T06:05:06.685Z"}
{"level":"info","message":"Redis conneted","timestamp":"2025-10-17T06:05:11.741Z"}
{"level":"info","message":"Database connected","timestamp":"2025-10-17T06:05:11.765Z"}
{"level":"info","message":"Cron job started: Sending request to http://localhost:4000 every 10 minutes","timestamp":"2025-10-17T06:05:11.831Z"}
{"level":"info","message":"Server started at port","timestamp":"2025-10-17T06:05:11.832Z"}
{"level":"info","message":"http://localhost:4000","timestamp":"2025-10-17T06:05:11.832Z"}
{"level":"info","message":"📊 Metrics available at http://localhost:4000/metrics","timestamp":"2025-10-17T06:05:11.833Z"}
{"level":"info","message":"Redis conneted","timestamp":"2025-10-17T06:05:14.407Z"}
{"level":"info","message":"Database connected","timestamp":"2025-10-17T06:05:14.427Z"}
{"level":"info","message":"Cron job started: Sending request to http://localhost:4000 every 10 minutes","timestamp":"2025-10-17T06:05:14.476Z"}
{"level":"info","message":"Server started at port","timestamp":"2025-10-17T06:05:14.478Z"}
{"level":"info","message":"http://localhost:4000","timestamp":"2025-10-17T06:05:14.479Z"}
{"level":"info","message":"📊 Metrics available at http://localhost:4000/metrics","timestamp":"2025-10-17T06:05:14.480Z"}
{"level":"info","message":"Redis conneted","timestamp":"2025-10-17T06:05:18.308Z"}
{"level":"info","message":"Database connected","timestamp":"2025-10-17T06:05:18.327Z"}
{"level":"info","message":"Cron job started: Sending request to http://localhost:4000 every 10 minutes","timestamp":"2025-10-17T06:05:18.366Z"}
{"level":"info","message":"Server started at port","timestamp":"2025-10-17T06:05:18.367Z"}
{"level":"info","message":"http://localhost:4000","timestamp":"2025-10-17T06:05:18.368Z"}
{"level":"info","message":"📊 Metrics available at http://localhost:4000/metrics","timestamp":"2025-10-17T06:05:18.368Z"}
{"level":"info","message":"Redis conneted","timestamp":"2025-10-17T06:05:29.596Z"}
{"level":"info","message":"Database connected","timestamp":"2025-10-17T06:05:29.608Z"}
{"level":"info","message":"Cron job started: Sending request to http://localhost:4000 every 10 minutes","timestamp":"2025-10-17T06:05:29.642Z"}
{"level":"info","message":"Server started at port","timestamp":"2025-10-17T06:05:29.644Z"}
{"level":"info","message":"http://localhost:4000","timestamp":"2025-10-17T06:05:29.645Z"}
{"level":"info","message":"📊 Metrics available at http://localhost:4000/metrics","timestamp":"2025-10-17T06:05:29.645Z"}
{"level":"info","message":"Redis conneted","timestamp":"2025-10-17T06:05:33.793Z"}
{"level":"info","message":"Database connected","timestamp":"2025-10-17T06:05:33.802Z"}
{"level":"info","message":"Cron job started: Sending request to http://localhost:4000 every 10 minutes","timestamp":"2025-10-17T06:05:33.831Z"}
{"level":"info","message":"Server started at port","timestamp":"2025-10-17T06:05:33.832Z"}
{"level":"info","message":"http://localhost:4000","timestamp":"2025-10-17T06:05:33.833Z"}
{"level":"info","message":"📊 Metrics available at http://localhost:4000/metrics","timestamp":"2025-10-17T06:05:33.834Z"}
{"level":"info","message":"Redis conneted","timestamp":"2025-10-17T06:06:11.014Z"}
{"level":"info","message":"Database connected","timestamp":"2025-10-17T06:06:11.039Z"}
{"level":"info","message":"Cron job started: Sending request to http://localhost:4000 every 10 minutes","timestamp":"2025-10-17T06:06:11.078Z"}
{"level":"info","message":"Server started at port","timestamp":"2025-10-17T06:06:11.079Z"}
{"level":"info","message":"http://localhost:4000","timestamp":"2025-10-17T06:06:11.080Z"}
{"level":"info","message":"📊 Metrics available at http://localhost:4000/metrics","timestamp":"2025-10-17T06:06:11.080Z"}
{"level":"info","message":"Redis conneted","timestamp":"2025-10-17T06:06:12.792Z"}
{"level":"info","message":"Database connected","timestamp":"2025-10-17T06:06:12.802Z"}
{"level":"info","message":"Cron job started: Sending request to http://localhost:4000 every 10 minutes","timestamp":"2025-10-17T06:06:12.849Z"}
{"level":"info","message":"Server started at port","timestamp":"2025-10-17T06:06:12.852Z"}
{"level":"info","message":"http://localhost:4000","timestamp":"2025-10-17T06:06:12.853Z"}
{"level":"info","message":"📊 Metrics available at http://localhost:4000/metrics","timestamp":"2025-10-17T06:06:12.854Z"}
{"level":"info","message":"Redis conneted","timestamp":"2025-10-17T06:06:18.120Z"}
{"level":"info","message":"Database connected","timestamp":"2025-10-17T06:06:18.129Z"}
{"level":"info","message":"Cron job started: Sending request to http://localhost:4000 every 10 minutes","timestamp":"2025-10-17T06:06:18.185Z"}
{"level":"info","message":"Server started at port","timestamp":"2025-10-17T06:06:18.187Z"}
{"level":"info","message":"http://localhost:4000","timestamp":"2025-10-17T06:06:18.188Z"}
{"level":"info","message":"📊 Metrics available at http://localhost:4000/metrics","timestamp":"2025-10-17T06:06:18.188Z"}
{"level":"info","message":"Redis conneted","timestamp":"2025-10-17T06:06:20.024Z"}
{"level":"info","message":"Database connected","timestamp":"2025-10-17T06:06:20.045Z"}
{"level":"info","message":"Cron job started: Sending request to http://localhost:4000 every 10 minutes","timestamp":"2025-10-17T06:06:20.089Z"}
{"level":"info","message":"Server started at port","timestamp":"2025-10-17T06:06:20.090Z"}
{"level":"info","message":"http://localhost:4000","timestamp":"2025-10-17T06:06:20.090Z"}
{"level":"info","message":"📊 Metrics available at http://localhost:4000/metrics","timestamp":"2025-10-17T06:06:20.091Z"}
{"level":"info","message":"Redis conneted","timestamp":"2025-10-17T06:06:31.140Z"}
{"level":"info","message":"Database connected","timestamp":"2025-10-17T06:06:31.156Z"}
{"level":"info","message":"Cron job started: Sending request to http://localhost:4000 every 10 minutes","timestamp":"2025-10-17T06:06:31.196Z"}
{"level":"info","message":"Server started at port","timestamp":"2025-10-17T06:06:31.198Z"}
{"level":"info","message":"http://localhost:4000","timestamp":"2025-10-17T06:06:31.199Z"}
{"level":"info","message":"📊 Metrics available at http://localhost:4000/metrics","timestamp":"2025-10-17T06:06:31.199Z"}
{"level":"info","message":"Redis conneted","timestamp":"2025-10-17T06:07:05.083Z"}
{"level":"info","message":"Database connected","timestamp":"2025-10-17T06:07:05.106Z"}
{"level":"info","message":"Cron job started: Sending request to http://localhost:4000 every 10 minutes","timestamp":"2025-10-17T06:07:05.183Z"}
{"level":"info","message":"Server started at port","timestamp":"2025-10-17T06:07:05.184Z"}
{"level":"info","message":"http://localhost:4000","timestamp":"2025-10-17T06:07:05.185Z"}
{"level":"info","message":"📊 Metrics available at http://localhost:4000/metrics","timestamp":"2025-10-17T06:07:05.185Z"}
{"level":"info","message":"Redis conneted","timestamp":"2025-10-17T06:07:56.289Z"}
{"level":"info","message":"Database connected","timestamp":"2025-10-17T06:07:56.303Z"}
{"level":"info","message":"Cron job started: Sending request to http://localhost:4000 every 10 minutes","timestamp":"2025-10-17T06:07:56.340Z"}
{"level":"info","message":"Server started at port","timestamp":"2025-10-17T06:07:56.341Z"}
{"level":"info","message":"http://localhost:4000","timestamp":"2025-10-17T06:07:56.341Z"}
{"level":"info","message":"📊 Metrics available at http://localhost:4000/metrics","timestamp":"2025-10-17T06:07:56.342Z"}
{"level":"info","message":"Redis conneted","timestamp":"2025-10-17T06:08:09.954Z"}
{"level":"info","message":"Database connected","timestamp":"2025-10-17T06:08:09.974Z"}
{"level":"info","message":"Cron job started: Sending request to http://localhost:4000 every 10 minutes","timestamp":"2025-10-17T06:08:10.029Z"}
{"level":"info","message":"Server started at port","timestamp":"2025-10-17T06:08:10.030Z"}
{"level":"info","message":"http://localhost:4000","timestamp":"2025-10-17T06:08:10.031Z"}
{"level":"info","message":"📊 Metrics available at http://localhost:4000/metrics","timestamp":"2025-10-17T06:08:10.031Z"}
{"level":"info","message":"Redis conneted","timestamp":"2025-10-17T06:08:11.876Z"}
{"level":"info","message":"Database connected","timestamp":"2025-10-17T06:08:11.883Z"}
{"level":"info","message":"Cron job started: Sending request to http://localhost:4000 every 10 minutes","timestamp":"2025-10-17T06:08:11.930Z"}
{"level":"info","message":"Server started at port","timestamp":"2025-10-17T06:08:11.931Z"}
{"level":"info","message":"http://localhost:4000","timestamp":"2025-10-17T06:08:11.932Z"}
{"level":"info","message":"📊 Metrics available at http://localhost:4000/metrics","timestamp":"2025-10-17T06:08:11.932Z"}
{"level":"info","message":"Redis conneted","timestamp":"2025-10-17T06:08:16.531Z"}
{"level":"info","message":"Database connected","timestamp":"2025-10-17T06:08:16.539Z"}
{"level":"info","message":"Cron job started: Sending request to http://localhost:4000 every 10 minutes","timestamp":"2025-10-17T06:08:16.578Z"}
{"level":"info","message":"Server started at port","timestamp":"2025-10-17T06:08:16.580Z"}
{"level":"info","message":"http://localhost:4000","timestamp":"2025-10-17T06:08:16.581Z"}
{"level":"info","message":"📊 Metrics available at http://localhost:4000/metrics","timestamp":"2025-10-17T06:08:16.581Z"}
{"level":"info","message":"Redis conneted","timestamp":"2025-10-17T06:08:19.825Z"}
{"level":"info","message":"Database connected","timestamp":"2025-10-17T06:08:19.837Z"}
{"level":"info","message":"Cron job started: Sending request to http://localhost:4000 every 10 minutes","timestamp":"2025-10-17T06:08:19.867Z"}
{"level":"info","message":"Server started at port","timestamp":"2025-10-17T06:08:19.868Z"}
{"level":"info","message":"http://localhost:4000","timestamp":"2025-10-17T06:08:19.870Z"}
{"level":"info","message":"📊 Metrics available at http://localhost:4000/metrics","timestamp":"2025-10-17T06:08:19.870Z"}
{"level":"info","message":"Redis conneted","timestamp":"2025-10-17T06:08:23.484Z"}
{"level":"info","message":"Database connected","timestamp":"2025-10-17T06:08:23.495Z"}
{"level":"info","message":"Cron job started: Sending request to http://localhost:4000 every 10 minutes","timestamp":"2025-10-17T06:08:23.553Z"}
{"level":"info","message":"Server started at port","timestamp":"2025-10-17T06:08:23.556Z"}
{"level":"info","message":"http://localhost:4000","timestamp":"2025-10-17T06:08:23.561Z"}
{"level":"info","message":"📊 Metrics available at http://localhost:4000/metrics","timestamp":"2025-10-17T06:08:23.563Z"}
{"level":"info","message":"Redis conneted","timestamp":"2025-10-17T06:08:28.167Z"}
{"level":"info","message":"Database connected","timestamp":"2025-10-17T06:08:28.183Z"}
{"level":"info","message":"Cron job started: Sending request to http://localhost:4000 every 10 minutes","timestamp":"2025-10-17T06:08:28.254Z"}
{"level":"info","message":"Server started at port","timestamp":"2025-10-17T06:08:28.255Z"}
{"level":"info","message":"http://localhost:4000","timestamp":"2025-10-17T06:08:28.255Z"}
{"level":"info","message":"📊 Metrics available at http://localhost:4000/metrics","timestamp":"2025-10-17T06:08:28.256Z"}
{"level":"info","message":"Redis conneted","timestamp":"2025-10-17T06:08:48.443Z"}
{"level":"info","message":"Database connected","timestamp":"2025-10-17T06:08:48.458Z"}
{"level":"info","message":"Cron job started: Sending request to http://localhost:4000 every 10 minutes","timestamp":"2025-10-17T06:08:48.533Z"}
{"level":"info","message":"Server started at port","timestamp":"2025-10-17T06:08:48.534Z"}
{"level":"info","message":"http://localhost:4000","timestamp":"2025-10-17T06:08:48.534Z"}
{"level":"info","message":"📊 Metrics available at http://localhost:4000/metrics","timestamp":"2025-10-17T06:08:48.535Z"}
{"level":"info","message":"Redis conneted","timestamp":"2025-10-17T06:08:52.469Z"}
{"level":"info","message":"Database connected","timestamp":"2025-10-17T06:08:52.476Z"}
{"level":"info","message":"Cron job started: Sending request to http://localhost:4000 every 10 minutes","timestamp":"2025-10-17T06:08:52.505Z"}
{"level":"info","message":"Server started at port","timestamp":"2025-10-17T06:08:52.506Z"}
{"level":"info","message":"http://localhost:4000","timestamp":"2025-10-17T06:08:52.507Z"}
{"level":"info","message":"📊 Metrics available at http://localhost:4000/metrics","timestamp":"2025-10-17T06:08:52.508Z"}
{"level":"info","message":"Redis conneted","timestamp":"2025-10-17T06:09:02.526Z"}
{"level":"info","message":"Database connected","timestamp":"2025-10-17T06:09:02.540Z"}
{"level":"info","message":"Cron job started: Sending request to http://localhost:4000 every 10 minutes","timestamp":"2025-10-17T06:09:02.578Z"}
{"level":"info","message":"Server started at port","timestamp":"2025-10-17T06:09:02.579Z"}
{"level":"info","message":"http://localhost:4000","timestamp":"2025-10-17T06:09:02.579Z"}
{"level":"info","message":"📊 Metrics available at http://localhost:4000/metrics","timestamp":"2025-10-17T06:09:02.580Z"}
{"level":"info","message":"Redis conneted","timestamp":"2025-10-17T06:09:19.015Z"}
{"level":"info","message":"Database connected","timestamp":"2025-10-17T06:09:19.029Z"}
{"level":"info","message":"Cron job started: Sending request to http://localhost:4000 every 10 minutes","timestamp":"2025-10-17T06:09:19.060Z"}
{"level":"info","message":"Server started at port","timestamp":"2025-10-17T06:09:19.061Z"}
{"level":"info","message":"http://localhost:4000","timestamp":"2025-10-17T06:09:19.061Z"}
{"level":"info","message":"📊 Metrics available at http://localhost:4000/metrics","timestamp":"2025-10-17T06:09:19.062Z"}
{"level":"info","message":"Redis conneted","timestamp":"2025-10-17T06:09:20.733Z"}
{"level":"info","message":"Database connected","timestamp":"2025-10-17T06:09:20.747Z"}
{"level":"info","message":"Cron job started: Sending request to http://localhost:4000 every 10 minutes","timestamp":"2025-10-17T06:09:20.777Z"}
{"level":"info","message":"Server started at port","timestamp":"2025-10-17T06:09:20.777Z"}
{"level":"info","message":"http://localhost:4000","timestamp":"2025-10-17T06:09:20.778Z"}
{"level":"info","message":"📊 Metrics available at http://localhost:4000/metrics","timestamp":"2025-10-17T06:09:20.778Z"}
{"level":"info","message":"Redis conneted","timestamp":"2025-10-17T06:09:22.177Z"}
{"level":"info","message":"Database connected","timestamp":"2025-10-17T06:09:22.194Z"}
{"level":"info","message":"Cron job started: Sending request to http://localhost:4000 every 10 minutes","timestamp":"2025-10-17T06:09:22.251Z"}
{"level":"info","message":"Server started at port","timestamp":"2025-10-17T06:09:22.252Z"}
{"level":"info","message":"http://localhost:4000","timestamp":"2025-10-17T06:09:22.253Z"}
{"level":"info","message":"📊 Metrics available at http://localhost:4000/metrics","timestamp":"2025-10-17T06:09:22.253Z"}
{"level":"info","message":"Redis conneted","timestamp":"2025-10-17T06:09:28.364Z"}
{"level":"info","message":"Database connected","timestamp":"2025-10-17T06:09:28.378Z"}
{"level":"info","message":"Cron job started: Sending request to http://localhost:4000 every 10 minutes","timestamp":"2025-10-17T06:09:28.411Z"}
{"level":"info","message":"Server started at port","timestamp":"2025-10-17T06:09:28.412Z"}
{"level":"info","message":"http://localhost:4000","timestamp":"2025-10-17T06:09:28.412Z"}
{"level":"info","message":"📊 Metrics available at http://localhost:4000/metrics","timestamp":"2025-10-17T06:09:28.412Z"}
{"level":"info","message":"Redis conneted","timestamp":"2025-10-17T06:09:31.232Z"}
{"level":"info","message":"Database connected","timestamp":"2025-10-17T06:09:31.250Z"}
{"level":"info","message":"Cron job started: Sending request to http://localhost:4000 every 10 minutes","timestamp":"2025-10-17T06:09:31.285Z"}
{"level":"info","message":"Server started at port","timestamp":"2025-10-17T06:09:31.288Z"}
{"level":"info","message":"http://localhost:4000","timestamp":"2025-10-17T06:09:31.290Z"}
{"level":"info","message":"📊 Metrics available at http://localhost:4000/metrics","timestamp":"2025-10-17T06:09:31.291Z"}
{"level":"info","message":"Cron job success: http://localhost:4000 - Status: 200","timestamp":"2025-10-17T06:10:00.049Z"}
{"level":"info","message":"User data fetched: thecodeping@gmail.com","timestamp":"2025-10-17T06:10:25.620Z"}
{"level":"info","message":"User data fetched: thecodeping@gmail.com","timestamp":"2025-10-17T06:10:25.629Z"}
{"level":"warn","message":"No bookmarks found for user 41","timestamp":"2025-10-17T06:10:25.849Z"}
{"ip":"::1","level":"error","message":"No bookmarks found","method":"GET","stack":"Error: No bookmarks found\n    at getMyBookmarks (file:///home/faizcasm/Desktop/zanly/server/src/controllers/bookmark.controller.js:95:17)","statusCode":404,"timestamp":"2025-10-17T06:10:25.851Z","url":"/api/v1/bookmark/get"}
{"level":"warn","message":"No bookmarks found for user 41","timestamp":"2025-10-17T06:10:25.863Z"}
{"ip":"::1","level":"error","message":"No bookmarks found","method":"GET","stack":"Error: No bookmarks found\n    at getMyBookmarks (file:///home/faizcasm/Desktop/zanly/server/src/controllers/bookmark.controller.js:95:17)","statusCode":404,"timestamp":"2025-10-17T06:10:25.864Z","url":"/api/v1/bookmark/get"}
{"level":"info","message":"User logged out: thecodeping@gmail.com","timestamp":"2025-10-17T06:10:28.272Z"}
{"level":"info","message":"OTP sent for password reset: faizanhameed690@gmail.com","timestamp":"2025-10-17T06:10:34.966Z"}
{"level":"info","message":"Redis conneted","timestamp":"2025-10-17T06:11:36.232Z"}
{"level":"info","message":"Database connected","timestamp":"2025-10-17T06:11:36.244Z"}
{"level":"info","message":"Cron job started: Sending request to http://localhost:4000 every 10 minutes","timestamp":"2025-10-17T06:11:36.268Z"}
{"level":"info","message":"Server started at port","timestamp":"2025-10-17T06:11:36.269Z"}
{"level":"info","message":"http://localhost:4000","timestamp":"2025-10-17T06:11:36.270Z"}
{"level":"info","message":"📊 Metrics available at http://localhost:4000/metrics","timestamp":"2025-10-17T06:11:36.270Z"}
{"level":"info","message":"OTP sent for password reset: faizanhameed690@gmail.com","timestamp":"2025-10-17T06:11:46.507Z"}
{"level":"info","message":"Redis conneted","timestamp":"2025-10-17T06:12:27.529Z"}
{"level":"info","message":"Redis conneted","timestamp":"2025-10-17T06:12:28.863Z"}
{"level":"info","message":"Database connected","timestamp":"2025-10-17T06:12:28.875Z"}
{"level":"info","message":"Cron job started: Sending request to http://localhost:4000 every 10 minutes","timestamp":"2025-10-17T06:12:28.902Z"}
{"level":"info","message":"Server started at port","timestamp":"2025-10-17T06:12:28.902Z"}
{"level":"info","message":"http://localhost:4000","timestamp":"2025-10-17T06:12:28.903Z"}
{"level":"info","message":"📊 Metrics available at http://localhost:4000/metrics","timestamp":"2025-10-17T06:12:28.903Z"}
{"level":"info","message":"Redis conneted","timestamp":"2025-10-17T06:12:30.889Z"}
{"level":"info","message":"Database connected","timestamp":"2025-10-17T06:12:30.897Z"}
{"level":"info","message":"Cron job started: Sending request to http://localhost:4000 every 10 minutes","timestamp":"2025-10-17T06:12:30.933Z"}
{"level":"info","message":"Server started at port","timestamp":"2025-10-17T06:12:30.934Z"}
{"level":"info","message":"http://localhost:4000","timestamp":"2025-10-17T06:12:30.934Z"}
{"level":"info","message":"📊 Metrics available at http://localhost:4000/metrics","timestamp":"2025-10-17T06:12:30.935Z"}
{"level":"info","message":"OTP sent for password reset: faizanhameed690@gmail.com","timestamp":"2025-10-17T06:12:37.478Z"}
{"level":"info","message":"Redis conneted","timestamp":"2025-10-17T06:13:05.546Z"}
{"level":"info","message":"Database connected","timestamp":"2025-10-17T06:13:05.558Z"}
{"level":"info","message":"Cron job started: Sending request to http://localhost:4000 every 10 minutes","timestamp":"2025-10-17T06:13:05.583Z"}
{"level":"info","message":"Server started at port","timestamp":"2025-10-17T06:13:05.584Z"}
{"level":"info","message":"http://localhost:4000","timestamp":"2025-10-17T06:13:05.584Z"}
{"level":"info","message":"📊 Metrics available at http://localhost:4000/metrics","timestamp":"2025-10-17T06:13:05.585Z"}
{"level":"info","message":"Redis conneted","timestamp":"2025-10-17T06:13:12.084Z"}
{"level":"info","message":"Database connected","timestamp":"2025-10-17T06:13:12.099Z"}
{"level":"info","message":"Cron job started: Sending request to http://localhost:4000 every 10 minutes","timestamp":"2025-10-17T06:13:12.134Z"}
{"level":"info","message":"Server started at port","timestamp":"2025-10-17T06:13:12.135Z"}
{"level":"info","message":"http://localhost:4000","timestamp":"2025-10-17T06:13:12.135Z"}
{"level":"info","message":"📊 Metrics available at http://localhost:4000/metrics","timestamp":"2025-10-17T06:13:12.136Z"}
{"level":"info","message":"Redis conneted","timestamp":"2025-10-17T06:13:16.053Z"}
{"level":"info","message":"Database connected","timestamp":"2025-10-17T06:13:16.066Z"}
{"level":"info","message":"Cron job started: Sending request to http://localhost:4000 every 10 minutes","timestamp":"2025-10-17T06:13:16.091Z"}
{"level":"info","message":"Server started at port","timestamp":"2025-10-17T06:13:16.092Z"}
{"level":"info","message":"http://localhost:4000","timestamp":"2025-10-17T06:13:16.092Z"}
{"level":"info","message":"📊 Metrics available at http://localhost:4000/metrics","timestamp":"2025-10-17T06:13:16.093Z"}
{"level":"info","message":"Redis conneted","timestamp":"2025-10-17T06:13:17.727Z"}
{"level":"info","message":"Database connected","timestamp":"2025-10-17T06:13:17.739Z"}
{"level":"info","message":"Cron job started: Sending request to http://localhost:4000 every 10 minutes","timestamp":"2025-10-17T06:13:17.763Z"}
{"level":"info","message":"Server started at port","timestamp":"2025-10-17T06:13:17.764Z"}
{"level":"info","message":"http://localhost:4000","timestamp":"2025-10-17T06:13:17.764Z"}
{"level":"info","message":"📊 Metrics available at http://localhost:4000/metrics","timestamp":"2025-10-17T06:13:17.764Z"}
{"level":"info","message":"Redis conneted","timestamp":"2025-10-17T06:13:22.924Z"}
{"level":"info","message":"Database connected","timestamp":"2025-10-17T06:13:22.936Z"}
{"level":"info","message":"Cron job started: Sending request to http://localhost:4000 every 10 minutes","timestamp":"2025-10-17T06:13:22.962Z"}
{"level":"info","message":"Server started at port","timestamp":"2025-10-17T06:13:22.963Z"}
{"level":"info","message":"http://localhost:4000","timestamp":"2025-10-17T06:13:22.963Z"}
{"level":"info","message":"📊 Metrics available at http://localhost:4000/metrics","timestamp":"2025-10-17T06:13:22.963Z"}
{"level":"info","message":"OTP sent for password reset: faizanhameed690@gmail.com","timestamp":"2025-10-17T06:13:26.647Z"}
{"level":"info","message":"Redis conneted","timestamp":"2025-10-17T06:14:03.036Z"}
{"level":"info","message":"Database connected","timestamp":"2025-10-17T06:14:03.056Z"}
{"level":"info","message":"Cron job started: Sending request to http://localhost:4000 every 10 minutes","timestamp":"2025-10-17T06:14:03.096Z"}
{"level":"info","message":"Server started at port","timestamp":"2025-10-17T06:14:03.097Z"}
{"level":"info","message":"http://localhost:4000","timestamp":"2025-10-17T06:14:03.098Z"}
{"level":"info","message":"📊 Metrics available at http://localhost:4000/metrics","timestamp":"2025-10-17T06:14:03.098Z"}
{"level":"info","message":"Redis conneted","timestamp":"2025-10-17T06:14:05.730Z"}
{"level":"info","message":"Database connected","timestamp":"2025-10-17T06:14:05.750Z"}
{"level":"info","message":"Cron job started: Sending request to http://localhost:4000 every 10 minutes","timestamp":"2025-10-17T06:14:05.790Z"}
{"level":"info","message":"Server started at port","timestamp":"2025-10-17T06:14:05.791Z"}
{"level":"info","message":"http://localhost:4000","timestamp":"2025-10-17T06:14:05.791Z"}
{"level":"info","message":"📊 Metrics available at http://localhost:4000/metrics","timestamp":"2025-10-17T06:14:05.792Z"}
{"level":"info","message":"Redis conneted","timestamp":"2025-10-17T06:14:09.049Z"}
{"level":"info","message":"Database connected","timestamp":"2025-10-17T06:14:09.068Z"}
{"level":"info","message":"Cron job started: Sending request to http://localhost:4000 every 10 minutes","timestamp":"2025-10-17T06:14:09.122Z"}
{"level":"info","message":"Server started at port","timestamp":"2025-10-17T06:14:09.124Z"}
{"level":"info","message":"http://localhost:4000","timestamp":"2025-10-17T06:14:09.126Z"}
{"level":"info","message":"📊 Metrics available at http://localhost:4000/metrics","timestamp":"2025-10-17T06:14:09.127Z"}
{"level":"info","message":"Redis conneted","timestamp":"2025-10-17T06:14:13.056Z"}
{"level":"info","message":"Database connected","timestamp":"2025-10-17T06:14:13.069Z"}
{"level":"info","message":"Cron job started: Sending request to http://localhost:4000 every 10 minutes","timestamp":"2025-10-17T06:14:13.107Z"}
{"level":"info","message":"Server started at port","timestamp":"2025-10-17T06:14:13.110Z"}
{"level":"info","message":"http://localhost:4000","timestamp":"2025-10-17T06:14:13.111Z"}
{"level":"info","message":"📊 Metrics available at http://localhost:4000/metrics","timestamp":"2025-10-17T06:14:13.112Z"}
{"level":"info","message":"OTP sent for password reset: faizanhameed690@gmail.com","timestamp":"2025-10-17T06:14:24.005Z"}
{"accessToken":"ya29.a0AQQ_BDSHEF8l1bD5KrMdzn8fbhKQfb9VaQtbwjvvE8Dr9-8n9Lv2ecf5B4rP9oUX2Qi3S6u3u7P5Gv98fdAxPBgivp6WjMdCVAE0TEIZYXmgb-CkOEmO7uXGg6bJioUGnDLHLjNtDXA5LRTV8agZ8eAJvH9aVvMEQSL6xHb7Z_1YuqZBS3Pi5jksm2w2jxIEJ8WUYkXQaCgYKAVoSARQSFQHGX2MiKjgFHXIKWQWUXGeeJH8z0Q0207","email":"faizanhameed690@gmail.com","image":"https://lh3.googleusercontent.com/a/ACg8ocJNezmPuPTLe-fI4xdR_uzi-wv30QIp9iGS65ktXANla_veBZUK=s96-c","level":"info","message":"OAuth login for existing user","name":"Faizan Hameed Tantray","timestamp":"2025-10-17T06:14:47.788Z"}
{"level":"info","message":"User data fetched: faizanhameed690@gmail.com","timestamp":"2025-10-17T06:14:48.390Z"}
{"level":"info","message":"User data fetched: faizanhameed690@gmail.com","timestamp":"2025-10-17T06:14:48.398Z"}
{"level":"warn","message":"No bookmarks found for user 38","timestamp":"2025-10-17T06:14:48.522Z"}
{"ip":"::1","level":"error","message":"No bookmarks found","method":"GET","stack":"Error: No bookmarks found\n    at getMyBookmarks (file:///home/faizcasm/Desktop/zanly/server/src/controllers/bookmark.controller.js:95:17)","statusCode":404,"timestamp":"2025-10-17T06:14:48.524Z","url":"/api/v1/bookmark/get"}
{"level":"warn","message":"No bookmarks found for user 38","timestamp":"2025-10-17T06:14:48.550Z"}
{"ip":"::1","level":"error","message":"No bookmarks found","method":"GET","stack":"Error: No bookmarks found\n    at getMyBookmarks (file:///home/faizcasm/Desktop/zanly/server/src/controllers/bookmark.controller.js:95:17)","statusCode":404,"timestamp":"2025-10-17T06:14:48.550Z","url":"/api/v1/bookmark/get"}
{"level":"info","message":"User deleted: faizanhameed690@gmail.com","timestamp":"2025-10-17T06:14:54.146Z"}
{"level":"info","message":"New user signed up: faizanhameed690@gmail.com","timestamp":"2025-10-17T06:15:07.301Z"}
{"level":"info","message":"Cron job success: http://localhost:4000 - Status: 200","timestamp":"2025-10-17T06:20:00.048Z"}
{"level":"info","message":"Cron job success: http://localhost:4000 - Status: 200","timestamp":"2025-10-17T06:30:00.034Z"}
{"level":"info","message":"Cron job success: http://localhost:4000 - Status: 200","timestamp":"2025-10-17T06:40:00.030Z"}
{"level":"info","message":"Cron job success: http://localhost:4000 - Status: 200","timestamp":"2025-10-17T06:50:00.034Z"}
{"level":"info","message":"Cron job success: http://localhost:4000 - Status: 200","timestamp":"2025-10-17T07:00:00.031Z"}
{"level":"info","message":"Cron job success: http://localhost:4000 - Status: 200","timestamp":"2025-10-17T07:10:00.032Z"}
{"level":"info","message":"Redis conneted","timestamp":"2025-10-17T07:14:38.605Z"}
{"level":"info","message":"Database connected","timestamp":"2025-10-17T07:14:38.620Z"}
{"level":"info","message":"Cron job started: Sending request to http://localhost:4000 every 10 minutes","timestamp":"2025-10-17T07:14:38.647Z"}
{"level":"info","message":"Server started at port","timestamp":"2025-10-17T07:14:38.649Z"}
{"level":"info","message":"http://localhost:4000","timestamp":"2025-10-17T07:14:38.650Z"}
{"level":"info","message":"📊 Metrics available at http://localhost:4000/metrics","timestamp":"2025-10-17T07:14:38.650Z"}
{"level":"info","message":"Redis conneted","timestamp":"2025-10-17T07:14:50.669Z"}
{"level":"info","message":"Database connected","timestamp":"2025-10-17T07:14:50.681Z"}
{"level":"info","message":"Cron job started: Sending request to http://localhost:4000 every 10 minutes","timestamp":"2025-10-17T07:14:50.705Z"}
{"level":"info","message":"Server started at port","timestamp":"2025-10-17T07:14:50.705Z"}
{"level":"info","message":"http://localhost:4000","timestamp":"2025-10-17T07:14:50.706Z"}
{"level":"info","message":"📊 Metrics available at http://localhost:4000/metrics","timestamp":"2025-10-17T07:14:50.706Z"}
{"level":"info","message":"Redis conneted","timestamp":"2025-10-17T07:14:52.087Z"}
{"level":"info","message":"Redis conneted","timestamp":"2025-10-17T07:14:59.447Z"}
{"level":"info","message":"Database connected","timestamp":"2025-10-17T07:14:59.458Z"}
{"level":"info","message":"Cron job started: Sending request to http://localhost:4000 every 10 minutes","timestamp":"2025-10-17T07:14:59.482Z"}
{"level":"info","message":"Server started at port","timestamp":"2025-10-17T07:14:59.483Z"}
{"level":"info","message":"http://localhost:4000","timestamp":"2025-10-17T07:14:59.483Z"}
{"level":"info","message":"📊 Metrics available at http://localhost:4000/metrics","timestamp":"2025-10-17T07:14:59.483Z"}
{"level":"info","message":"Redis conneted","timestamp":"2025-10-17T07:15:03.205Z"}
{"level":"info","message":"Database connected","timestamp":"2025-10-17T07:15:03.217Z"}
{"level":"info","message":"Cron job started: Sending request to http://localhost:4000 every 10 minutes","timestamp":"2025-10-17T07:15:03.240Z"}
{"level":"info","message":"Server started at port","timestamp":"2025-10-17T07:15:03.241Z"}
{"level":"info","message":"http://localhost:4000","timestamp":"2025-10-17T07:15:03.241Z"}
{"level":"info","message":"📊 Metrics available at http://localhost:4000/metrics","timestamp":"2025-10-17T07:15:03.241Z"}
{"level":"info","message":"Redis conneted","timestamp":"2025-10-17T07:15:05.475Z"}
{"level":"info","message":"Database connected","timestamp":"2025-10-17T07:15:05.482Z"}
{"level":"info","message":"Cron job started: Sending request to http://localhost:4000 every 10 minutes","timestamp":"2025-10-17T07:15:05.512Z"}
{"level":"info","message":"Server started at port","timestamp":"2025-10-17T07:15:05.513Z"}
{"level":"info","message":"http://localhost:4000","timestamp":"2025-10-17T07:15:05.513Z"}
{"level":"info","message":"📊 Metrics available at http://localhost:4000/metrics","timestamp":"2025-10-17T07:15:05.514Z"}
{"level":"info","message":"Redis conneted","timestamp":"2025-10-17T07:15:13.918Z"}
{"level":"info","message":"Database connected","timestamp":"2025-10-17T07:15:13.930Z"}
{"level":"info","message":"Cron job started: Sending request to http://localhost:4000 every 10 minutes","timestamp":"2025-10-17T07:15:13.955Z"}
{"level":"info","message":"Server started at port","timestamp":"2025-10-17T07:15:13.956Z"}
{"level":"info","message":"http://localhost:4000","timestamp":"2025-10-17T07:15:13.956Z"}
{"level":"info","message":"📊 Metrics available at http://localhost:4000/metrics","timestamp":"2025-10-17T07:15:13.957Z"}
{"level":"info","message":"Redis conneted","timestamp":"2025-10-17T07:15:15.856Z"}
{"level":"info","message":"Database connected","timestamp":"2025-10-17T07:15:15.869Z"}
{"level":"info","message":"Cron job started: Sending request to http://localhost:4000 every 10 minutes","timestamp":"2025-10-17T07:15:15.893Z"}
{"level":"info","message":"Server started at port","timestamp":"2025-10-17T07:15:15.893Z"}
{"level":"info","message":"http://localhost:4000","timestamp":"2025-10-17T07:15:15.894Z"}
{"level":"info","message":"📊 Metrics available at http://localhost:4000/metrics","timestamp":"2025-10-17T07:15:15.894Z"}
{"level":"info","message":"Redis conneted","timestamp":"2025-10-17T07:15:52.454Z"}
{"level":"info","message":"Database connected","timestamp":"2025-10-17T07:15:52.460Z"}
{"level":"info","message":"Cron job started: Sending request to http://localhost:4000 every 10 minutes","timestamp":"2025-10-17T07:15:52.483Z"}
{"level":"info","message":"Server started at port","timestamp":"2025-10-17T07:15:52.484Z"}
{"level":"info","message":"http://localhost:4000","timestamp":"2025-10-17T07:15:52.485Z"}
{"level":"info","message":"📊 Metrics available at http://localhost:4000/metrics","timestamp":"2025-10-17T07:15:52.485Z"}
{"level":"info","message":"Redis conneted","timestamp":"2025-10-17T07:15:56.467Z"}
{"level":"info","message":"Database connected","timestamp":"2025-10-17T07:15:56.480Z"}
{"level":"info","message":"Cron job started: Sending request to http://localhost:4000 every 10 minutes","timestamp":"2025-10-17T07:15:56.502Z"}
{"level":"info","message":"Server started at port","timestamp":"2025-10-17T07:15:56.503Z"}
{"level":"info","message":"http://localhost:4000","timestamp":"2025-10-17T07:15:56.503Z"}
{"level":"info","message":"📊 Metrics available at http://localhost:4000/metrics","timestamp":"2025-10-17T07:15:56.504Z"}
{"level":"info","message":"Redis conneted","timestamp":"2025-10-17T07:15:57.753Z"}
{"level":"info","message":"Database connected","timestamp":"2025-10-17T07:15:57.769Z"}
{"level":"info","message":"Cron job started: Sending request to http://localhost:4000 every 10 minutes","timestamp":"2025-10-17T07:15:57.801Z"}
{"level":"info","message":"Server started at port","timestamp":"2025-10-17T07:15:57.802Z"}
{"level":"info","message":"http://localhost:4000","timestamp":"2025-10-17T07:15:57.803Z"}
{"level":"info","message":"📊 Metrics available at http://localhost:4000/metrics","timestamp":"2025-10-17T07:15:57.803Z"}
{"level":"info","message":"Redis conneted","timestamp":"2025-10-17T07:16:01.815Z"}
{"level":"info","message":"Database connected","timestamp":"2025-10-17T07:16:01.822Z"}
{"level":"info","message":"Cron job started: Sending request to http://localhost:4000 every 10 minutes","timestamp":"2025-10-17T07:16:01.857Z"}
{"level":"info","message":"Server started at port","timestamp":"2025-10-17T07:16:01.858Z"}
{"level":"info","message":"http://localhost:4000","timestamp":"2025-10-17T07:16:01.859Z"}
{"level":"info","message":"📊 Metrics available at http://localhost:4000/metrics","timestamp":"2025-10-17T07:16:01.859Z"}
{"level":"info","message":"Redis conneted","timestamp":"2025-10-17T07:16:03.606Z"}
{"level":"info","message":"Database connected","timestamp":"2025-10-17T07:16:03.618Z"}
{"level":"info","message":"Cron job started: Sending request to http://localhost:4000 every 10 minutes","timestamp":"2025-10-17T07:16:03.643Z"}
{"level":"info","message":"Server started at port","timestamp":"2025-10-17T07:16:03.644Z"}
{"level":"info","message":"http://localhost:4000","timestamp":"2025-10-17T07:16:03.645Z"}
{"level":"info","message":"📊 Metrics available at http://localhost:4000/metrics","timestamp":"2025-10-17T07:16:03.645Z"}
{"level":"info","message":"Redis conneted","timestamp":"2025-10-17T07:16:08.248Z"}
{"level":"info","message":"Database connected","timestamp":"2025-10-17T07:16:08.270Z"}
{"level":"info","message":"Cron job started: Sending request to http://localhost:4000 every 10 minutes","timestamp":"2025-10-17T07:16:08.317Z"}
{"level":"info","message":"Server started at port","timestamp":"2025-10-17T07:16:08.319Z"}
{"level":"info","message":"http://localhost:4000","timestamp":"2025-10-17T07:16:08.319Z"}
{"level":"info","message":"📊 Metrics available at http://localhost:4000/metrics","timestamp":"2025-10-17T07:16:08.319Z"}
{"level":"info","message":"New user signed up: fsf@gmail.com","timestamp":"2025-10-17T07:16:28.279Z"}
{"level":"info","message":"Redis conneted","timestamp":"2025-10-17T07:19:44.949Z"}
{"level":"info","message":"Database connected","timestamp":"2025-10-17T07:19:44.958Z"}
{"level":"info","message":"Cron job started: Sending request to http://localhost:4000 every 10 minutes","timestamp":"2025-10-17T07:19:45.020Z"}
{"level":"info","message":"Server started at port","timestamp":"2025-10-17T07:19:45.022Z"}
{"level":"info","message":"http://localhost:4000","timestamp":"2025-10-17T07:19:45.023Z"}
{"level":"info","message":"📊 Metrics available at http://localhost:4000/metrics","timestamp":"2025-10-17T07:19:45.023Z"}
{"level":"info","message":"New user signed up: SHADAB223382@GMAIL.COM","timestamp":"2025-10-17T07:19:57.903Z"}
{"level":"info","message":"Cron job success: http://localhost:4000 - Status: 200","timestamp":"2025-10-17T07:20:00.086Z"}
{"level":"info","message":"Redis conneted","timestamp":"2025-10-17T07:20:12.830Z"}
{"level":"info","message":"Database connected","timestamp":"2025-10-17T07:20:12.843Z"}
{"level":"info","message":"Cron job started: Sending request to http://localhost:4000 every 10 minutes","timestamp":"2025-10-17T07:20:12.875Z"}
{"level":"info","message":"Server started at port","timestamp":"2025-10-17T07:20:12.878Z"}
{"level":"info","message":"http://localhost:4000","timestamp":"2025-10-17T07:20:12.878Z"}
{"level":"info","message":"📊 Metrics available at http://localhost:4000/metrics","timestamp":"2025-10-17T07:20:12.878Z"}
{"level":"info","message":"Cron job success: http://localhost:4000 - Status: 200","timestamp":"2025-10-17T07:30:00.048Z"}
{"level":"info","message":"Cron job success: http://localhost:4000 - Status: 200","timestamp":"2025-10-17T07:40:00.035Z"}
{"level":"info","message":"Cron job success: http://localhost:4000 - Status: 200","timestamp":"2025-10-17T07:50:00.043Z"}
{"level":"info","message":"Cron job success: http://localhost:4000 - Status: 200","timestamp":"2025-10-17T08:00:00.031Z"}
{"level":"info","message":"Cron job success: http://localhost:4000 - Status: 200","timestamp":"2025-10-17T08:10:00.033Z"}
{"level":"info","message":"Cron job success: http://localhost:4000 - Status: 200","timestamp":"2025-10-17T08:20:00.032Z"}
{"level":"info","message":"Cron job success: http://localhost:4000 - Status: 200","timestamp":"2025-10-17T08:30:00.014Z"}
{"accessToken":"ya29.a0AQQ_BDTCSje5FQRAyHcJAevqGQifS5QF5oHxmDfYyytm2cJL8KpYyHbUt6JL8TgMKb8DBSY08SuyasLz9TiLHQwo3fczFlB5ahrgEA7RG4Su2PhsNUR7BjtFU0pawtiNzcJTdvTM47B3eK374EpHOxMqEJWWgbnvbck6LQ5e7pqRyh7LSb2PXLUufLzpmam8xxA3UrARaCgYKATcSARQSFQHGX2MijmEQRPrfUr1Y5Q0gm__jJw0207","email":"faizanhameed690@gmail.com","image":"https://lh3.googleusercontent.com/a/ACg8ocJNezmPuPTLe-fI4xdR_uzi-wv30QIp9iGS65ktXANla_veBZUK=s96-c","level":"info","message":"OAuth login for existing user","name":"Faizan Hameed Tantray","timestamp":"2025-10-17T08:33:16.459Z"}
{"level":"info","message":"User data fetched: faizanhameed690@gmail.com","timestamp":"2025-10-17T08:33:17.476Z"}
{"level":"info","message":"User data fetched: faizanhameed690@gmail.com","timestamp":"2025-10-17T08:33:17.483Z"}
{"level":"warn","message":"No bookmarks found for user 42","timestamp":"2025-10-17T08:33:17.647Z"}
{"ip":"::1","level":"error","message":"No bookmarks found","method":"GET","stack":"Error: No bookmarks found\n    at getMyBookmarks (file:///home/faizcasm/Desktop/zanly/server/src/controllers/bookmark.controller.js:95:17)","statusCode":404,"timestamp":"2025-10-17T08:33:17.649Z","url":"/api/v1/bookmark/get"}
{"level":"warn","message":"No bookmarks found for user 42","timestamp":"2025-10-17T08:33:17.674Z"}
{"ip":"::1","level":"error","message":"No bookmarks found","method":"GET","stack":"Error: No bookmarks found\n    at getMyBookmarks (file:///home/faizcasm/Desktop/zanly/server/src/controllers/bookmark.controller.js:95:17)","statusCode":404,"timestamp":"2025-10-17T08:33:17.675Z","url":"/api/v1/bookmark/get"}
{"level":"info","message":"Cron job success: http://localhost:4000 - Status: 200","timestamp":"2025-10-17T08:40:00.031Z"}
{"level":"info","message":"Cron job success: http://localhost:4000 - Status: 200","timestamp":"2025-10-17T08:50:00.034Z"}
{"level":"info","message":"Cron job success: http://localhost:4000 - Status: 200","timestamp":"2025-10-17T09:00:00.031Z"}
{"level":"info","message":"Cron job success: http://localhost:4000 - Status: 200","timestamp":"2025-10-17T09:10:00.013Z"}
{"level":"info","message":"Cron job success: http://localhost:4000 - Status: 200","timestamp":"2025-10-17T09:20:00.032Z"}
{"level":"info","message":"Cron job success: http://localhost:4000 - Status: 200","timestamp":"2025-10-17T09:30:00.053Z"}
{"ip":"::ffff:172.19.0.3","level":"error","message":"MISCONF Redis is configured to save RDB snapshots, but it's currently unable to persist to disk. Commands that may modify {"level":"info","message":"Redis conneted","timestamp":"2025-10-17T09:59:16.707Z"}
{"level":"info","message":"Redis conneted","timestamp":"2025-10-17T09:59:16.729Z"}
{"level":"info","message":"Redis conneted","timestamp":"2025-10-17T09:59:16.803Z"}
{"level":"info","message":"Redis conneted","timestamp":"2025-10-17T09:59:24.324Z"}
{"level":"info","message":"Database connected","timestamp":"2025-10-17T09:59:24.331Z"}
{"level":"info","message":"Cron job started: Sending request to http://localhost:4000 every 10 minutes","timestamp":"2025-10-17T09:59:24.381Z"}
{"level":"info","message":"Server started at port","timestamp":"2025-10-17T09:59:24.383Z"}
{"level":"info","message":"http://localhost:4000","timestamp":"2025-10-17T09:59:24.383Z"}
{"level":"info","message":"📊 Metrics available at http://localhost:4000/metrics","timestamp":"2025-10-17T09:59:24.384Z"}
{"level":"info","message":"Redis conneted","timestamp":"2025-10-17T09:59:26.442Z"}
{"level":"info","message":"Redis conneted","timestamp":"2025-10-17T09:59:26.589Z"}
{"level":"info","message":"Redis conneted","timestamp":"2025-10-17T09:59:26.711Z"}
