{"level":"info","message":"Cron job success: http://localhost:4000 - Status: 200","timestamp":"2025-10-06T08:00:00.319Z"}
{"ip":"::1","level":"error","message":"Invalid email or password","method":"POST","stack":"Error: Invalid email or password\n    at Login (file:///C:/Users/HP/OneDrive/Desktop/zanly/server/src/controllers/user.controller.js:49:29)","statusCode":400,"timestamp":"2025-10-06T08:04:46.069Z","url":"/api/v1/user/signin"}
{"level":"info","message":"User logged in: faizanhameed690@gmail.com","timestamp":"2025-10-06T08:04:52.859Z"}
{"level":"info","message":"User data fetched: faizanhameed690@gmail.com","timestamp":"2025-10-06T08:05:02.594Z"}
{"level":"info","message":"User data fetched: faizanhameed690@gmail.com","timestamp":"2025-10-06T08:05:02.691Z"}
{"level":"info","message":"Fetched users page 1 from DB","timestamp":"2025-10-06T08:05:03.081Z"}
{"level":"info","message":"Fetched users page 1 from cache","timestamp":"2025-10-06T08:05:03.201Z"}
{"level":"info","message":"Fetched materials page 1 from DB","timestamp":"2025-10-06T08:05:03.237Z"}
{"level":"info","message":"Fetched materials page 1 from cache","timestamp":"2025-10-06T08:05:03.257Z"}
{"level":"info","message":"Fetched materials page 1 from DB","timestamp":"2025-10-06T08:05:03.300Z"}
{"level":"info","message":"Fetched materials page 1 from cache","timestamp":"2025-10-06T08:05:03.474Z"}
{"level":"info","message":"User logged out: faizanhameed690@gmail.com","timestamp":"2025-10-06T08:05:12.678Z"}
{"ip":"::1","level":"error","message":"Authentication token not found","method":"GET","stack":"Error: Authentication token not found\n    at authMiddleware (file:///C:/Users/HP/OneDrive/Desktop/zanly/server/src/middlewares/auth.middleware.js:15:19)\n    at Layer.handleRequest (C:\\Users\\HP\\OneDrive\\Desktop\\zanly\\server\\node_modules\\router\\lib\\layer.js:152:17)\n    at next (C:\\Users\\HP\\OneDrive\\Desktop\\zanly\\server\\node_modules\\router\\lib\\route.js:157:13)\n    at Route.dispatch (C:\\Users\\HP\\OneDrive\\Desktop\\zanly\\server\\node_modules\\router\\lib\\route.js:117:3)\n    at handle (C:\\Users\\HP\\OneDrive\\Desktop\\zanly\\server\\node_modules\\router\\index.js:435:11)\n    at Layer.handleRequest (C:\\Users\\HP\\OneDrive\\Desktop\\zanly\\server\\node_modules\\router\\lib\\layer.js:152:17)\n    at C:\\Users\\HP\\OneDrive\\Desktop\\zanly\\server\\node_modules\\router\\index.js:295:15\n    at processParams (C:\\Users\\HP\\OneDrive\\Desktop\\zanly\\server\\node_modules\\router\\index.js:582:12)\n    at next (C:\\Users\\HP\\OneDrive\\Desktop\\zanly\\server\\node_modules\\router\\index.js:291:5)\n    at Function.handle (C:\\Users\\HP\\OneDrive\\Desktop\\zanly\\server\\node_modules\\router\\index.js:186:3)","statusCode":401,"timestamp":"2025-10-06T08:05:21.011Z","url":"/api/v1/user/get"}
{"ip":"::1","level":"error","message":"Authentication token not found","method":"GET","stack":"Error: Authentication token not found\n    at authMiddleware (file:///C:/Users/HP/OneDrive/Desktop/zanly/server/src/middlewares/auth.middleware.js:15:19)\n    at Layer.handleRequest (C:\\Users\\HP\\OneDrive\\Desktop\\zanly\\server\\node_modules\\router\\lib\\layer.js:152:17)\n    at next (C:\\Users\\HP\\OneDrive\\Desktop\\zanly\\server\\node_modules\\router\\lib\\route.js:157:13)\n    at Route.dispatch (C:\\Users\\HP\\OneDrive\\Desktop\\zanly\\server\\node_modules\\router\\lib\\route.js:117:3)\n    at handle (C:\\Users\\HP\\OneDrive\\Desktop\\zanly\\server\\node_modules\\router\\index.js:435:11)\n    at Layer.handleRequest (C:\\Users\\HP\\OneDrive\\Desktop\\zanly\\server\\node_modules\\router\\lib\\layer.js:152:17)\n    at C:\\Users\\HP\\OneDrive\\Desktop\\zanly\\server\\node_modules\\router\\index.js:295:15\n    at processParams (C:\\Users\\HP\\OneDrive\\Desktop\\zanly\\server\\node_modules\\router\\index.js:582:12)\n    at next (C:\\Users\\HP\\OneDrive\\Desktop\\zanly\\server\\node_modules\\router\\index.js:291:5)\n    at Function.handle (C:\\Users\\HP\\OneDrive\\Desktop\\zanly\\server\\node_modules\\router\\index.js:186:3)","statusCode":401,"timestamp":"2025-10-06T08:05:21.197Z","url":"/api/v1/user/get"}
{"ip":"::1","level":"error","message":"Authentication token not found","method":"GET","stack":"Error: Authentication token not found\n    at authMiddleware (file:///C:/Users/HP/OneDrive/Desktop/zanly/server/src/middlewares/auth.middleware.js:15:19)\n    at Layer.handleRequest (C:\\Users\\HP\\OneDrive\\Desktop\\zanly\\server\\node_modules\\router\\lib\\layer.js:152:17)\n    at next (C:\\Users\\HP\\OneDrive\\Desktop\\zanly\\server\\node_modules\\router\\lib\\route.js:157:13)\n    at Route.dispatch (C:\\Users\\HP\\OneDrive\\Desktop\\zanly\\server\\node_modules\\router\\lib\\route.js:117:3)\n    at handle (C:\\Users\\HP\\OneDrive\\Desktop\\zanly\\server\\node_modules\\router\\index.js:435:11)\n    at Layer.handleRequest (C:\\Users\\HP\\OneDrive\\Desktop\\zanly\\server\\node_modules\\router\\lib\\layer.js:152:17)\n    at C:\\Users\\HP\\OneDrive\\Desktop\\zanly\\server\\node_modules\\router\\index.js:295:15\n    at processParams (C:\\Users\\HP\\OneDrive\\Desktop\\zanly\\server\\node_modules\\router\\index.js:582:12)\n    at next (C:\\Users\\HP\\OneDrive\\Desktop\\zanly\\server\\node_modules\\router\\index.js:291:5)\n    at Function.handle (C:\\Users\\HP\\OneDrive\\Desktop\\zanly\\server\\node_modules\\router\\index.js:186:3)","statusCode":401,"timestamp":"2025-10-06T08:05:39.532Z","url":"/api/v1/user/get"}
{"ip":"::1","level":"error","message":"Authentication token not found","method":"GET","stack":"Error: Authentication token not found\n    at authMiddleware (file:///C:/Users/HP/OneDrive/Desktop/zanly/server/src/middlewares/auth.middleware.js:15:19)\n    at Layer.handleRequest (C:\\Users\\HP\\OneDrive\\Desktop\\zanly\\server\\node_modules\\router\\lib\\layer.js:152:17)\n    at next (C:\\Users\\HP\\OneDrive\\Desktop\\zanly\\server\\node_modules\\router\\lib\\route.js:157:13)\n    at Route.dispatch (C:\\Users\\HP\\OneDrive\\Desktop\\zanly\\server\\node_modules\\router\\lib\\route.js:117:3)\n    at handle (C:\\Users\\HP\\OneDrive\\Desktop\\zanly\\server\\node_modules\\router\\index.js:435:11)\n    at Layer.handleRequest (C:\\Users\\HP\\OneDrive\\Desktop\\zanly\\server\\node_modules\\router\\lib\\layer.js:152:17)\n    at C:\\Users\\HP\\OneDrive\\Desktop\\zanly\\server\\node_modules\\router\\index.js:295:15\n    at processParams (C:\\Users\\HP\\OneDrive\\Desktop\\zanly\\server\\node_modules\\router\\index.js:582:12)\n    at next (C:\\Users\\HP\\OneDrive\\Desktop\\zanly\\server\\node_modules\\router\\index.js:291:5)\n    at Function.handle (C:\\Users\\HP\\OneDrive\\Desktop\\zanly\\server\\node_modules\\router\\index.js:186:3)","statusCode":401,"timestamp":"2025-10-06T08:05:39.674Z","url":"/api/v1/user/get"}
{"level":"info","message":"User logged in: faizanhameed690@gmail.com","timestamp":"2025-10-06T08:07:08.970Z"}
{"level":"info","message":"New user signed up: sdfsd@gmail.com","timestamp":"2025-10-06T08:08:29.483Z"}
{"level":"info","message":"User data fetched: faizanhameed690@gmail.com","timestamp":"2025-10-06T08:08:45.149Z"}
{"level":"info","message":"Fetched users page 1 from DB","timestamp":"2025-10-06T08:08:45.426Z"}
{"level":"info","message":"Fetched materials page 1 from DB","timestamp":"2025-10-06T08:08:45.437Z"}
{"level":"info","message":"Fetched materials page 1 from cache","timestamp":"2025-10-06T08:08:45.576Z"}
{"level":"info","message":"Fetched users page 1 from cache","timestamp":"2025-10-06T08:08:45.578Z"}
{"level":"info","message":"Fetched materials page 1 from DB","timestamp":"2025-10-06T08:08:45.730Z"}
{"level":"info","message":"Fetched materials page 1 from cache","timestamp":"2025-10-06T08:08:45.920Z"}
{"level":"info","message":"User logged out: faizanhameed690@gmail.com","timestamp":"2025-10-06T08:08:53.303Z"}
{"level":"info","message":"New user signed up: dfgdfg@gmail.com","timestamp":"2025-10-06T08:09:18.374Z"}
{"level":"info","message":"User logged in: faizanhameed690@gmail.com","timestamp":"2025-10-06T08:09:30.794Z"}
{"level":"info","message":"OTP sent for password reset: faizanhameed690@gmail.com","timestamp":"2025-10-06T08:09:45.568Z"}
{"level":"info","message":"Cron job success: http://localhost:4000 - Status: 200","timestamp":"2025-10-06T08:10:00.149Z"}
{"level":"info","message":"Password reset successfully: faizanhameed690@gmail.com","timestamp":"2025-10-06T08:10:41.813Z"}
{"level":"info","message":"New user signed up: dfgdfsgg@gmail.com","timestamp":"2025-10-06T08:15:23.530Z"}
{"level":"info","message":"OTP sent for password reset: faizanhameed690@gmail.com","timestamp":"2025-10-06T08:15:38.700Z"}
{"level":"info","message":"Password reset successfully: faizanhameed690@gmail.com","timestamp":"2025-10-06T08:16:13.489Z"}
{"level":"info","message":"User logged in: faizanhameed690@gmail.com","timestamp":"2025-10-06T08:16:30.919Z"}
{"level":"info","message":"Cron job success: http://localhost:4000 - Status: 200","timestamp":"2025-10-06T08:20:00.072Z"}
{"level":"info","message":"User data fetched: faizanhameed690@gmail.com","timestamp":"2025-10-06T08:24:54.426Z"}
{"level":"info","message":"Fetched users page 1 from DB","timestamp":"2025-10-06T08:24:54.605Z"}
{"level":"info","message":"Fetched materials page 1 from DB","timestamp":"2025-10-06T08:24:54.702Z"}
{"level":"info","message":"Fetched materials page 1 from cache","timestamp":"2025-10-06T08:24:54.773Z"}
{"level":"info","message":"Fetched users page 1 from cache","timestamp":"2025-10-06T08:24:54.774Z"}
{"level":"info","message":"Fetched materials page 1 from DB","timestamp":"2025-10-06T08:24:54.782Z"}
{"level":"info","message":"Fetched materials page 1 from cache","timestamp":"2025-10-06T08:24:54.966Z"}
{"level":"info","message":"User logged out: faizanhameed690@gmail.com","timestamp":"2025-10-06T08:25:37.215Z"}
{"ip":"::1","level":"error","message":"Invalid email or password","method":"POST","stack":"Error: Invalid email or password\n    at Login (file:///C:/Users/HP/OneDrive/Desktop/zanly/server/src/controllers/user.controller.js:49:29)","statusCode":400,"timestamp":"2025-10-06T08:25:47.810Z","url":"/api/v1/user/signin"}
{"level":"info","message":"User logged in: faizanhameed690@gmail.com","timestamp":"2025-10-06T08:26:01.658Z"}
{"level":"info","message":"Cron job success: http://localhost:4000 - Status: 200","timestamp":"2025-10-06T08:30:00.153Z"}
{"level":"info","message":"User logged out: faizanhameed690@gmail.com","timestamp":"2025-10-06T08:33:04.865Z"}
{"ip":"::1","level":"error","message":"\nInvalid `prisma.user.findUnique()` invocation:\n\n{\n  where: {\n    email: {\n      email: \"faizanhameed690@gmail.com\"\n    }\n    ~~~~~~~~~~~~~~~~~~~~~~~~~~~~~~~~~~~~\n  }\n}\n\nArgument `email`: Invalid value provided. Expected String, provided Object.","method":"POST","stack":"PrismaClientValidationError: \nInvalid `prisma.user.findUnique()` invocation:\n\n{\n  where: {\n    email: {\n      email: \"faizanhameed690@gmail.com\"\n    }\n    ~~~~~~~~~~~~~~~~~~~~~~~~~~~~~~~~~~~~\n  }\n}\n\nArgument `email`: Invalid value provided. Expected String, provided Object.\n    at Nn (C:\\Users\\HP\\OneDrive\\Desktop\\zanly\\server\\node_modules\\@prisma\\client\\runtime\\library.js:29:1363)\n    at ei.handleRequestError (C:\\Users\\HP\\OneDrive\\Desktop\\zanly\\server\\node_modules\\@prisma\\client\\runtime\\library.js:121:6911)\n    at ei.handleAndLogRequestError (C:\\Users\\HP\\OneDrive\\Desktop\\zanly\\server\\node_modules\\@prisma\\client\\runtime\\library.js:121:6593)\n    at ei.request (C:\\Users\\HP\\OneDrive\\Desktop\\zanly\\server\\node_modules\\@prisma\\client\\runtime\\library.js:121:6300)\n    at async a (C:\\Users\\HP\\OneDrive\\Desktop\\zanly\\server\\node_modules\\@prisma\\client\\runtime\\library.js:130:9551)\n    at async forgotPassword (file:///C:/Users/HP/OneDrive/Desktop/zanly/server/src/controllers/user.controller.js:146:16)","statusCode":500,"timestamp":"2025-10-06T08:33:11.923Z","url":"/api/v1/user/forgotpassword"}
{"level":"info","message":"Redis conneted","timestamp":"2025-10-06T08:33:34.785Z"}
{"level":"info","message":"Database connected","timestamp":"2025-10-06T08:33:34.794Z"}
{"level":"info","message":"Cron job started: Sending request to http://localhost:4000 every 10 minutes","timestamp":"2025-10-06T08:33:34.881Z"}
{"level":"info","message":"Server started at port","timestamp":"2025-10-06T08:33:34.882Z"}
{"level":"info","message":"http://localhost:4000","timestamp":"2025-10-06T08:33:34.883Z"}
{"ip":"::1","level":"error","message":"\nInvalid `prisma.user.findUnique()` invocation:\n\n{\n  where: {\n    email: {\n      email: \"faizanhameed690@gmail.com\"\n    }\n    ~~~~~~~~~~~~~~~~~~~~~~~~~~~~~~~~~~~~\n  }\n}\n\nArgument `email`: Invalid value provided. Expected String, provided Object.","method":"POST","stack":"PrismaClientValidationError: \nInvalid `prisma.user.findUnique()` invocation:\n\n{\n  where: {\n    email: {\n      email: \"faizanhameed690@gmail.com\"\n    }\n    ~~~~~~~~~~~~~~~~~~~~~~~~~~~~~~~~~~~~\n  }\n}\n\nArgument `email`: Invalid value provided. Expected String, provided Object.\n    at Nn (C:\\Users\\HP\\OneDrive\\Desktop\\zanly\\server\\node_modules\\@prisma\\client\\runtime\\library.js:29:1363)\n    at ei.handleRequestError (C:\\Users\\HP\\OneDrive\\Desktop\\zanly\\server\\node_modules\\@prisma\\client\\runtime\\library.js:121:6911)\n    at ei.handleAndLogRequestError (C:\\Users\\HP\\OneDrive\\Desktop\\zanly\\server\\node_modules\\@prisma\\client\\runtime\\library.js:121:6593)\n    at ei.request (C:\\Users\\HP\\OneDrive\\Desktop\\zanly\\server\\node_modules\\@prisma\\client\\runtime\\library.js:121:6300)\n    at async a (C:\\Users\\HP\\OneDrive\\Desktop\\zanly\\server\\node_modules\\@prisma\\client\\runtime\\library.js:130:9551)\n    at async forgotPassword (file:///C:/Users/HP/OneDrive/Desktop/zanly/server/src/controllers/user.controller.js:146:16)","statusCode":500,"timestamp":"2025-10-06T08:33:44.586Z","url":"/api/v1/user/forgotpassword"}
{"level":"info","message":"OTP sent for password reset: faizanhameed690@gmail.com","timestamp":"2025-10-06T08:34:30.264Z"}
{"level":"info","message":"OTP sent for password reset: faizanhameed690@gmail.com","timestamp":"2025-10-06T08:37:29.959Z"}
{"ip":"::1","level":"error","message":"Invalid OTP","method":"POST","stack":"Error: Invalid OTP\n    at resetPassword (file:///C:/Users/HP/OneDrive/Desktop/zanly/server/src/controllers/user.controller.js:169:26)","statusCode":400,"timestamp":"2025-10-06T08:38:03.029Z","url":"/api/v1/user/resetpassword"}
{"ip":"::1","level":"error","message":"Invalid OTP","method":"POST","stack":"Error: Invalid OTP\n    at resetPassword (file:///C:/Users/HP/OneDrive/Desktop/zanly/server/src/controllers/user.controller.js:169:26)","statusCode":400,"timestamp":"2025-10-06T08:38:53.309Z","url":"/api/v1/user/resetpassword"}
{"ip":"::1","level":"error","message":"Invalid OTP","method":"POST","stack":"Error: Invalid OTP\n    at resetPassword (file:///C:/Users/HP/OneDrive/Desktop/zanly/server/src/controllers/user.controller.js:169:26)","statusCode":400,"timestamp":"2025-10-06T08:39:21.623Z","url":"/api/v1/user/resetpassword"}
{"level":"info","message":"Cron job success: http://localhost:4000 - Status: 200","timestamp":"2025-10-06T08:40:00.143Z"}
{"level":"info","message":"Password reset successfully: faizanhameed690@gmail.com","timestamp":"2025-10-06T08:40:11.160Z"}
{"level":"info","message":"User logged in: faizanhameed690@gmail.com","timestamp":"2025-10-06T08:40:28.906Z"}
{"level":"info","message":"Fetched users page 1 from DB","timestamp":"2025-10-06T08:40:29.148Z"}
{"level":"info","message":"Fetched materials page 1 from DB","timestamp":"2025-10-06T08:40:29.235Z"}
{"level":"info","message":"Fetched users page 1 from cache","timestamp":"2025-10-06T08:40:29.291Z"}
{"level":"info","message":"Fetched materials page 1 from cache","timestamp":"2025-10-06T08:40:29.306Z"}
{"level":"info","message":"Fetched materials page 1 from DB","timestamp":"2025-10-06T08:40:29.316Z"}
{"level":"info","message":"Fetched materials page 1 from cache","timestamp":"2025-10-06T08:40:29.484Z"}
{"level":"info","message":"User logged out: faizanhameed690@gmail.com","timestamp":"2025-10-06T08:40:41.240Z"}
{"accessToken":"ya29.a0AQQ_BDRAjV4AhqqkNH35lQWVF7BnHVbXsxqmtyWS3U8Z7KncLT850Oa82lwWDAV-ugAFmtJfo9mmaSN598lIXEFDCB6e2f5t9Agx3u8uC8VySRy3QjcOvmFrQHjK6KDmJrFc0EiINFcOLnvGVihb0QAi3pL3d2NAuw09nY32IEzNTtZNaH7aneqMoPS2MyHbOzPHzAI3aCgYKAYoSARISFQHGX2MiCgfBQJjJyVe3G2UVUaz9NA0207","email":"clownm18@gmail.com","image":"https://lh3.googleusercontent.com/a/ACg8ocK5LxoBcJ0LU4M52K_j_edhWwCfDQdLpFoO7dl6XQRBMqTupw=s96-c","level":"info","message":"OAuth login for existing user","name":"MR CLOWN","timestamp":"2025-10-06T08:40:48.666Z"}
{"level":"info","message":"User data fetched: clownm18@gmail.com","timestamp":"2025-10-06T08:40:51.604Z"}
{"level":"info","message":"User data fetched: clownm18@gmail.com","timestamp":"2025-10-06T08:40:51.753Z"}
{"level":"info","message":"Bookmarks served from DB and cached for user 5","timestamp":"2025-10-06T08:40:52.175Z"}
{"level":"info","message":"Bookmarks served from cache for user 5","timestamp":"2025-10-06T08:40:52.236Z"}
{"level":"info","message":"Bookmarks served from DB and cached for user 5","timestamp":"2025-10-06T08:41:11.432Z"}
{"level":"info","message":"Bookmarks served from cache for user 5","timestamp":"2025-10-06T08:41:11.619Z"}
{"level":"info","message":"User data fetched: clownm18@gmail.com","timestamp":"2025-10-06T08:42:16.630Z"}
{"level":"info","message":"User data fetched: clownm18@gmail.com","timestamp":"2025-10-06T08:42:16.641Z"}
{"level":"info","message":"Bookmarks served from DB and cached for user 5","timestamp":"2025-10-06T08:42:16.838Z"}
{"level":"info","message":"Bookmarks served from cache for user 5","timestamp":"2025-10-06T08:42:16.847Z"}
{"level":"info","message":"User logged out: clownm18@gmail.com","timestamp":"2025-10-06T08:42:19.177Z"}
{"ip":"::1","level":"error","message":"Authentication token not found","method":"GET","stack":"Error: Authentication token not found\n    at authMiddleware (file:///C:/Users/HP/OneDrive/Desktop/zanly/server/src/middlewares/auth.middleware.js:15:19)\n    at Layer.handleRequest (C:\\Users\\HP\\OneDrive\\Desktop\\zanly\\server\\node_modules\\router\\lib\\layer.js:152:17)\n    at next (C:\\Users\\HP\\OneDrive\\Desktop\\zanly\\server\\node_modules\\router\\lib\\route.js:157:13)\n    at Route.dispatch (C:\\Users\\HP\\OneDrive\\Desktop\\zanly\\server\\node_modules\\router\\lib\\route.js:117:3)\n    at handle (C:\\Users\\HP\\OneDrive\\Desktop\\zanly\\server\\node_modules\\router\\index.js:435:11)\n    at Layer.handleRequest (C:\\Users\\HP\\OneDrive\\Desktop\\zanly\\server\\node_modules\\router\\lib\\layer.js:152:17)\n    at C:\\Users\\HP\\OneDrive\\Desktop\\zanly\\server\\node_modules\\router\\index.js:295:15\n    at processParams (C:\\Users\\HP\\OneDrive\\Desktop\\zanly\\server\\node_modules\\router\\index.js:582:12)\n    at next (C:\\Users\\HP\\OneDrive\\Desktop\\zanly\\server\\node_modules\\router\\index.js:291:5)\n    at Function.handle (C:\\Users\\HP\\OneDrive\\Desktop\\zanly\\server\\node_modules\\router\\index.js:186:3)","statusCode":401,"timestamp":"2025-10-06T08:42:25.104Z","url":"/api/v1/user/get"}
{"ip":"::1","level":"error","message":"Authentication token not found","method":"GET","stack":"Error: Authentication token not found\n    at authMiddleware (file:///C:/Users/HP/OneDrive/Desktop/zanly/server/src/middlewares/auth.middleware.js:15:19)\n    at Layer.handleRequest (C:\\Users\\HP\\OneDrive\\Desktop\\zanly\\server\\node_modules\\router\\lib\\layer.js:152:17)\n    at next (C:\\Users\\HP\\OneDrive\\Desktop\\zanly\\server\\node_modules\\router\\lib\\route.js:157:13)\n    at Route.dispatch (C:\\Users\\HP\\OneDrive\\Desktop\\zanly\\server\\node_modules\\router\\lib\\route.js:117:3)\n    at handle (C:\\Users\\HP\\OneDrive\\Desktop\\zanly\\server\\node_modules\\router\\index.js:435:11)\n    at Layer.handleRequest (C:\\Users\\HP\\OneDrive\\Desktop\\zanly\\server\\node_modules\\router\\lib\\layer.js:152:17)\n    at C:\\Users\\HP\\OneDrive\\Desktop\\zanly\\server\\node_modules\\router\\index.js:295:15\n    at processParams (C:\\Users\\HP\\OneDrive\\Desktop\\zanly\\server\\node_modules\\router\\index.js:582:12)\n    at next (C:\\Users\\HP\\OneDrive\\Desktop\\zanly\\server\\node_modules\\router\\index.js:291:5)\n    at Function.handle (C:\\Users\\HP\\OneDrive\\Desktop\\zanly\\server\\node_modules\\router\\index.js:186:3)","statusCode":401,"timestamp":"2025-10-06T08:42:25.111Z","url":"/api/v1/user/get"}
{"accessToken":"ya29.a0AQQ_BDTSY5NqF8AyKhXwhF1n0kd3nsTxKyooZ4NStSB2PIdjsjxW-L1yaVwa0SRk1bRPusJ9sjolqg2n3aJDAULmOOq2cTRat8749V4YSRuGIz3i-6WV1Emq9lSaBgTXaZ5uj-2JDZUrHKYk4fb8UmynzyGGgRrg_J5TXWvmUOQquje8TzABVeVCTQlv1w_yIEmR931uaCgYKAXMSARISFQHGX2MiYhE090gatga3CTclH-geQw0207","email":"clownm18@gmail.com","image":"https://lh3.googleusercontent.com/a/ACg8ocK5LxoBcJ0LU4M52K_j_edhWwCfDQdLpFoO7dl6XQRBMqTupw=s96-c","level":"info","message":"OAuth login for existing user","name":"MR CLOWN","timestamp":"2025-10-06T08:42:34.513Z"}
{"level":"info","message":"User data fetched: clownm18@gmail.com","timestamp":"2025-10-06T08:42:35.426Z"}
{"level":"info","message":"User data fetched: clownm18@gmail.com","timestamp":"2025-10-06T08:42:35.437Z"}
{"level":"info","message":"Bookmarks served from DB and cached for user 5","timestamp":"2025-10-06T08:42:35.586Z"}
{"level":"info","message":"Bookmarks served from cache for user 5","timestamp":"2025-10-06T08:42:35.614Z"}
{"level":"info","message":"Cron job success: http://localhost:4000 - Status: 200","timestamp":"2025-10-06T08:50:00.093Z"}
{"level":"info","message":"Cron job success: http://localhost:4000 - Status: 200","timestamp":"2025-10-06T09:00:00.149Z"}
{"level":"info","message":"User data fetched: clownm18@gmail.com","timestamp":"2025-10-06T09:00:34.210Z"}
{"level":"info","message":"User data fetched: clownm18@gmail.com","timestamp":"2025-10-06T09:00:34.218Z"}
{"level":"info","message":"User updated: clownm18@gmail.com","timestamp":"2025-10-06T09:01:59.670Z"}
{"level":"info","message":"Bookmarks served from DB and cached for user 5","timestamp":"2025-10-06T09:02:03.284Z"}
{"level":"info","message":"Bookmarks served from cache for user 5","timestamp":"2025-10-06T09:02:03.295Z"}
{"level":"info","message":"User logged out: clownm18@gmail.com","timestamp":"2025-10-06T09:02:11.937Z"}
{"createdAt":"2025-10-06T09:02:23.022Z","email":"thecodeping@gmail.com","id":10,"image":"https://lh3.googleusercontent.com/a/ACg8ocJZttjASE20CIkNFWpM2MsHb1HvHeGjKi448vKCnVpzWpSioQ=s96-c","level":"info","message":"OAuth new user created","name":"Code Ping","otp":null,"otpExpiry":null,"password":null,"publicId":null,"role":"USER","timestamp":"2025-10-06T09:02:23.035Z","updatedAt":"2025-10-06T09:02:23.022Z"}
{"level":"info","message":"User data fetched: thecodeping@gmail.com","timestamp":"2025-10-06T09:02:24.028Z"}
{"level":"info","message":"User data fetched: thecodeping@gmail.com","timestamp":"2025-10-06T09:02:24.037Z"}
{"level":"warn","message":"No bookmarks found for user 10","timestamp":"2025-10-06T09:02:24.205Z"}
{"ip":"::1","level":"error","message":"No bookmarks found","method":"GET","stack":"Error: No bookmarks found\n    at getMyBookmarks (file:///C:/Users/HP/OneDrive/Desktop/zanly/server/src/controllers/bookmark.controller.js:91:17)","statusCode":404,"timestamp":"2025-10-06T09:02:24.208Z","url":"/api/v1/bookmark/get"}
{"level":"warn","message":"No bookmarks found for user 10","timestamp":"2025-10-06T09:02:24.242Z"}
{"ip":"::1","level":"error","message":"No bookmarks found","method":"GET","stack":"Error: No bookmarks found\n    at getMyBookmarks (file:///C:/Users/HP/OneDrive/Desktop/zanly/server/src/controllers/bookmark.controller.js:91:17)","statusCode":404,"timestamp":"2025-10-06T09:02:24.245Z","url":"/api/v1/bookmark/get"}
{"level":"warn","message":"No bookmarks found for user 10","timestamp":"2025-10-06T09:02:46.054Z"}
{"ip":"::1","level":"error","message":"No bookmarks found","method":"GET","stack":"Error: No bookmarks found\n    at getMyBookmarks (file:///C:/Users/HP/OneDrive/Desktop/zanly/server/src/controllers/bookmark.controller.js:91:17)","statusCode":404,"timestamp":"2025-10-06T09:02:46.055Z","url":"/api/v1/bookmark/get"}
{"level":"warn","message":"No bookmarks found for user 10","timestamp":"2025-10-06T09:02:46.075Z"}
{"ip":"::1","level":"error","message":"No bookmarks found","method":"GET","stack":"Error: No bookmarks found\n    at getMyBookmarks (file:///C:/Users/HP/OneDrive/Desktop/zanly/server/src/controllers/bookmark.controller.js:91:17)","statusCode":404,"timestamp":"2025-10-06T09:02:46.078Z","url":"/api/v1/bookmark/get"}
{"level":"info","message":"User logged out: thecodeping@gmail.com","timestamp":"2025-10-06T09:07:30.455Z"}
{"accessToken":"ya29.a0AQQ_BDQ3SB3oD6Orfh9zvksldsNyGQq28vF0Nn5Ht7q29pGeC1KGV48b7r6fkQ_fPZUI8eyUVAHX6rm5rLS9Dozm9YhkIvZwoMk3zdbB074fzIVI6MbLbWh4LzPvs1h223BQrT2omAybkpYvmQdzuX6yuCyZn2SpskxPAQ0RTKjmKrdIRgA2i75uFdBEbE00kKPacfoaCgYKAVESARESFQHGX2MiEkUYt9M3_x3V00XPDTGBew0206","email":"faizanillahi573@gmail.com","image":"https://lh3.googleusercontent.com/a/ACg8ocKW_unE9TAl_ykTi4gb1UZhRVx1hoCcaya_LYO2YS6NXHykNzKi=s96-c","level":"info","message":"OAuth login for existing user","name":"Faizan illahi","timestamp":"2025-10-06T09:08:37.511Z"}
{"level":"info","message":"User data fetched: faizanillahi573@gmail.com","timestamp":"2025-10-06T09:08:40.186Z"}
{"level":"info","message":"User data fetched: faizanillahi573@gmail.com","timestamp":"2025-10-06T09:08:40.359Z"}
{"level":"warn","message":"No bookmarks found for user 2","timestamp":"2025-10-06T09:08:40.595Z"}
{"ip":"::1","level":"error","message":"No bookmarks found","method":"GET","stack":"Error: No bookmarks found\n    at getMyBookmarks (file:///C:/Users/HP/OneDrive/Desktop/zanly/server/src/controllers/bookmark.controller.js:91:17)","statusCode":404,"timestamp":"2025-10-06T09:08:40.598Z","url":"/api/v1/bookmark/get"}
{"level":"warn","message":"No bookmarks found for user 2","timestamp":"2025-10-06T09:08:40.752Z"}
{"ip":"::1","level":"error","message":"No bookmarks found","method":"GET","stack":"Error: No bookmarks found\n    at getMyBookmarks (file:///C:/Users/HP/OneDrive/Desktop/zanly/server/src/controllers/bookmark.controller.js:91:17)","statusCode":404,"timestamp":"2025-10-06T09:08:40.753Z","url":"/api/v1/bookmark/get"}
{"level":"warn","message":"No bookmarks found for user 2","timestamp":"2025-10-06T09:09:04.367Z"}
{"ip":"::1","level":"error","message":"No bookmarks found","method":"GET","stack":"Error: No bookmarks found\n    at getMyBookmarks (file:///C:/Users/HP/OneDrive/Desktop/zanly/server/src/controllers/bookmark.controller.js:91:17)","statusCode":404,"timestamp":"2025-10-06T09:09:04.368Z","url":"/api/v1/bookmark/get"}
{"level":"warn","message":"No bookmarks found for user 2","timestamp":"2025-10-06T09:09:04.530Z"}
{"ip":"::1","level":"error","message":"No bookmarks found","method":"GET","stack":"Error: No bookmarks found\n    at getMyBookmarks (file:///C:/Users/HP/OneDrive/Desktop/zanly/server/src/controllers/bookmark.controller.js:91:17)","statusCode":404,"timestamp":"2025-10-06T09:09:04.531Z","url":"/api/v1/bookmark/get"}
{"level":"info","message":"Zanly AI: Received prompt - hey","timestamp":"2025-10-06T09:09:46.173Z"}
{"level":"info","message":"Zanly AI: Generated reply for prompt - hey","timestamp":"2025-10-06T09:09:48.219Z"}
{"level":"info","message":"Cron job success: http://localhost:4000 - Status: 200","timestamp":"2025-10-06T09:10:00.028Z"}
{"level":"info","message":"User logged out: faizanillahi573@gmail.com","timestamp":"2025-10-06T09:10:26.690Z"}
{"ip":"::1","level":"error","message":"Authentication token not found","method":"GET","stack":"Error: Authentication token not found\n    at authMiddleware (file:///C:/Users/HP/OneDrive/Desktop/zanly/server/src/middlewares/auth.middleware.js:15:19)\n    at Layer.handleRequest (C:\\Users\\HP\\OneDrive\\Desktop\\zanly\\server\\node_modules\\router\\lib\\layer.js:152:17)\n    at next (C:\\Users\\HP\\OneDrive\\Desktop\\zanly\\server\\node_modules\\router\\lib\\route.js:157:13)\n    at Route.dispatch (C:\\Users\\HP\\OneDrive\\Desktop\\zanly\\server\\node_modules\\router\\lib\\route.js:117:3)\n    at handle (C:\\Users\\HP\\OneDrive\\Desktop\\zanly\\server\\node_modules\\router\\index.js:435:11)\n    at Layer.handleRequest (C:\\Users\\HP\\OneDrive\\Desktop\\zanly\\server\\node_modules\\router\\lib\\layer.js:152:17)\n    at C:\\Users\\HP\\OneDrive\\Desktop\\zanly\\server\\node_modules\\router\\index.js:295:15\n    at processParams (C:\\Users\\HP\\OneDrive\\Desktop\\zanly\\server\\node_modules\\router\\index.js:582:12)\n    at next (C:\\Users\\HP\\OneDrive\\Desktop\\zanly\\server\\node_modules\\router\\index.js:291:5)\n    at Function.handle (C:\\Users\\HP\\OneDrive\\Desktop\\zanly\\server\\node_modules\\router\\index.js:186:3)","statusCode":401,"timestamp":"2025-10-06T09:10:40.452Z","url":"/api/v1/user/materials?page=1&limit=12"}
{"ip":"::1","level":"error","message":"Authentication token not found","method":"GET","stack":"Error: Authentication token not found\n    at authMiddleware (file:///C:/Users/HP/OneDrive/Desktop/zanly/server/src/middlewares/auth.middleware.js:15:19)\n    at Layer.handleRequest (C:\\Users\\HP\\OneDrive\\Desktop\\zanly\\server\\node_modules\\router\\lib\\layer.js:152:17)\n    at next (C:\\Users\\HP\\OneDrive\\Desktop\\zanly\\server\\node_modules\\router\\lib\\route.js:157:13)\n    at Route.dispatch (C:\\Users\\HP\\OneDrive\\Desktop\\zanly\\server\\node_modules\\router\\lib\\route.js:117:3)\n    at handle (C:\\Users\\HP\\OneDrive\\Desktop\\zanly\\server\\node_modules\\router\\index.js:435:11)\n    at Layer.handleRequest (C:\\Users\\HP\\OneDrive\\Desktop\\zanly\\server\\node_modules\\router\\lib\\layer.js:152:17)\n    at C:\\Users\\HP\\OneDrive\\Desktop\\zanly\\server\\node_modules\\router\\index.js:295:15\n    at processParams (C:\\Users\\HP\\OneDrive\\Desktop\\zanly\\server\\node_modules\\router\\index.js:582:12)\n    at next (C:\\Users\\HP\\OneDrive\\Desktop\\zanly\\server\\node_modules\\router\\index.js:291:5)\n    at Function.handle (C:\\Users\\HP\\OneDrive\\Desktop\\zanly\\server\\node_modules\\router\\index.js:186:3)","statusCode":401,"timestamp":"2025-10-06T09:10:40.459Z","url":"/api/v1/bookmark/get"}
{"ip":"::1","level":"error","message":"Authentication token not found","method":"GET","stack":"Error: Authentication token not found\n    at authMiddleware (file:///C:/Users/HP/OneDrive/Desktop/zanly/server/src/middlewares/auth.middleware.js:15:19)\n    at Layer.handleRequest (C:\\Users\\HP\\OneDrive\\Desktop\\zanly\\server\\node_modules\\router\\lib\\layer.js:152:17)\n    at next (C:\\Users\\HP\\OneDrive\\Desktop\\zanly\\server\\node_modules\\router\\lib\\route.js:157:13)\n    at Route.dispatch (C:\\Users\\HP\\OneDrive\\Desktop\\zanly\\server\\node_modules\\router\\lib\\route.js:117:3)\n    at handle (C:\\Users\\HP\\OneDrive\\Desktop\\zanly\\server\\node_modules\\router\\index.js:435:11)\n    at Layer.handleRequest (C:\\Users\\HP\\OneDrive\\Desktop\\zanly\\server\\node_modules\\router\\lib\\layer.js:152:17)\n    at C:\\Users\\HP\\OneDrive\\Desktop\\zanly\\server\\node_modules\\router\\index.js:295:15\n    at processParams (C:\\Users\\HP\\OneDrive\\Desktop\\zanly\\server\\node_modules\\router\\index.js:582:12)\n    at next (C:\\Users\\HP\\OneDrive\\Desktop\\zanly\\server\\node_modules\\router\\index.js:291:5)\n    at Function.handle (C:\\Users\\HP\\OneDrive\\Desktop\\zanly\\server\\node_modules\\router\\index.js:186:3)","statusCode":401,"timestamp":"2025-10-06T09:10:40.464Z","url":"/api/v1/app/notifications"}
{"ip":"::1","level":"error","message":"Authentication token not found","method":"GET","stack":"Error: Authentication token not found\n    at authMiddleware (file:///C:/Users/HP/OneDrive/Desktop/zanly/server/src/middlewares/auth.middleware.js:15:19)\n    at Layer.handleRequest (C:\\Users\\HP\\OneDrive\\Desktop\\zanly\\server\\node_modules\\router\\lib\\layer.js:152:17)\n    at next (C:\\Users\\HP\\OneDrive\\Desktop\\zanly\\server\\node_modules\\router\\lib\\route.js:157:13)\n    at Route.dispatch (C:\\Users\\HP\\OneDrive\\Desktop\\zanly\\server\\node_modules\\router\\lib\\route.js:117:3)\n    at handle (C:\\Users\\HP\\OneDrive\\Desktop\\zanly\\server\\node_modules\\router\\index.js:435:11)\n    at Layer.handleRequest (C:\\Users\\HP\\OneDrive\\Desktop\\zanly\\server\\node_modules\\router\\lib\\layer.js:152:17)\n    at C:\\Users\\HP\\OneDrive\\Desktop\\zanly\\server\\node_modules\\router\\index.js:295:15\n    at processParams (C:\\Users\\HP\\OneDrive\\Desktop\\zanly\\server\\node_modules\\router\\index.js:582:12)\n    at next (C:\\Users\\HP\\OneDrive\\Desktop\\zanly\\server\\node_modules\\router\\index.js:291:5)\n    at Function.handle (C:\\Users\\HP\\OneDrive\\Desktop\\zanly\\server\\node_modules\\router\\index.js:186:3)","statusCode":401,"timestamp":"2025-10-06T09:10:40.638Z","url":"/api/v1/user/materials?page=1&limit=12"}
{"ip":"::1","level":"error","message":"Authentication token not found","method":"GET","stack":"Error: Authentication token not found\n    at authMiddleware (file:///C:/Users/HP/OneDrive/Desktop/zanly/server/src/middlewares/auth.middleware.js:15:19)\n    at Layer.handleRequest (C:\\Users\\HP\\OneDrive\\Desktop\\zanly\\server\\node_modules\\router\\lib\\layer.js:152:17)\n    at next (C:\\Users\\HP\\OneDrive\\Desktop\\zanly\\server\\node_modules\\router\\lib\\route.js:157:13)\n    at Route.dispatch (C:\\Users\\HP\\OneDrive\\Desktop\\zanly\\server\\node_modules\\router\\lib\\route.js:117:3)\n    at handle (C:\\Users\\HP\\OneDrive\\Desktop\\zanly\\server\\node_modules\\router\\index.js:435:11)\n    at Layer.handleRequest (C:\\Users\\HP\\OneDrive\\Desktop\\zanly\\server\\node_modules\\router\\lib\\layer.js:152:17)\n    at C:\\Users\\HP\\OneDrive\\Desktop\\zanly\\server\\node_modules\\router\\index.js:295:15\n    at processParams (C:\\Users\\HP\\OneDrive\\Desktop\\zanly\\server\\node_modules\\router\\index.js:582:12)\n    at next (C:\\Users\\HP\\OneDrive\\Desktop\\zanly\\server\\node_modules\\router\\index.js:291:5)\n    at Function.handle (C:\\Users\\HP\\OneDrive\\Desktop\\zanly\\server\\node_modules\\router\\index.js:186:3)","statusCode":401,"timestamp":"2025-10-06T09:10:40.643Z","url":"/api/v1/bookmark/get"}
{"ip":"::1","level":"error","message":"Authentication token not found","method":"GET","stack":"Error: Authentication token not found\n    at authMiddleware (file:///C:/Users/HP/OneDrive/Desktop/zanly/server/src/middlewares/auth.middleware.js:15:19)\n    at Layer.handleRequest (C:\\Users\\HP\\OneDrive\\Desktop\\zanly\\server\\node_modules\\router\\lib\\layer.js:152:17)\n    at next (C:\\Users\\HP\\OneDrive\\Desktop\\zanly\\server\\node_modules\\router\\lib\\route.js:157:13)\n    at Route.dispatch (C:\\Users\\HP\\OneDrive\\Desktop\\zanly\\server\\node_modules\\router\\lib\\route.js:117:3)\n    at handle (C:\\Users\\HP\\OneDrive\\Desktop\\zanly\\server\\node_modules\\router\\index.js:435:11)\n    at Layer.handleRequest (C:\\Users\\HP\\OneDrive\\Desktop\\zanly\\server\\node_modules\\router\\lib\\layer.js:152:17)\n    at C:\\Users\\HP\\OneDrive\\Desktop\\zanly\\server\\node_modules\\router\\index.js:295:15\n    at processParams (C:\\Users\\HP\\OneDrive\\Desktop\\zanly\\server\\node_modules\\router\\index.js:582:12)\n    at next (C:\\Users\\HP\\OneDrive\\Desktop\\zanly\\server\\node_modules\\router\\index.js:291:5)\n    at Function.handle (C:\\Users\\HP\\OneDrive\\Desktop\\zanly\\server\\node_modules\\router\\index.js:186:3)","statusCode":401,"timestamp":"2025-10-06T09:10:40.653Z","url":"/api/v1/app/notifications"}
{"ip":"::1","level":"error","message":"Authentication token not found","method":"GET","stack":"Error: Authentication token not found\n    at authMiddleware (file:///C:/Users/HP/OneDrive/Desktop/zanly/server/src/middlewares/auth.middleware.js:15:19)\n    at Layer.handleRequest (C:\\Users\\HP\\OneDrive\\Desktop\\zanly\\server\\node_modules\\router\\lib\\layer.js:152:17)\n    at next (C:\\Users\\HP\\OneDrive\\Desktop\\zanly\\server\\node_modules\\router\\lib\\route.js:157:13)\n    at Route.dispatch (C:\\Users\\HP\\OneDrive\\Desktop\\zanly\\server\\node_modules\\router\\lib\\route.js:117:3)\n    at handle (C:\\Users\\HP\\OneDrive\\Desktop\\zanly\\server\\node_modules\\router\\index.js:435:11)\n    at Layer.handleRequest (C:\\Users\\HP\\OneDrive\\Desktop\\zanly\\server\\node_modules\\router\\lib\\layer.js:152:17)\n    at C:\\Users\\HP\\OneDrive\\Desktop\\zanly\\server\\node_modules\\router\\index.js:295:15\n    at processParams (C:\\Users\\HP\\OneDrive\\Desktop\\zanly\\server\\node_modules\\router\\index.js:582:12)\n    at next (C:\\Users\\HP\\OneDrive\\Desktop\\zanly\\server\\node_modules\\router\\index.js:291:5)\n    at Function.handle (C:\\Users\\HP\\OneDrive\\Desktop\\zanly\\server\\node_modules\\router\\index.js:186:3)","statusCode":401,"timestamp":"2025-10-06T09:10:40.829Z","url":"/api/v1/user/materials?page=1&limit=12"}
{"ip":"::1","level":"error","message":"Authentication token not found","method":"GET","stack":"Error: Authentication token not found\n    at authMiddleware (file:///C:/Users/HP/OneDrive/Desktop/zanly/server/src/middlewares/auth.middleware.js:15:19)\n    at Layer.handleRequest (C:\\Users\\HP\\OneDrive\\Desktop\\zanly\\server\\node_modules\\router\\lib\\layer.js:152:17)\n    at next (C:\\Users\\HP\\OneDrive\\Desktop\\zanly\\server\\node_modules\\router\\lib\\route.js:157:13)\n    at Route.dispatch (C:\\Users\\HP\\OneDrive\\Desktop\\zanly\\server\\node_modules\\router\\lib\\route.js:117:3)\n    at handle (C:\\Users\\HP\\OneDrive\\Desktop\\zanly\\server\\node_modules\\router\\index.js:435:11)\n    at Layer.handleRequest (C:\\Users\\HP\\OneDrive\\Desktop\\zanly\\server\\node_modules\\router\\lib\\layer.js:152:17)\n    at C:\\Users\\HP\\OneDrive\\Desktop\\zanly\\server\\node_modules\\router\\index.js:295:15\n    at processParams (C:\\Users\\HP\\OneDrive\\Desktop\\zanly\\server\\node_modules\\router\\index.js:582:12)\n    at next (C:\\Users\\HP\\OneDrive\\Desktop\\zanly\\server\\node_modules\\router\\index.js:291:5)\n    at Function.handle (C:\\Users\\HP\\OneDrive\\Desktop\\zanly\\server\\node_modules\\router\\index.js:186:3)","statusCode":401,"timestamp":"2025-10-06T09:10:41.025Z","url":"/api/v1/user/materials?page=1&limit=12"}
{"ip":"::1","level":"error","message":"Authentication token not found","method":"GET","stack":"Error: Authentication token not found\n    at authMiddleware (file:///C:/Users/HP/OneDrive/Desktop/zanly/server/src/middlewares/auth.middleware.js:15:19)\n    at Layer.handleRequest (C:\\Users\\HP\\OneDrive\\Desktop\\zanly\\server\\node_modules\\router\\lib\\layer.js:152:17)\n    at next (C:\\Users\\HP\\OneDrive\\Desktop\\zanly\\server\\node_modules\\router\\lib\\route.js:157:13)\n    at Route.dispatch (C:\\Users\\HP\\OneDrive\\Desktop\\zanly\\server\\node_modules\\router\\lib\\route.js:117:3)\n    at handle (C:\\Users\\HP\\OneDrive\\Desktop\\zanly\\server\\node_modules\\router\\index.js:435:11)\n    at Layer.handleRequest (C:\\Users\\HP\\OneDrive\\Desktop\\zanly\\server\\node_modules\\router\\lib\\layer.js:152:17)\n    at C:\\Users\\HP\\OneDrive\\Desktop\\zanly\\server\\node_modules\\router\\index.js:295:15\n    at processParams (C:\\Users\\HP\\OneDrive\\Desktop\\zanly\\server\\node_modules\\router\\index.js:582:12)\n    at next (C:\\Users\\HP\\OneDrive\\Desktop\\zanly\\server\\node_modules\\router\\index.js:291:5)\n    at Function.handle (C:\\Users\\HP\\OneDrive\\Desktop\\zanly\\server\\node_modules\\router\\index.js:186:3)","statusCode":401,"timestamp":"2025-10-06T09:10:41.211Z","url":"/api/v1/user/materials?page=1&limit=12"}
{"ip":"::1","level":"error","message":"Authentication token not found","method":"GET","stack":"Error: Authentication token not found\n    at authMiddleware (file:///C:/Users/HP/OneDrive/Desktop/zanly/server/src/middlewares/auth.middleware.js:15:19)\n    at Layer.handleRequest (C:\\Users\\HP\\OneDrive\\Desktop\\zanly\\server\\node_modules\\router\\lib\\layer.js:152:17)\n    at next (C:\\Users\\HP\\OneDrive\\Desktop\\zanly\\server\\node_modules\\router\\lib\\route.js:157:13)\n    at Route.dispatch (C:\\Users\\HP\\OneDrive\\Desktop\\zanly\\server\\node_modules\\router\\lib\\route.js:117:3)\n    at handle (C:\\Users\\HP\\OneDrive\\Desktop\\zanly\\server\\node_modules\\router\\index.js:435:11)\n    at Layer.handleRequest (C:\\Users\\HP\\OneDrive\\Desktop\\zanly\\server\\node_modules\\router\\lib\\layer.js:152:17)\n    at C:\\Users\\HP\\OneDrive\\Desktop\\zanly\\server\\node_modules\\router\\index.js:295:15\n    at processParams (C:\\Users\\HP\\OneDrive\\Desktop\\zanly\\server\\node_modules\\router\\index.js:582:12)\n    at next (C:\\Users\\HP\\OneDrive\\Desktop\\zanly\\server\\node_modules\\router\\index.js:291:5)\n    at Function.handle (C:\\Users\\HP\\OneDrive\\Desktop\\zanly\\server\\node_modules\\router\\index.js:186:3)","statusCode":401,"timestamp":"2025-10-06T09:10:44.067Z","url":"/api/v1/user/get"}
{"ip":"::1","level":"error","message":"Authentication token not found","method":"GET","stack":"Error: Authentication token not found\n    at authMiddleware (file:///C:/Users/HP/OneDrive/Desktop/zanly/server/src/middlewares/auth.middleware.js:15:19)\n    at Layer.handleRequest (C:\\Users\\HP\\OneDrive\\Desktop\\zanly\\server\\node_modules\\router\\lib\\layer.js:152:17)\n    at next (C:\\Users\\HP\\OneDrive\\Desktop\\zanly\\server\\node_modules\\router\\lib\\route.js:157:13)\n    at Route.dispatch (C:\\Users\\HP\\OneDrive\\Desktop\\zanly\\server\\node_modules\\router\\lib\\route.js:117:3)\n    at handle (C:\\Users\\HP\\OneDrive\\Desktop\\zanly\\server\\node_modules\\router\\index.js:435:11)\n    at Layer.handleRequest (C:\\Users\\HP\\OneDrive\\Desktop\\zanly\\server\\node_modules\\router\\lib\\layer.js:152:17)\n    at C:\\Users\\HP\\OneDrive\\Desktop\\zanly\\server\\node_modules\\router\\index.js:295:15\n    at processParams (C:\\Users\\HP\\OneDrive\\Desktop\\zanly\\server\\node_modules\\router\\index.js:582:12)\n    at next (C:\\Users\\HP\\OneDrive\\Desktop\\zanly\\server\\node_modules\\router\\index.js:291:5)\n    at Function.handle (C:\\Users\\HP\\OneDrive\\Desktop\\zanly\\server\\node_modules\\router\\index.js:186:3)","statusCode":401,"timestamp":"2025-10-06T09:10:44.259Z","url":"/api/v1/user/get"}
{"accessToken":"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","email":"udesignfaizcasm@gmail.com","id":"138277686","image":"https://avatars.githubusercontent.com/u/138277686?v=4","level":"info","message":"OAuth login for existing user","name":"Faizan Hameed Tantray","timestamp":"2025-10-06T09:10:51.731Z"}
{"level":"info","message":"User data fetched: udesignfaizcasm@gmail.com","timestamp":"2025-10-06T09:10:54.335Z"}
{"level":"info","message":"User data fetched: udesignfaizcasm@gmail.com","timestamp":"2025-10-06T09:10:54.512Z"}
{"level":"warn","message":"No bookmarks found for user 6","timestamp":"2025-10-06T09:10:54.729Z"}
{"ip":"::1","level":"error","message":"No bookmarks found","method":"GET","stack":"Error: No bookmarks found\n    at getMyBookmarks (file:///C:/Users/HP/OneDrive/Desktop/zanly/server/src/controllers/bookmark.controller.js:91:17)","statusCode":404,"timestamp":"2025-10-06T09:10:54.732Z","url":"/api/v1/bookmark/get"}
{"level":"warn","message":"No bookmarks found for user 6","timestamp":"2025-10-06T09:10:54.908Z"}
{"ip":"::1","level":"error","message":"No bookmarks found","method":"GET","stack":"Error: No bookmarks found\n    at getMyBookmarks (file:///C:/Users/HP/OneDrive/Desktop/zanly/server/src/controllers/bookmark.controller.js:91:17)","statusCode":404,"timestamp":"2025-10-06T09:10:54.909Z","url":"/api/v1/bookmark/get"}
{"level":"info","message":"User logged out: udesignfaizcasm@gmail.com","timestamp":"2025-10-06T09:11:03.984Z"}
{"accessToken":"ya29.a0AQQ_BDTLqUdHQDwWHiXN68rps4cyy_5WSJ2ILit_WWSeeOgmcFeTm1sq7d5WiVL67Sp-pFXyXw08OzBmmR4PACqrsCwv3dRv1s0QP3G5i0VpgIumhB7fI8zmK6ee0c3mjpPrsxp9U-lBQRDHsTTnu2cgBj_SitEVyVOv4VsSoW2SjSSXmGM4sFxI4QKodzdGPbJDbUqLaCgYKAcASARQSFQHGX2Mig-npFLZS_6Nf9o3hcFwgmg0207","email":"faizanhameed690@gmail.com","image":"https://lh3.googleusercontent.com/a/ACg8ocJNezmPuPTLe-fI4xdR_uzi-wv30QIp9iGS65ktXANla_veBZUK=s96-c","level":"info","message":"OAuth login for existing user","name":"Faizan Hameed Tantray","timestamp":"2025-10-06T09:11:13.579Z"}
{"level":"info","message":"User data fetched: faizanhameed690@gmail.com","timestamp":"2025-10-06T09:11:16.276Z"}
{"level":"info","message":"User data fetched: faizanhameed690@gmail.com","timestamp":"2025-10-06T09:11:16.446Z"}
{"level":"info","message":"Fetched materials page 1 from DB","timestamp":"2025-10-06T09:11:16.692Z"}
{"level":"info","message":"Fetched users page 1 from DB","timestamp":"2025-10-06T09:11:16.695Z"}
{"level":"info","message":"Fetched materials page 1 from cache","timestamp":"2025-10-06T09:11:16.864Z"}
{"level":"info","message":"Fetched users page 1 from cache","timestamp":"2025-10-06T09:11:16.874Z"}
{"level":"info","message":"Fetched materials page 1 from DB","timestamp":"2025-10-06T09:11:17.063Z"}
{"level":"info","message":"Fetched materials page 1 from cache","timestamp":"2025-10-06T09:11:17.246Z"}
{"level":"info","message":"Fetched users page 1 from DB","timestamp":"2025-10-06T09:11:27.951Z"}
{"level":"info","message":"Fetched users page 1 from cache","timestamp":"2025-10-06T09:11:28.126Z"}
{"level":"info","message":"Fetched materials page 1 from DB","timestamp":"2025-10-06T09:11:49.010Z"}
{"level":"info","message":"Fetched materials page 1 from cache","timestamp":"2025-10-06T09:11:49.195Z"}
{"level":"info","message":"Fetched materials page 1 from cache","timestamp":"2025-10-06T09:11:49.385Z"}
{"level":"info","message":"Fetched material: Notes","timestamp":"2025-10-06T09:11:51.558Z"}
{"level":"warn","message":"No bookmarks found for user 1","timestamp":"2025-10-06T09:12:19.985Z"}
{"ip":"::1","level":"error","message":"No bookmarks found","method":"GET","stack":"Error: No bookmarks found\n    at getMyBookmarks (file:///C:/Users/HP/OneDrive/Desktop/zanly/server/src/controllers/bookmark.controller.js:91:17)","statusCode":404,"timestamp":"2025-10-06T09:12:19.986Z","url":"/api/v1/bookmark/get"}
{"level":"warn","message":"No bookmarks found for user 1","timestamp":"2025-10-06T09:12:20.193Z"}
{"ip":"::1","level":"error","message":"No bookmarks found","method":"GET","stack":"Error: No bookmarks found\n    at getMyBookmarks (file:///C:/Users/HP/OneDrive/Desktop/zanly/server/src/controllers/bookmark.controller.js:91:17)","statusCode":404,"timestamp":"2025-10-06T09:12:20.194Z","url":"/api/v1/bookmark/get"}
{"level":"info","message":"Cron job success: http://localhost:4000 - Status: 200","timestamp":"2025-10-06T09:20:00.070Z"}
{"level":"info","message":"Cron job success: http://localhost:4000 - Status: 200","timestamp":"2025-10-06T09:30:00.055Z"}
{"level":"info","message":"Cron job success: http://localhost:4000 - Status: 200","timestamp":"2025-10-06T09:40:00.035Z"}
{"level":"info","message":"User data fetched: faizanhameed690@gmail.com","timestamp":"2025-10-06T09:42:49.736Z"}
{"level":"info","message":"User data fetched: faizanhameed690@gmail.com","timestamp":"2025-10-06T09:42:49.743Z"}
{"level":"warn","message":"No bookmarks found for user 1","timestamp":"2025-10-06T09:42:49.859Z"}
{"ip":"::1","level":"error","message":"No bookmarks found","method":"GET","stack":"Error: No bookmarks found\n    at getMyBookmarks (file:///C:/Users/HP/OneDrive/Desktop/zanly/server/src/controllers/bookmark.controller.js:91:17)","statusCode":404,"timestamp":"2025-10-06T09:42:49.860Z","url":"/api/v1/bookmark/get"}
{"level":"warn","message":"No bookmarks found for user 1","timestamp":"2025-10-06T09:42:49.884Z"}
{"ip":"::1","level":"error","message":"No bookmarks found","method":"GET","stack":"Error: No bookmarks found\n    at getMyBookmarks (file:///C:/Users/HP/OneDrive/Desktop/zanly/server/src/controllers/bookmark.controller.js:91:17)","statusCode":404,"timestamp":"2025-10-06T09:42:49.885Z","url":"/api/v1/bookmark/get"}
{"level":"info","message":"Cron job success: http://localhost:4000 - Status: 200","timestamp":"2025-10-06T09:50:00.054Z"}
