{"level":"info","message":"Cron job success: http://localhost:4000 - Status: 200","timestamp":"2025-10-01T08:00:00.062Z"}
{"level":"info","message":"Fetched users page 1 from DB","timestamp":"2025-10-01T08:03:23.674Z"}
{"level":"info","message":"Fetched users page 1 from cache","timestamp":"2025-10-01T08:05:21.036Z"}
{"level":"info","message":"Admin deleted user: hey@gmail.com","timestamp":"2025-10-01T08:05:38.698Z"}
{"level":"info","message":"Admin deleted user: udesignfaizcasm@gmail.com","timestamp":"2025-10-01T08:05:56.686Z"}
{"level":"info","message":"Fetched users page 1 from cache","timestamp":"2025-10-01T08:06:39.809Z"}
{"level":"info","message":"Fetched materials page 1 from DB","timestamp":"2025-10-01T08:06:46.316Z"}
{"ip":"::1","level":"error","message":"Title and description are required","method":"POST","stack":"Error: Title and description are required\n    at addNotification (file:///C:/Users/HP/OneDrive/Desktop/zanly/server/src/controllers/admin.controller.js:233:17)\n    at asyncUtilWrap (C:\\Users\\HP\\OneDrive\\Desktop\\zanly\\server\\node_modules\\express-async-handler\\index.js:3:20)\n    at Layer.handleRequest (C:\\Users\\HP\\OneDrive\\Desktop\\zanly\\server\\node_modules\\router\\lib\\layer.js:152:17)\n    at next (C:\\Users\\HP\\OneDrive\\Desktop\\zanly\\server\\node_modules\\router\\lib\\route.js:157:13)\n    at Route.dispatch (C:\\Users\\HP\\OneDrive\\Desktop\\zanly\\server\\node_modules\\router\\lib\\route.js:117:3)\n    at handle (C:\\Users\\HP\\OneDrive\\Desktop\\zanly\\server\\node_modules\\router\\index.js:435:11)\n    at Layer.handleRequest (C:\\Users\\HP\\OneDrive\\Desktop\\zanly\\server\\node_modules\\router\\lib\\layer.js:152:17)\n    at C:\\Users\\HP\\OneDrive\\Desktop\\zanly\\server\\node_modules\\router\\index.js:295:15\n    at processParams (C:\\Users\\HP\\OneDrive\\Desktop\\zanly\\server\\node_modules\\router\\index.js:582:12)\n    at next (C:\\Users\\HP\\OneDrive\\Desktop\\zanly\\server\\node_modules\\router\\index.js:291:5)","statusCode":400,"timestamp":"2025-10-01T08:07:04.130Z","url":"/api/v1/admin/notification/add"}
{"level":"info","message":"Fetched users page 1 from cache","timestamp":"2025-10-01T08:07:10.057Z"}
{"level":"info","message":"Fetched users page 1 from cache","timestamp":"2025-10-01T08:07:15.452Z"}
{"level":"info","message":"Redis conneted","timestamp":"2025-10-01T08:07:58.910Z"}
{"level":"info","message":"Database connected","timestamp":"2025-10-01T08:07:58.915Z"}
{"level":"info","message":"Cron job started: Sending request to http://localhost:4000 every 10 minutes","timestamp":"2025-10-01T08:07:58.953Z"}
{"level":"info","message":"Server started at port","timestamp":"2025-10-01T08:07:58.954Z"}
{"level":"info","message":"http://localhost:4000","timestamp":"2025-10-01T08:07:58.955Z"}
{"level":"info","message":"Redis conneted","timestamp":"2025-10-01T08:09:43.713Z"}
{"level":"info","message":"Database connected","timestamp":"2025-10-01T08:09:43.719Z"}
{"level":"info","message":"Cron job started: Sending request to http://localhost:4000 every 10 minutes","timestamp":"2025-10-01T08:09:43.774Z"}
{"level":"info","message":"Server started at port","timestamp":"2025-10-01T08:09:43.775Z"}
{"level":"info","message":"http://localhost:4000","timestamp":"2025-10-01T08:09:43.776Z"}
{"level":"info","message":"Redis conneted","timestamp":"2025-10-01T08:09:46.455Z"}
{"level":"info","message":"Database connected","timestamp":"2025-10-01T08:09:46.463Z"}
{"level":"info","message":"Cron job started: Sending request to http://localhost:4000 every 10 minutes","timestamp":"2025-10-01T08:09:46.509Z"}
{"level":"info","message":"Server started at port","timestamp":"2025-10-01T08:09:46.510Z"}
{"level":"info","message":"http://localhost:4000","timestamp":"2025-10-01T08:09:46.510Z"}
{"level":"info","message":"Fetched materials page 1 from cache","timestamp":"2025-10-01T08:09:53.820Z"}
{"level":"info","message":"Fetched materials page 1 from cache","timestamp":"2025-10-01T08:09:56.275Z"}
{"level":"info","message":"Cron job success: http://localhost:4000 - Status: 200","timestamp":"2025-10-01T08:10:00.048Z"}
{"level":"info","message":"Fetched materials page 1 from cache","timestamp":"2025-10-01T08:10:03.655Z"}
{"level":"info","message":"Fetched materials page 1 from cache","timestamp":"2025-10-01T08:10:06.184Z"}
{"level":"info","message":"Fetched materials page 1 from cache","timestamp":"2025-10-01T08:10:39.619Z"}
{"level":"info","message":"Fetched materials page 1 from cache","timestamp":"2025-10-01T08:11:23.789Z"}
{"level":"info","message":"Fetched materials page 1 from cache","timestamp":"2025-10-01T08:11:29.087Z"}
{"level":"info","message":"Fetched materials page 1 from cache","timestamp":"2025-10-01T08:11:35.525Z"}
{"level":"info","message":"Fetched materials page 1 from cache","timestamp":"2025-10-01T08:11:38.711Z"}
{"level":"info","message":"Fetched materials page 1 from cache","timestamp":"2025-10-01T08:11:43.667Z"}
{"level":"info","message":"Fetched materials page 1 from DB","timestamp":"2025-10-01T08:12:49.229Z"}
{"level":"info","message":"Material approved: JK Bose Class 10 English 2025","timestamp":"2025-10-01T08:13:00.911Z"}
{"level":"info","message":"Fetched materials page 1 from cache","timestamp":"2025-10-01T08:13:00.923Z"}
{"level":"info","message":"Fetched materials page 1 from cache","timestamp":"2025-10-01T08:13:19.084Z"}
{"level":"info","message":"Fetched materials page 1 from DB","timestamp":"2025-10-01T08:14:28.628Z"}
{"ip":"::1","level":"error","message":"Title and description are required","method":"POST","stack":"Error: Title and description are required\n    at addNotification (file:///C:/Users/HP/OneDrive/Desktop/zanly/server/src/controllers/admin.controller.js:233:17)\n    at asyncUtilWrap (C:\\Users\\HP\\OneDrive\\Desktop\\zanly\\server\\node_modules\\express-async-handler\\index.js:3:20)\n    at Layer.handleRequest (C:\\Users\\HP\\OneDrive\\Desktop\\zanly\\server\\node_modules\\router\\lib\\layer.js:152:17)\n    at next (C:\\Users\\HP\\OneDrive\\Desktop\\zanly\\server\\node_modules\\router\\lib\\route.js:157:13)\n    at Route.dispatch (C:\\Users\\HP\\OneDrive\\Desktop\\zanly\\server\\node_modules\\router\\lib\\route.js:117:3)\n    at handle (C:\\Users\\HP\\OneDrive\\Desktop\\zanly\\server\\node_modules\\router\\index.js:435:11)\n    at Layer.handleRequest (C:\\Users\\HP\\OneDrive\\Desktop\\zanly\\server\\node_modules\\router\\lib\\layer.js:152:17)\n    at C:\\Users\\HP\\OneDrive\\Desktop\\zanly\\server\\node_modules\\router\\index.js:295:15\n    at processParams (C:\\Users\\HP\\OneDrive\\Desktop\\zanly\\server\\node_modules\\router\\index.js:582:12)\n    at next (C:\\Users\\HP\\OneDrive\\Desktop\\zanly\\server\\node_modules\\router\\index.js:291:5)","statusCode":400,"timestamp":"2025-10-01T08:19:52.663Z","url":"/api/v1/admin/notification/add"}
{"level":"info","message":"Cron job success: http://localhost:4000 - Status: 200","timestamp":"2025-10-01T08:20:00.048Z"}
{"level":"info","message":"Redis conneted","timestamp":"2025-10-01T08:21:24.809Z"}
{"level":"info","message":"Database connected","timestamp":"2025-10-01T08:21:24.816Z"}
{"level":"info","message":"Cron job started: Sending request to http://localhost:4000 every 10 minutes","timestamp":"2025-10-01T08:21:24.867Z"}
{"level":"info","message":"Server started at port","timestamp":"2025-10-01T08:21:24.868Z"}
{"level":"info","message":"http://localhost:4000","timestamp":"2025-10-01T08:21:24.869Z"}
{"level":"info","message":"Fetched users page 1 from DB","timestamp":"2025-10-01T08:22:36.758Z"}
{"level":"info","message":"Cron job success: http://localhost:4000 - Status: 200","timestamp":"2025-10-01T08:30:00.108Z"}
{"level":"info","message":"Cron job success: http://localhost:4000 - Status: 200","timestamp":"2025-10-01T08:40:00.047Z"}
{"createdAt":"2025-10-01T08:43:21.176Z","email":"clownm18@gmail.com","id":5,"image":"https://lh3.googleusercontent.com/a/ACg8ocK5LxoBcJ0LU4M52K_j_edhWwCfDQdLpFoO7dl6XQRBMqTupw=s96-c","level":"info","message":"OAuth new user created","name":"MR CLOWN","otp":null,"otpExpiry":null,"password":null,"publicId":null,"role":"USER","timestamp":"2025-10-01T08:43:21.185Z","updatedAt":"2025-10-01T08:43:21.176Z"}
{"accessToken":"ya29.a0AQQ_BDQAPbtHjDcXx0HKWv9UQ-Y8JoEdUSgk-eQjpEU4ez0TMoLNIpkP-61olJd1hnbEXl1k11ibS51Bgo2MS-xAXTIeQJUfa6_lbrVTv3FfKVY6PXZxDOn4jjGEu-ilqLPkpM7CpafEb6WG4dd13hkSYp-7b94Db_JFjBxKHNSX-1wTpGied34EZbj3p2zcWz-eNxZMaCgYKAXISARQSFQHGX2Mi6xSczz7DJeFSYRXwJGidBA0207","email":"faizanhameed690@gmail.com","image":"https://lh3.googleusercontent.com/a/ACg8ocJNezmPuPTLe-fI4xdR_uzi-wv30QIp9iGS65ktXANla_veBZUK=s96-c","level":"info","message":"OAuth login for existing user","name":"Faizan Hameed Tantray","timestamp":"2025-10-01T08:43:31.086Z"}
{"level":"info","message":"Redis conneted","timestamp":"2025-10-01T08:44:01.303Z"}
{"level":"info","message":"Database connected","timestamp":"2025-10-01T08:44:01.311Z"}
{"level":"info","message":"Cron job started: Sending request to http://localhost:4000 every 10 minutes","timestamp":"2025-10-01T08:44:01.382Z"}
{"level":"info","message":"Server started at port","timestamp":"2025-10-01T08:44:01.383Z"}
{"level":"info","message":"http://localhost:4000","timestamp":"2025-10-01T08:44:01.384Z"}
{"accessToken":"ya29.a0AQQ_BDSJMu02kWa5AZUY0vGl-L29SgLjYZVGjs8X9gFvodzM3tSsv0ClI5fYsRXuCJR765UCCTlNeuPetHsDyEEeWWiAL1Qgi-yAbXiUMesnma1fNmUeoQqghkeDi791imf54MdcgVvcBsR34jFwGKg4RKc0ESnFeXn5j3HhR3DTHX7nZaCGamWOX16o3abL6dL3xsoyaCgYKAbASARQSFQHGX2MihOn5KhYoMPmHSpmDSNi90g0207","email":"faizanhameed690@gmail.com","image":"https://lh3.googleusercontent.com/a/ACg8ocJNezmPuPTLe-fI4xdR_uzi-wv30QIp9iGS65ktXANla_veBZUK=s96-c","level":"info","message":"OAuth login for existing user","name":"Faizan Hameed Tantray","timestamp":"2025-10-01T08:44:43.681Z"}
{"level":"info","message":"Fetched users page 1 from DB","timestamp":"2025-10-01T08:44:44.626Z"}
{"level":"info","message":"Fetched materials page 1 from DB","timestamp":"2025-10-01T08:44:49.654Z"}
{"level":"info","message":"Fetched users page 1 from cache","timestamp":"2025-10-01T08:44:57.427Z"}
{"level":"info","message":"Fetched materials page 1 from cache","timestamp":"2025-10-01T08:45:02.375Z"}
{"level":"info","message":"Fetched users page 1 from cache","timestamp":"2025-10-01T08:45:05.254Z"}
{"level":"info","message":"Fetched users page 1 from cache","timestamp":"2025-10-01T08:45:10.978Z"}
{"level":"info","message":"Cron job success: http://localhost:4000 - Status: 200","timestamp":"2025-10-01T08:50:00.179Z"}
{"level":"info","message":"Cron job success: http://localhost:4000 - Status: 200","timestamp":"2025-10-01T09:00:00.088Z"}
{"accessToken":"ya29.a0AQQ_BDTCPndQ3Lt6Pl4ApkCZ4FEWXxjDpMHzxvL5WQyGOH9Levh5b7LbdDvFkPNpZTZL9J8wThYAo0pSjQwoiDGZuQnhga7Po64nhVwQ-boBOwNGcYaUR4T52J6F3iKJp5NYZ693Jxu9xf-fZ3p7iEe4kopiIPCE2jLZcO24yUd-kkRKVOtGMKMIujFRo0JgZKK410FDaCgYKAecSARQSFQHGX2Mixe2oOP3PtMMPLsA8P7o7VA0207","email":"faizanhameed690@gmail.com","image":"https://lh3.googleusercontent.com/a/ACg8ocJNezmPuPTLe-fI4xdR_uzi-wv30QIp9iGS65ktXANla_veBZUK=s96-c","level":"info","message":"OAuth login for existing user","name":"Faizan Hameed Tantray","timestamp":"2025-10-01T09:09:07.300Z"}
{"level":"info","message":"Fetched users page 1 from DB","timestamp":"2025-10-01T09:09:08.200Z"}
{"level":"info","message":"Fetched materials page 1 from DB","timestamp":"2025-10-01T09:09:08.299Z"}
{"level":"info","message":"Fetched materials page 1 from DB","timestamp":"2025-10-01T09:09:08.334Z"}
{"level":"info","message":"Cron job success: http://localhost:4000 - Status: 200","timestamp":"2025-10-01T09:10:00.067Z"}
{"level":"info","message":"Cron job success: http://localhost:4000 - Status: 200","timestamp":"2025-10-01T09:20:00.041Z"}
{"accessToken":"ya29.a0AQQ_BDThqrXeKmlpfk1lh3roUcOG6dR_rheQ6WR9aGAnfHGokR8O5TgwctUtZ3DwxmwcF4eyZ2gnxckDBLFPtGgiQgDu1gU26gmZ_Fb5Q3ZsGz7YCIwGQtLAG79RXbcyE-BYpEVSxJqlGIjVha_D0IitXDOGppG8kYZXXbuad94qWFjDS857TK4sLi57_T-fiKPHjeJDaCgYKAR4SARQSFQHGX2Miuzr9oU0WGIEvtxcCimxjYw0207","email":"faizanhameed690@gmail.com","image":"https://lh3.googleusercontent.com/a/ACg8ocJNezmPuPTLe-fI4xdR_uzi-wv30QIp9iGS65ktXANla_veBZUK=s96-c","level":"info","message":"OAuth login for existing user","name":"Faizan Hameed Tantray","timestamp":"2025-10-01T09:25:15.716Z"}
{"level":"info","message":"User logged in: faizanhameed690@gmail.com","timestamp":"2025-10-01T09:25:41.252Z"}
{"accessToken":"ya29.a0AQQ_BDSoPBtHUn8j4LbVyC695k3beC-YvdDQbiNZSEULyC4Q9grpd-wzYkgkMbuzceBXgsPy4Hu6KGSVQCojhLY8mcy2K7lUViG0QM4fXjx0GEusETByZlcTy5UmvFMPaw2ZxDF2tzUNv0-UT1zuIJR2oWyOdqNZtqOZGdnkgdp3-usuwA0zZRTfFNwwHRYkEnpJ40IqaCgYKASwSARQSFQHGX2MiUT-dWiIEjMVxVVeKNRWFxw0207","email":"faizanhameed690@gmail.com","image":"https://lh3.googleusercontent.com/a/ACg8ocJNezmPuPTLe-fI4xdR_uzi-wv30QIp9iGS65ktXANla_veBZUK=s96-c","level":"info","message":"OAuth login for existing user","name":"Faizan Hameed Tantray","timestamp":"2025-10-01T09:26:01.994Z"}
{"level":"info","message":"Cron job success: http://localhost:4000 - Status: 200","timestamp":"2025-10-01T09:30:00.115Z"}
{"level":"info","message":"Cron job success: http://localhost:4000 - Status: 200","timestamp":"2025-10-01T09:40:00.060Z"}
{"level":"info","message":"Cron job success: http://localhost:4000 - Status: 200","timestamp":"2025-10-01T09:50:00.038Z"}
{"level":"info","message":"Cron job success: http://localhost:4000 - Status: 200","timestamp":"2025-10-01T10:00:00.159Z"}
