{"level":"info","message":"Redis conneted","timestamp":"2025-10-09T08:22:23.246Z"}
{"level":"info","message":"Database connected","timestamp":"2025-10-09T08:22:23.255Z"}
{"level":"info","message":"Cron job started: Sending request to http://localhost:4000 every 10 minutes","timestamp":"2025-10-09T08:22:23.397Z"}
{"level":"info","message":"Server started at port","timestamp":"2025-10-09T08:22:23.399Z"}
{"level":"info","message":"http://localhost:4000","timestamp":"2025-10-09T08:22:23.400Z"}
{"level":"info","message":"User data fetched: faizanhameed690@gmail.com","timestamp":"2025-10-09T08:22:47.536Z"}
{"level":"info","message":"User data fetched: faizanhameed690@gmail.com","timestamp":"2025-10-09T08:22:47.568Z"}
{"level":"info","message":"Fetched materials page 1 from DB","timestamp":"2025-10-09T08:22:47.726Z"}
{"level":"info","message":"Fetched materials page 1 from cache","timestamp":"2025-10-09T08:22:47.751Z"}
{"level":"info","message":"Fetched users page 1 from DB","timestamp":"2025-10-09T08:22:47.921Z"}
{"level":"info","message":"Fetched users page 1 from cache","timestamp":"2025-10-09T08:22:47.933Z"}
{"level":"info","message":"Fetched materials page 1 from DB","timestamp":"2025-10-09T08:22:48.049Z"}
{"level":"info","message":"Fetched materials page 1 from cache","timestamp":"2025-10-09T08:22:48.061Z"}
{"level":"info","message":"User data fetched: faizanhameed690@gmail.com","timestamp":"2025-10-09T08:27:35.319Z"}
{"level":"info","message":"User data fetched: faizanhameed690@gmail.com","timestamp":"2025-10-09T08:27:42.117Z"}
{"level":"info","message":"User data fetched: faizanhameed690@gmail.com","timestamp":"2025-10-09T08:27:45.117Z"}
{"level":"info","message":"User data fetched: faizanhameed690@gmail.com","timestamp":"2025-10-09T08:27:47.103Z"}
{"level":"info","message":"Redis conneted","timestamp":"2025-10-09T08:28:24.410Z"}
{"level":"info","message":"Database connected","timestamp":"2025-10-09T08:28:24.433Z"}
{"level":"info","message":"Cron job started: Sending request to http://localhost:4000 every 10 minutes","timestamp":"2025-10-09T08:28:24.635Z"}
{"level":"info","message":"Server started at port","timestamp":"2025-10-09T08:28:24.641Z"}
{"level":"info","message":"http://localhost:4000","timestamp":"2025-10-09T08:28:24.644Z"}
{"level":"info","message":"Redis conneted","timestamp":"2025-10-09T08:28:30.733Z"}
{"level":"info","message":"Database connected","timestamp":"2025-10-09T08:28:30.740Z"}
{"level":"info","message":"Cron job started: Sending request to http://localhost:4000 every 10 minutes","timestamp":"2025-10-09T08:28:30.785Z"}
{"level":"info","message":"Server started at port","timestamp":"2025-10-09T08:28:30.787Z"}
{"level":"info","message":"http://localhost:4000","timestamp":"2025-10-09T08:28:30.788Z"}
{"level":"info","message":"Redis conneted","timestamp":"2025-10-09T08:29:21.734Z"}
{"level":"info","message":"Database connected","timestamp":"2025-10-09T08:29:21.745Z"}
{"level":"info","message":"Cron job started: Sending request to http://localhost:4000 every 10 minutes","timestamp":"2025-10-09T08:29:21.818Z"}
{"level":"info","message":"Server started at port","timestamp":"2025-10-09T08:29:21.820Z"}
{"level":"info","message":"http://localhost:4000","timestamp":"2025-10-09T08:29:21.821Z"}
{"level":"info","message":"Redis conneted","timestamp":"2025-10-09T08:29:27.756Z"}
{"level":"info","message":"Database connected","timestamp":"2025-10-09T08:29:27.768Z"}
{"level":"info","message":"Cron job started: Sending request to http://localhost:4000 every 10 minutes","timestamp":"2025-10-09T08:29:27.846Z"}
{"level":"info","message":"Server started at port","timestamp":"2025-10-09T08:29:27.847Z"}
{"level":"info","message":"http://localhost:4000","timestamp":"2025-10-09T08:29:27.848Z"}
{"level":"info","message":"Redis conneted","timestamp":"2025-10-09T08:29:39.052Z"}
{"level":"info","message":"Database connected","timestamp":"2025-10-09T08:29:39.066Z"}
{"level":"info","message":"Cron job started: Sending request to http://localhost:4000 every 10 minutes","timestamp":"2025-10-09T08:29:39.157Z"}
{"level":"info","message":"Server started at port","timestamp":"2025-10-09T08:29:39.159Z"}
{"level":"info","message":"http://localhost:4000","timestamp":"2025-10-09T08:29:39.160Z"}
{"level":"info","message":"Redis conneted","timestamp":"2025-10-09T08:29:44.132Z"}
{"level":"info","message":"Database connected","timestamp":"2025-10-09T08:29:44.147Z"}
{"level":"info","message":"Cron job started: Sending request to http://localhost:4000 every 10 minutes","timestamp":"2025-10-09T08:29:44.271Z"}
{"level":"info","message":"Server started at port","timestamp":"2025-10-09T08:29:44.282Z"}
{"level":"info","message":"http://localhost:4000","timestamp":"2025-10-09T08:29:44.293Z"}
{"level":"info","message":"Redis conneted","timestamp":"2025-10-09T08:29:47.975Z"}
{"level":"info","message":"Database connected","timestamp":"2025-10-09T08:29:47.980Z"}
{"level":"info","message":"Cron job started: Sending request to http://localhost:4000 every 10 minutes","timestamp":"2025-10-09T08:29:48.018Z"}
{"level":"info","message":"Server started at port","timestamp":"2025-10-09T08:29:48.019Z"}
{"level":"info","message":"http://localhost:4000","timestamp":"2025-10-09T08:29:48.020Z"}
{"level":"info","message":"Redis conneted","timestamp":"2025-10-09T08:29:59.493Z"}
{"level":"info","message":"Database connected","timestamp":"2025-10-09T08:29:59.500Z"}
{"level":"info","message":"Cron job started: Sending request to http://localhost:4000 every 10 minutes","timestamp":"2025-10-09T08:29:59.553Z"}
{"level":"info","message":"Server started at port","timestamp":"2025-10-09T08:29:59.555Z"}
{"level":"info","message":"http://localhost:4000","timestamp":"2025-10-09T08:29:59.555Z"}
{"level":"info","message":"Cron job success: http://localhost:4000 - Status: 200","timestamp":"2025-10-09T08:30:00.098Z"}
{"level":"info","message":"Redis conneted","timestamp":"2025-10-09T08:30:02.482Z"}
{"level":"info","message":"Database connected","timestamp":"2025-10-09T08:30:02.488Z"}
{"level":"info","message":"Cron job started: Sending request to http://localhost:4000 every 10 minutes","timestamp":"2025-10-09T08:30:02.532Z"}
{"level":"info","message":"Server started at port","timestamp":"2025-10-09T08:30:02.534Z"}
{"level":"info","message":"http://localhost:4000","timestamp":"2025-10-09T08:30:02.535Z"}
{"level":"info","message":"Redis conneted","timestamp":"2025-10-09T08:30:12.906Z"}
{"level":"info","message":"Database connected","timestamp":"2025-10-09T08:30:12.914Z"}
{"level":"info","message":"Cron job started: Sending request to http://localhost:4000 every 10 minutes","timestamp":"2025-10-09T08:30:12.965Z"}
{"level":"info","message":"Server started at port","timestamp":"2025-10-09T08:30:12.967Z"}
{"level":"info","message":"http://localhost:4000","timestamp":"2025-10-09T08:30:12.968Z"}
{"level":"info","message":"Redis conneted","timestamp":"2025-10-09T08:30:18.263Z"}
{"level":"info","message":"Database connected","timestamp":"2025-10-09T08:30:18.271Z"}
{"level":"info","message":"Cron job started: Sending request to http://localhost:4000 every 10 minutes","timestamp":"2025-10-09T08:30:18.331Z"}
{"level":"info","message":"Server started at port","timestamp":"2025-10-09T08:30:18.333Z"}
{"level":"info","message":"http://localhost:4000","timestamp":"2025-10-09T08:30:18.334Z"}
{"level":"info","message":"Redis conneted","timestamp":"2025-10-09T08:30:51.907Z"}
{"level":"info","message":"Database connected","timestamp":"2025-10-09T08:30:51.918Z"}
{"level":"info","message":"Cron job started: Sending request to http://localhost:4000 every 10 minutes","timestamp":"2025-10-09T08:30:52.015Z"}
{"level":"info","message":"Server started at port","timestamp":"2025-10-09T08:30:52.018Z"}
{"level":"info","message":"http://localhost:4000","timestamp":"2025-10-09T08:30:52.020Z"}
{"level":"info","message":"Redis conneted","timestamp":"2025-10-09T08:31:05.090Z"}
{"level":"info","message":"Database connected","timestamp":"2025-10-09T08:31:05.100Z"}
{"level":"info","message":"Cron job started: Sending request to http://localhost:4000 every 10 minutes","timestamp":"2025-10-09T08:31:05.159Z"}
{"level":"info","message":"Server started at port","timestamp":"2025-10-09T08:31:05.161Z"}
{"level":"info","message":"http://localhost:4000","timestamp":"2025-10-09T08:31:05.162Z"}
{"level":"info","message":"Redis conneted","timestamp":"2025-10-09T08:31:11.217Z"}
{"level":"info","message":"Database connected","timestamp":"2025-10-09T08:31:11.229Z"}
{"level":"info","message":"Cron job started: Sending request to http://localhost:4000 every 10 minutes","timestamp":"2025-10-09T08:31:11.294Z"}
{"level":"info","message":"Server started at port","timestamp":"2025-10-09T08:31:11.296Z"}
{"level":"info","message":"http://localhost:4000","timestamp":"2025-10-09T08:31:11.297Z"}
{"level":"info","message":"Redis conneted","timestamp":"2025-10-09T08:31:23.779Z"}
{"level":"info","message":"Database connected","timestamp":"2025-10-09T08:31:23.789Z"}
{"level":"info","message":"Cron job started: Sending request to http://localhost:4000 every 10 minutes","timestamp":"2025-10-09T08:31:23.902Z"}
{"level":"info","message":"Server started at port","timestamp":"2025-10-09T08:31:23.909Z"}
{"level":"info","message":"http://localhost:4000","timestamp":"2025-10-09T08:31:23.927Z"}
{"level":"info","message":"Redis conneted","timestamp":"2025-10-09T08:31:43.071Z"}
{"level":"info","message":"Redis conneted","timestamp":"2025-10-09T08:31:52.432Z"}
{"level":"info","message":"Database connected","timestamp":"2025-10-09T08:31:52.440Z"}
{"level":"info","message":"Cron job started: Sending request to http://localhost:4000 every 10 minutes","timestamp":"2025-10-09T08:31:52.494Z"}
{"level":"info","message":"Server started at port","timestamp":"2025-10-09T08:31:52.496Z"}
{"level":"info","message":"http://localhost:4000","timestamp":"2025-10-09T08:31:52.497Z"}
{"level":"info","message":"Redis conneted","timestamp":"2025-10-09T08:32:04.445Z"}
{"level":"info","message":"Database connected","timestamp":"2025-10-09T08:32:04.463Z"}
{"level":"info","message":"Cron job started: Sending request to http://localhost:4000 every 10 minutes","timestamp":"2025-10-09T08:32:04.582Z"}
{"level":"info","message":"Server started at port","timestamp":"2025-10-09T08:32:04.591Z"}
{"level":"info","message":"http://localhost:4000","timestamp":"2025-10-09T08:32:04.595Z"}
{"level":"info","message":"Redis conneted","timestamp":"2025-10-09T08:32:12.903Z"}
{"level":"info","message":"Database connected","timestamp":"2025-10-09T08:32:12.913Z"}
{"level":"info","message":"Cron job started: Sending request to http://localhost:4000 every 10 minutes","timestamp":"2025-10-09T08:32:12.970Z"}
{"level":"info","message":"Server started at port","timestamp":"2025-10-09T08:32:12.972Z"}
{"level":"info","message":"http://localhost:4000","timestamp":"2025-10-09T08:32:12.973Z"}
{"level":"info","message":"Fetched users page 1 from DB","timestamp":"2025-10-09T08:38:08.393Z"}
{"level":"info","message":"Fetched materials page 1 from DB","timestamp":"2025-10-09T08:38:08.435Z"}
{"level":"info","message":"Fetched users page 1 from cache","timestamp":"2025-10-09T08:38:08.536Z"}
{"level":"info","message":"Fetched materials page 1 from cache","timestamp":"2025-10-09T08:38:08.537Z"}
{"level":"info","message":"Fetched materials page 1 from DB","timestamp":"2025-10-09T08:38:08.557Z"}
{"level":"info","message":"Fetched materials page 1 from cache","timestamp":"2025-10-09T08:38:08.682Z"}
{"level":"info","message":"Fetched users page 1 from DB","timestamp":"2025-10-09T08:38:11.347Z"}
{"level":"info","message":"Fetched users page 1 from cache","timestamp":"2025-10-09T08:38:11.528Z"}
{"level":"info","message":"Fetched users page 1 from cache","timestamp":"2025-10-09T08:38:11.683Z"}
{"level":"info","message":"Fetched users page 1 from DB","timestamp":"2025-10-09T08:38:25.490Z"}
{"level":"info","message":"Cron job success: http://localhost:4000 - Status: 200","timestamp":"2025-10-09T08:40:00.125Z"}
{"level":"warn","message":"No bookmarks found for user 1","timestamp":"2025-10-09T08:40:47.156Z"}
{"ip":"::1","level":"error","message":"No bookmarks found","method":"GET","stack":"Error: No bookmarks found\n    at getMyBookmarks (file:///C:/Users/HP/OneDrive/Desktop/zanly/server/src/controllers/bookmark.controller.js:91:17)","statusCode":404,"timestamp":"2025-10-09T08:40:47.157Z","url":"/api/v1/bookmark/get"}
{"level":"warn","message":"No bookmarks found for user 1","timestamp":"2025-10-09T08:40:47.354Z"}
{"ip":"::1","level":"error","message":"No bookmarks found","method":"GET","stack":"Error: No bookmarks found\n    at getMyBookmarks (file:///C:/Users/HP/OneDrive/Desktop/zanly/server/src/controllers/bookmark.controller.js:91:17)","statusCode":404,"timestamp":"2025-10-09T08:40:47.355Z","url":"/api/v1/bookmark/get"}
{"level":"info","message":"Material uploaded by undefined to Cloudinary","timestamp":"2025-10-09T08:41:48.604Z"}
{"level":"info","message":"Fetched users page 1 from DB","timestamp":"2025-10-09T08:42:03.126Z"}
{"level":"info","message":"Fetched materials page 1 from DB","timestamp":"2025-10-09T08:42:03.129Z"}
{"level":"info","message":"Fetched users page 1 from cache","timestamp":"2025-10-09T08:42:03.321Z"}
{"level":"info","message":"Fetched materials page 1 from cache","timestamp":"2025-10-09T08:42:03.322Z"}
{"level":"info","message":"Fetched materials page 1 from DB","timestamp":"2025-10-09T08:42:03.337Z"}
{"level":"info","message":"Fetched materials page 1 from DB","timestamp":"2025-10-09T08:42:03.513Z"}
{"level":"info","message":"Fetched materials page 1 from DB","timestamp":"2025-10-09T08:42:06.821Z"}
{"level":"info","message":"Fetched materials page 1 from cache","timestamp":"2025-10-09T08:42:07.004Z"}
{"level":"info","message":"Fetched materials page 1 from cache","timestamp":"2025-10-09T08:42:07.190Z"}
{"level":"info","message":"Fetched material: Notes","timestamp":"2025-10-09T08:42:10.499Z"}
{"level":"info","message":"Material approved: Notes","timestamp":"2025-10-09T08:42:19.272Z"}
{"level":"warn","message":"No bookmarks found for user 1","timestamp":"2025-10-09T08:42:24.716Z"}
{"ip":"::1","level":"error","message":"No bookmarks found","method":"GET","stack":"Error: No bookmarks found\n    at getMyBookmarks (file:///C:/Users/HP/OneDrive/Desktop/zanly/server/src/controllers/bookmark.controller.js:91:17)","statusCode":404,"timestamp":"2025-10-09T08:42:24.726Z","url":"/api/v1/bookmark/get"}
{"level":"warn","message":"No bookmarks found for user 1","timestamp":"2025-10-09T08:42:24.899Z"}
{"ip":"::1","level":"error","message":"No bookmarks found","method":"GET","stack":"Error: No bookmarks found\n    at getMyBookmarks (file:///C:/Users/HP/OneDrive/Desktop/zanly/server/src/controllers/bookmark.controller.js:91:17)","statusCode":404,"timestamp":"2025-10-09T08:42:24.902Z","url":"/api/v1/bookmark/get"}
{"level":"info","message":"Zanly AI: Received prompt - hey find notes of harry potter class 8","timestamp":"2025-10-09T08:42:45.516Z"}
{"level":"info","message":"Zanly AI: Generated reply for prompt - hey find notes of harry potter class 8","timestamp":"2025-10-09T08:42:49.146Z"}
{"level":"info","message":"Zanly AI: Received prompt - check database","timestamp":"2025-10-09T08:43:59.019Z"}
{"level":"info","message":"Zanly AI: Generated reply for prompt - check database","timestamp":"2025-10-09T08:44:01.210Z"}
{"level":"info","message":"Zanly AI: Received prompt - notes of harry potter class 8 check database","timestamp":"2025-10-09T08:44:45.425Z"}
{"level":"info","message":"Zanly AI: Generated reply for prompt - notes of harry potter class 8 check database","timestamp":"2025-10-09T08:44:50.347Z"}
{"level":"info","message":"Cron job success: http://localhost:4000 - Status: 200","timestamp":"2025-10-09T08:50:00.053Z"}
{"level":"info","message":"Cron job success: http://localhost:4000 - Status: 200","timestamp":"2025-10-09T09:00:00.051Z"}
{"level":"info","message":"Cron job success: http://localhost:4000 - Status: 200","timestamp":"2025-10-09T09:10:00.086Z"}
{"level":"info","message":"Cron job success: http://localhost:4000 - Status: 200","timestamp":"2025-10-09T09:20:00.057Z"}
{"level":"info","message":"Cron job success: http://localhost:4000 - Status: 200","timestamp":"2025-10-09T09:30:00.051Z"}
{"level":"info","message":"Cron job success: http://localhost:4000 - Status: 200","timestamp":"2025-10-09T09:40:00.046Z"}
{"level":"info","message":"Cron job success: http://localhost:4000 - Status: 200","timestamp":"2025-10-09T09:50:00.060Z"}
{"level":"info","message":"Cron job success: http://localhost:4000 - Status: 200","timestamp":"2025-10-09T10:00:00.068Z"}
{"level":"info","message":"Cron job success: http://localhost:4000 - Status: 200","timestamp":"2025-10-09T10:10:00.070Z"}
{"level":"info","message":"Cron job success: http://localhost:4000 - Status: 200","timestamp":"2025-10-09T10:20:00.045Z"}
{"level":"info","message":"Cron job success: http://localhost:4000 - Status: 200","timestamp":"2025-10-09T10:30:00.243Z"}
{"level":"info","message":"Cron job success: http://localhost:4000 - Status: 200","timestamp":"2025-10-09T10:40:00.048Z"}
{"level":"info","message":"Cron job success: http://localhost:4000 - Status: 200","timestamp":"2025-10-09T10:50:00.059Z"}
