{"code":"ECONNREFUSED","level":"error","message":"Redis error","stack":"AggregateError: \n    at internalConnectMultiple (node:net:1134:18)\n    at afterConnectMultiple (node:net:1715:7)","timestamp":"2025-10-18T05:22:08.593Z"}
{"code":"ECONNREFUSED","level":"error","message":"Redis error","stack":"AggregateError: \n    at internalConnectMultiple (node:net:1134:18)\n    at afterConnectMultiple (node:net:1715:7)","timestamp":"2025-10-18T05:22:08.622Z"}
{"code":"ECONNREFUSED","level":"error","message":"Redis error","stack":"AggregateError: \n    at internalConnectMultiple (node:net:1134:18)\n    at afterConnectMultiple (node:net:1715:7)","timestamp":"2025-10-18T05:22:08.678Z"}
{"code":"ECONNREFUSED","level":"error","message":"Redis error","stack":"AggregateError: \n    at internalConnectMultiple (node:net:1134:18)\n    at afterConnectMultiple (node:net:1715:7)","timestamp":"2025-10-18T05:22:08.758Z"}
{"code":"ECONNREFUSED","level":"error","message":"Redis error","stack":"AggregateError: \n    at internalConnectMultiple (node:net:1134:18)\n    at afterConnectMultiple (node:net:1715:7)","timestamp":"2025-10-18T05:22:08.779Z"}
{"code":"ECONNREFUSED","level":"error","message":"Redis error","stack":"AggregateError: \n    at internalConnectMultiple (node:net:1134:18)\n    at afterConnectMultiple (node:net:1715:7)","timestamp":"2025-10-18T05:22:08.785Z"}
{"code":"ECONNREFUSED","level":"error","message":"Redis error","stack":"AggregateError: \n    at internalConnectMultiple (node:net:1134:18)\n    at afterConnectMultiple (node:net:1715:7)","timestamp":"2025-10-18T05:22:08.920Z"}
{"code":"ECONNREFUSED","level":"error","message":"Redis error","stack":"AggregateError: \n    at internalConnectMultiple (node:net:1134:18)\n    at afterConnectMultiple (node:net:1715:7)","timestamp":"2025-10-18T05:22:08.954Z"}
{"code":"ECONNREFUSED","level":"error","message":"Redis error","stack":"AggregateError: \n    at internalConnectMultiple (node:net:1134:18)\n    at afterConnectMultiple (node:net:1715:7)","timestamp":"2025-10-18T05:22:09.027Z"}
{"code":"ECONNREFUSED","level":"error","message":"Redis error","stack":"AggregateError: \n    at internalConnectMultiple (node:net:1134:18)\n    at afterConnectMultiple (node:net:1715:7)","timestamp":"2025-10-18T05:22:09.157Z"}
{"code":"ECONNREFUSED","level":"error","message":"Redis error","stack":"AggregateError: \n    at internalConnectMultiple (node:net:1134:18)\n    at afterConnectMultiple (node:net:1715:7)","timestamp":"2025-10-18T05:22:09.349Z"}
{"code":"ECONNREFUSED","level":"error","message":"Redis error","stack":"AggregateError: \n    at internalConnectMultiple (node:net:1134:18)\n    at afterConnectMultiple (node:net:1715:7)","timestamp":"2025-10-18T05:22:09.390Z"}
{"code":"ECONNREFUSED","level":"error","message":"Redis error","stack":"AggregateError: \n    at internalConnectMultiple (node:net:1134:18)\n    at afterConnectMultiple (node:net:1715:7)","timestamp":"2025-10-18T05:22:09.646Z"}
{"code":"ECONNREFUSED","level":"error","message":"Redis error","stack":"AggregateError: \n    at internalConnectMultiple (node:net:1134:18)\n    at afterConnectMultiple (node:net:1715:7)","timestamp":"2025-10-18T05:22:09.844Z"}
{"code":"ECONNREFUSED","level":"error","message":"Redis error","stack":"AggregateError: \n    at internalConnectMultiple (node:net:1134:18)\n    at afterConnectMultiple (node:net:1715:7)","timestamp":"2025-10-18T05:22:09.927Z"}
{"code":"ECONNREFUSED","level":"error","message":"Redis error","stack":"AggregateError: \n    at internalConnectMultiple (node:net:1134:18)\n    at afterConnectMultiple (node:net:1715:7)","timestamp":"2025-10-18T05:22:10.606Z"}
{"code":"ECONNREFUSED","level":"error","message":"Redis error","stack":"AggregateError: \n    at internalConnectMultiple (node:net:1134:18)\n    at afterConnectMultiple (node:net:1715:7)","timestamp":"2025-10-18T05:22:10.731Z"}
{"code":"ECONNREFUSED","level":"error","message":"Redis error","stack":"AggregateError: \n    at internalConnectMultiple (node:net:1134:18)\n    at afterConnectMultiple (node:net:1715:7)","timestamp":"2025-10-18T05:22:10.901Z"}
{"code":"ECONNREFUSED","level":"error","message":"Redis error","stack":"AggregateError: \n    at internalConnectMultiple (node:net:1134:18)\n    at afterConnectMultiple (node:net:1715:7)","timestamp":"2025-10-18T05:22:12.358Z"}
{"code":"ECONNREFUSED","level":"error","message":"Redis error","stack":"AggregateError: \n    at internalConnectMultiple (node:net:1134:18)\n    at afterConnectMultiple (node:net:1715:7)","timestamp":"2025-10-18T05:22:12.453Z"}
{"code":"ECONNREFUSED","level":"error","message":"Redis error","stack":"AggregateError: \n    at internalConnectMultiple (node:net:1134:18)\n    at afterConnectMultiple (node:net:1715:7)","timestamp":"2025-10-18T05:22:12.678Z"}
{"code":"ECONNREFUSED","level":"error","message":"Redis error","stack":"AggregateError: \n    at internalConnectMultiple (node:net:1134:18)\n    at afterConnectMultiple (node:net:1715:7)","timestamp":"2025-10-18T05:22:14.494Z"}
{"code":"ECONNREFUSED","level":"error","message":"Redis error","stack":"AggregateError: \n    at internalConnectMultiple (node:net:1134:18)\n    at afterConnectMultiple (node:net:1715:7)","timestamp":"2025-10-18T05:22:14.553Z"}
{"code":"ECONNREFUSED","level":"error","message":"Redis error","stack":"AggregateError: \n    at internalConnectMultiple (node:net:1134:18)\n    at afterConnectMultiple (node:net:1715:7)","timestamp":"2025-10-18T05:22:14.796Z"}
{"code":"ECONNREFUSED","level":"error","message":"Redis error","stack":"AggregateError: \n    at internalConnectMultiple (node:net:1134:18)\n    at afterConnectMultiple (node:net:1715:7)","timestamp":"2025-10-18T05:22:16.576Z"}
{"code":"ECONNREFUSED","level":"error","message":"Redis error","stack":"AggregateError: \n    at internalConnectMultiple (node:net:1134:18)\n    at afterConnectMultiple (node:net:1715:7)","timestamp":"2025-10-18T05:22:16.650Z"}
{"code":"ECONNREFUSED","level":"error","message":"Redis error","stack":"AggregateError: \n    at internalConnectMultiple (node:net:1134:18)\n    at afterConnectMultiple (node:net:1715:7)","timestamp":"2025-10-18T05:22:16.872Z"}
{"code":"ECONNREFUSED","level":"error","message":"Redis error","stack":"AggregateError: \n    at internalConnectMultiple (node:net:1134:18)\n    at afterConnectMultiple (node:net:1715:7)","timestamp":"2025-10-18T05:22:18.680Z"}
{"code":"ECONNREFUSED","level":"error","message":"Redis error","stack":"AggregateError: \n    at internalConnectMultiple (node:net:1134:18)\n    at afterConnectMultiple (node:net:1715:7)","timestamp":"2025-10-18T05:22:18.786Z"}
{"code":"ECONNREFUSED","level":"error","message":"Redis error","stack":"AggregateError: \n    at internalConnectMultiple (node:net:1134:18)\n    at afterConnectMultiple (node:net:1715:7)","timestamp":"2025-10-18T05:22:19.011Z"}
{"code":"ECONNREFUSED","level":"error","message":"Redis error","stack":"AggregateError: \n    at internalConnectMultiple (node:net:1134:18)\n    at afterConnectMultiple (node:net:1715:7)","timestamp":"2025-10-18T05:22:20.698Z"}
{"code":"ECONNREFUSED","level":"error","message":"Redis error","stack":"AggregateError: \n    at internalConnectMultiple (node:net:1134:18)\n    at afterConnectMultiple (node:net:1715:7)","timestamp":"2025-10-18T05:22:20.907Z"}
{"code":"ECONNREFUSED","level":"error","message":"Redis error","stack":"AggregateError: \n    at internalConnectMultiple (node:net:1134:18)\n    at afterConnectMultiple (node:net:1715:7)","timestamp":"2025-10-18T05:22:21.171Z"}
{"code":"ECONNREFUSED","level":"error","message":"Redis error","stack":"AggregateError: \n    at internalConnectMultiple (node:net:1134:18)\n    at afterConnectMultiple (node:net:1715:7)","timestamp":"2025-10-18T05:22:22.825Z"}
{"code":"ECONNREFUSED","level":"error","message":"Redis error","stack":"AggregateError: \n    at internalConnectMultiple (node:net:1134:18)\n    at afterConnectMultiple (node:net:1715:7)","timestamp":"2025-10-18T05:22:22.962Z"}
{"code":"ECONNREFUSED","level":"error","message":"Redis error","stack":"AggregateError: \n    at internalConnectMultiple (node:net:1134:18)\n    at afterConnectMultiple (node:net:1715:7)","timestamp":"2025-10-18T05:22:23.342Z"}
{"code":"ECONNREFUSED","level":"error","message":"Redis error","stack":"AggregateError: \n    at internalConnectMultiple (node:net:1134:18)\n    at afterConnectMultiple (node:net:1715:7)","timestamp":"2025-10-18T05:22:24.965Z"}
{"code":"ECONNREFUSED","level":"error","message":"Redis error","stack":"AggregateError: \n    at internalConnectMultiple (node:net:1134:18)\n    at afterConnectMultiple (node:net:1715:7)","timestamp":"2025-10-18T05:22:25.112Z"}
{"code":"ECONNREFUSED","level":"error","message":"Redis error","stack":"AggregateError: \n    at internalConnectMultiple (node:net:1134:18)\n    at afterConnectMultiple (node:net:1715:7)","timestamp":"2025-10-18T05:22:25.406Z"}
{"code":"ECONNREFUSED","level":"error","message":"Redis error","stack":"AggregateError: \n    at internalConnectMultiple (node:net:1134:18)\n    at afterConnectMultiple (node:net:1715:7)","timestamp":"2025-10-18T05:22:27.034Z"}
{"code":"ECONNREFUSED","level":"error","message":"Redis error","stack":"AggregateError: \n    at internalConnectMultiple (node:net:1134:18)\n    at afterConnectMultiple (node:net:1715:7)","timestamp":"2025-10-18T05:22:27.254Z"}
{"code":"ECONNREFUSED","level":"error","message":"Redis error","stack":"AggregateError: \n    at internalConnectMultiple (node:net:1134:18)\n    at afterConnectMultiple (node:net:1715:7)","timestamp":"2025-10-18T05:22:27.510Z"}
{"code":"ECONNREFUSED","level":"error","message":"Redis error","stack":"AggregateError: \n    at internalConnectMultiple (node:net:1134:18)\n    at afterConnectMultiple (node:net:1715:7)","timestamp":"2025-10-18T05:22:29.123Z"}
{"code":"ECONNREFUSED","level":"error","message":"Redis error","stack":"AggregateError: \n    at internalConnectMultiple (node:net:1134:18)\n    at afterConnectMultiple (node:net:1715:7)","timestamp":"2025-10-18T05:22:29.337Z"}
{"code":"ECONNREFUSED","level":"error","message":"Redis error","stack":"AggregateError: \n    at internalConnectMultiple (node:net:1134:18)\n    at afterConnectMultiple (node:net:1715:7)","timestamp":"2025-10-18T05:22:29.663Z"}
{"code":"ECONNREFUSED","level":"error","message":"Redis error","stack":"AggregateError: \n    at internalConnectMultiple (node:net:1134:18)\n    at afterConnectMultiple (node:net:1715:7)","timestamp":"2025-10-18T05:22:31.250Z"}
{"code":"ECONNREFUSED","level":"error","message":"Redis error","stack":"AggregateError: \n    at internalConnectMultiple (node:net:1134:18)\n    at afterConnectMultiple (node:net:1715:7)","timestamp":"2025-10-18T05:22:31.466Z"}
{"code":"ECONNREFUSED","level":"error","message":"Redis error","stack":"AggregateError: \n    at internalConnectMultiple (node:net:1134:18)\n    at afterConnectMultiple (node:net:1715:7)","timestamp":"2025-10-18T05:22:31.724Z"}
{"level":"info","message":"Redis conneted","timestamp":"2025-10-18T05:22:33.278Z"}
{"level":"info","message":"Redis conneted","timestamp":"2025-10-18T05:22:33.625Z"}
{"level":"info","message":"Redis conneted","timestamp":"2025-10-18T05:22:33.852Z"}
{"level":"info","message":"Redis conneted","timestamp":"2025-10-18T05:23:00.885Z"}
{"level":"info","message":"Database connected","timestamp":"2025-10-18T05:23:00.900Z"}
{"level":"info","message":"Cron job started: Sending request to http://localhost:4000 every 10 minutes","timestamp":"2025-10-18T05:23:00.969Z"}
{"level":"info","message":"Server started at port","timestamp":"2025-10-18T05:23:00.971Z"}
{"level":"info","message":"http://localhost:4000","timestamp":"2025-10-18T05:23:00.972Z"}
{"level":"info","message":"📊 Metrics available at http://localhost:4000/metrics","timestamp":"2025-10-18T05:23:00.973Z"}
{"level":"info","message":"Redis conneted","timestamp":"2025-10-18T05:23:03.162Z"}
{"level":"info","message":"Redis conneted","timestamp":"2025-10-18T05:23:03.167Z"}
{"level":"info","message":"Redis conneted","timestamp":"2025-10-18T05:23:03.386Z"}
{"ip":"::1","level":"error","message":"Authentication token not found","method":"GET","stack":"Error: Authentication token not found\n    at authMiddleware (file:///home/faizcasm/Desktop/zanly/server/src/middlewares/auth.middleware.js:15:19)\n    at Layer.handleRequest (/home/faizcasm/Desktop/zanly/server/node_modules/router/lib/layer.js:152:17)\n    at next (/home/faizcasm/Desktop/zanly/server/node_modules/router/lib/route.js:157:13)\n    at Route.dispatch (/home/faizcasm/Desktop/zanly/server/node_modules/router/lib/route.js:117:3)\n    at handle (/home/faizcasm/Desktop/zanly/server/node_modules/router/index.js:435:11)\n    at Layer.handleRequest (/home/faizcasm/Desktop/zanly/server/node_modules/router/lib/layer.js:152:17)\n    at /home/faizcasm/Desktop/zanly/server/node_modules/router/index.js:295:15\n    at processParams (/home/faizcasm/Desktop/zanly/server/node_modules/router/index.js:582:12)\n    at next (/home/faizcasm/Desktop/zanly/server/node_modules/router/index.js:291:5)\n    at router.handle (/home/faizcasm/Desktop/zanly/server/node_modules/router/index.js:186:3)","statusCode":401,"timestamp":"2025-10-18T05:23:35.643Z","url":"/api/v1/user/get"}
{"ip":"::1","level":"error","message":"Authentication token not found","method":"GET","stack":"Error: Authentication token not found\n    at authMiddleware (file:///home/faizcasm/Desktop/zanly/server/src/middlewares/auth.middleware.js:15:19)\n    at Layer.handleRequest (/home/faizcasm/Desktop/zanly/server/node_modules/router/lib/layer.js:152:17)\n    at next (/home/faizcasm/Desktop/zanly/server/node_modules/router/lib/route.js:157:13)\n    at Route.dispatch (/home/faizcasm/Desktop/zanly/server/node_modules/router/lib/route.js:117:3)\n    at handle (/home/faizcasm/Desktop/zanly/server/node_modules/router/index.js:435:11)\n    at Layer.handleRequest (/home/faizcasm/Desktop/zanly/server/node_modules/router/lib/layer.js:152:17)\n    at /home/faizcasm/Desktop/zanly/server/node_modules/router/index.js:295:15\n    at processParams (/home/faizcasm/Desktop/zanly/server/node_modules/router/index.js:582:12)\n    at next (/home/faizcasm/Desktop/zanly/server/node_modules/router/index.js:291:5)\n    at router.handle (/home/faizcasm/Desktop/zanly/server/node_modules/router/index.js:186:3)","statusCode":401,"timestamp":"2025-10-18T05:23:35.653Z","url":"/api/v1/user/get"}
{"level":"info","message":"Cron job success: http://localhost:4000 - Status: 200","timestamp":"2025-10-18T05:30:00.035Z"}
{"level":"info","message":"Cron job success: http://localhost:4000 - Status: 200","timestamp":"2025-10-18T05:40:00.037Z"}
{"level":"info","message":"Cron job success: http://localhost:4000 - Status: 200","timestamp":"2025-10-18T05:50:00.033Z"}
{"level":"info","message":"Redis conneted","timestamp":"2025-10-18T06:00:45.888Z"}
{"level":"info","message":"Redis conneted","timestamp":"2025-10-18T06:00:50.051Z"}
{"level":"info","message":"Redis conneted","timestamp":"2025-10-18T06:01:07.984Z"}
{"level":"info","message":"Database connected","timestamp":"2025-10-18T06:01:07.990Z"}
{"level":"info","message":"Cron job started: Sending request to http://localhost:4000 every 10 minutes","timestamp":"2025-10-18T06:01:08.049Z"}
{"level":"info","message":"Server started at port","timestamp":"2025-10-18T06:01:08.050Z"}
{"level":"info","message":"http://localhost:4000","timestamp":"2025-10-18T06:01:08.051Z"}
{"level":"info","message":"📊 Metrics available at http://localhost:4000/metrics","timestamp":"2025-10-18T06:01:08.052Z"}
{"level":"info","message":"Redis conneted","timestamp":"2025-10-18T06:36:11.646Z"}
{"level":"info","message":"Redis conneted","timestamp":"2025-10-18T06:36:13.906Z"}
{"level":"info","message":"Cron job started: Sending request to undefined every 10 minutes","timestamp":"2025-10-18T06:36:14.498Z"}
{"level":"info","message":"Redis conneted","timestamp":"2025-10-18T06:36:18.788Z"}
{"level":"info","message":"Cron job started: Sending request to http://local every 10 minutes","timestamp":"2025-10-18T06:36:19.437Z"}
{"level":"info","message":"Redis conneted","timestamp":"2025-10-18T06:36:21.047Z"}
{"level":"info","message":"Cron job started: Sending request to http://localhost every 10 minutes","timestamp":"2025-10-18T06:36:21.615Z"}
{"level":"info","message":"Redis conneted","timestamp":"2025-10-18T06:36:23.544Z"}
{"level":"info","message":"Cron job started: Sending request to http://localhost:4000 every 10 minutes","timestamp":"2025-10-18T06:36:24.042Z"}
{"level":"info","message":"Redis conneted","timestamp":"2025-10-18T06:36:25.838Z"}
{"level":"info","message":"Cron job started: Sending request to http://localhost:4000 every 10 minutes","timestamp":"2025-10-18T06:36:26.412Z"}
{"level":"info","message":"Redis conneted","timestamp":"2025-10-18T06:36:39.608Z"}
{"level":"info","message":"Cron job started: Sending request to http://localhost:4000 every 10 minutes","timestamp":"2025-10-18T06:36:40.276Z"}
{"level":"info","message":"Redis conneted","timestamp":"2025-10-18T06:36:45.604Z"}
{"level":"info","message":"Cron job started: Sending request to http://localhost:4000 every 10 minutes","timestamp":"2025-10-18T06:36:46.204Z"}
{"level":"info","message":"Redis conneted","timestamp":"2025-10-18T06:36:47.663Z"}
{"level":"info","message":"Cron job started: Sending request to http://localhost:4000 every 10 minutes","timestamp":"2025-10-18T06:36:48.233Z"}
{"level":"info","message":"Redis conneted","timestamp":"2025-10-18T06:36:53.220Z"}
{"level":"info","message":"Cron job started: Sending request to http://localhost:4000 every 10 minutes","timestamp":"2025-10-18T06:36:53.795Z"}
{"level":"info","message":"Redis conneted","timestamp":"2025-10-18T06:36:55.303Z"}
{"level":"info","message":"Cron job started: Sending request to http://localhost:4000 every 10 minutes","timestamp":"2025-10-18T06:36:55.874Z"}
{"level":"info","message":"Redis conneted","timestamp":"2025-10-18T06:37:00.156Z"}
{"level":"info","message":"Cron job started: Sending request to http://localhost:4000 every 10 minutes","timestamp":"2025-10-18T06:37:00.764Z"}
{"level":"info","message":"Redis conneted","timestamp":"2025-10-18T06:37:45.491Z"}
{"level":"info","message":"Cron job started: Sending request to http://localhost:4000 every 10 minutes","timestamp":"2025-10-18T06:37:46.045Z"}
{"level":"info","message":"Redis conneted","timestamp":"2025-10-18T06:37:52.072Z"}
{"level":"info","message":"Cron job started: Sending request to http://localhost:4000 every 10 minutes","timestamp":"2025-10-18T06:37:52.693Z"}
{"level":"info","message":"Redis conneted","timestamp":"2025-10-18T06:38:02.645Z"}
{"level":"info","message":"Cron job started: Sending request to http://localhost:4000 every 10 minutes","timestamp":"2025-10-18T06:38:03.251Z"}
{"level":"info","message":"Redis conneted","timestamp":"2025-10-18T06:38:11.576Z"}
{"level":"info","message":"Cron job started: Sending request to http://localhost:4000 every 10 minutes","timestamp":"2025-10-18T06:38:12.144Z"}
{"level":"info","message":"Redis conneted","timestamp":"2025-10-18T06:38:13.646Z"}
{"level":"info","message":"Cron job started: Sending request to http://localhost:4000 every 10 minutes","timestamp":"2025-10-18T06:38:14.369Z"}
{"level":"info","message":"Cron job started: Sending request to http://localhost:4000 every 10 minutes","timestamp":"2025-10-18T06:38:14.379Z"}
{"level":"info","message":"Redis conneted","timestamp":"2025-10-18T06:38:15.846Z"}
{"level":"info","message":"Cron job started: Sending request to http://localhost:4000 every 10 minutes","timestamp":"2025-10-18T06:38:16.449Z"}
{"level":"info","message":"Cron job started: Sending request to http://localhost:4000 every 10 minutes","timestamp":"2025-10-18T06:38:16.459Z"}
{"level":"info","message":"Redis conneted","timestamp":"2025-10-18T06:38:17.612Z"}
{"level":"info","message":"Cron job started: Sending request to http://localhost:4000 every 10 minutes","timestamp":"2025-10-18T06:38:18.099Z"}
{"level":"info","message":"Cron job started: Sending request to http://localhost:4000 every 10 minutes","timestamp":"2025-10-18T06:38:18.106Z"}
{"level":"info","message":"Redis conneted","timestamp":"2025-10-18T06:38:29.215Z"}
{"level":"info","message":"Cron job started: Sending request to http://localhost:4000 every 10 minutes","timestamp":"2025-10-18T06:38:29.787Z"}
{"level":"info","message":"Cron job started: Sending request to http://localhost:4000 every 10 minutes","timestamp":"2025-10-18T06:38:29.801Z"}
{"level":"info","message":"Redis conneted","timestamp":"2025-10-18T06:38:33.391Z"}
{"level":"info","message":"Cron job started: Sending request to http://localhost:4000 every 10 minutes","timestamp":"2025-10-18T06:38:33.914Z"}
{"level":"info","message":"Cron job started: Sending request to http://localhost:4000 every 10 minutes","timestamp":"2025-10-18T06:38:33.924Z"}
{"level":"info","message":"Redis conneted","timestamp":"2025-10-18T06:38:49.050Z"}
{"level":"info","message":"Database connected","timestamp":"2025-10-18T06:38:49.065Z"}
{"level":"info","message":"Cron job started: Sending request to http://localhost:4000 every 10 minutes","timestamp":"2025-10-18T06:38:49.113Z"}
{"level":"info","message":"Server started at port","timestamp":"2025-10-18T06:38:49.115Z"}
{"level":"info","message":"http://localhost:4000","timestamp":"2025-10-18T06:38:49.115Z"}
{"level":"info","message":"📊 Metrics available at http://localhost:4000/metrics","timestamp":"2025-10-18T06:38:49.116Z"}
{"level":"info","message":"Redis conneted","timestamp":"2025-10-18T06:39:22.912Z"}
{"level":"info","message":"Database connected","timestamp":"2025-10-18T06:39:22.921Z"}
{"level":"info","message":"Cron job started: Sending request to http://localhost:4000 every 1 minutes","timestamp":"2025-10-18T06:39:22.967Z"}
{"level":"info","message":"Server started at port","timestamp":"2025-10-18T06:39:22.968Z"}
{"level":"info","message":"http://localhost:4000","timestamp":"2025-10-18T06:39:22.969Z"}
{"level":"info","message":"📊 Metrics available at http://localhost:4000/metrics","timestamp":"2025-10-18T06:39:22.969Z"}
{"level":"info","message":"Cron job success: http://localhost:4000 - Status: 200","timestamp":"2025-10-18T06:40:00.029Z"}
{"level":"info","message":"Cron job success: http://localhost:4000 - Status: 200","timestamp":"2025-10-18T06:41:00.023Z"}
{"level":"info","message":"Redis conneted","timestamp":"2025-10-18T06:41:19.092Z"}
{"level":"info","message":"Redis conneted","timestamp":"2025-10-18T06:41:19.368Z"}
{"level":"info","message":"Database connected","timestamp":"2025-10-18T06:41:19.382Z"}
{"level":"info","message":"Cron job started: Sending request to http://localhost:4000 every 1 minutes","timestamp":"2025-10-18T06:41:19.449Z"}
{"level":"info","message":"Server started at port","timestamp":"2025-10-18T06:41:19.450Z"}
{"level":"info","message":"http://localhost:4000","timestamp":"2025-10-18T06:41:19.451Z"}
{"level":"info","message":"📊 Metrics available at http://localhost:4000/metrics","timestamp":"2025-10-18T06:41:19.451Z"}
{"level":"info","message":"Redis conneted","timestamp":"2025-10-18T06:44:52.404Z"}
{"level":"info","message":"Database connected","timestamp":"2025-10-18T06:44:52.442Z"}
{"level":"info","message":"Cron job started: Sending request to http://localhost:4000 every 10 minutes","timestamp":"2025-10-18T06:44:52.475Z"}
{"level":"info","message":"Server started at port","timestamp":"2025-10-18T06:44:52.481Z"}
{"level":"info","message":"http://localhost:4000","timestamp":"2025-10-18T06:44:52.481Z"}
{"level":"info","message":"📊 Metrics available at http://localhost:4000/metrics","timestamp":"2025-10-18T06:44:52.481Z"}
{"level":"info","message":"Redis conneted","timestamp":"2025-10-18T06:44:54.237Z"}
{"level":"info","message":"Database connected","timestamp":"2025-10-18T06:44:54.288Z"}
{"level":"info","message":"Cron job started: Sending request to http://localhost:4000 every 10 minutes","timestamp":"2025-10-18T06:44:54.334Z"}
{"level":"info","message":"Server started at port","timestamp":"2025-10-18T06:44:54.342Z"}
{"level":"info","message":"http://localhost:4000","timestamp":"2025-10-18T06:44:54.342Z"}
{"level":"info","message":"📊 Metrics available at http://localhost:4000/metrics","timestamp":"2025-10-18T06:44:54.343Z"}
{"level":"info","message":"Redis conneted","timestamp":"2025-10-18T06:57:39.775Z"}
{"level":"info","message":"Database connected","timestamp":"2025-10-18T06:57:39.846Z"}
{"level":"info","message":"Cron job started: Sending request to http://localhost:4000 every 10 minutes","timestamp":"2025-10-18T06:57:39.891Z"}
{"level":"info","message":"Server started at port","timestamp":"2025-10-18T06:57:39.900Z"}
{"level":"info","message":"http://localhost:4000","timestamp":"2025-10-18T06:57:39.901Z"}
{"level":"info","message":"📊 Metrics available at http://localhost:4000/metrics","timestamp":"2025-10-18T06:57:39.901Z"}
{"level":"info","message":"Redis conneted","timestamp":"2025-10-18T06:57:51.529Z"}
{"level":"info","message":"Redis conneted","timestamp":"2025-10-18T06:57:53.226Z"}
{"level":"info","message":"Redis conneted","timestamp":"2025-10-18T06:58:03.035Z"}
{"level":"info","message":"Redis conneted","timestamp":"2025-10-18T06:58:09.221Z"}
{"level":"info","message":"Redis conneted","timestamp":"2025-10-18T06:58:18.282Z"}
{"level":"info","message":"Redis conneted","timestamp":"2025-10-18T06:58:21.187Z"}
{"level":"info","message":"Redis conneted","timestamp":"2025-10-18T06:58:29.737Z"}
{"level":"info","message":"Redis conneted","timestamp":"2025-10-18T06:58:32.148Z"}
{"level":"info","message":"Redis conneted","timestamp":"2025-10-18T06:58:37.358Z"}
{"level":"info","message":"Redis conneted","timestamp":"2025-10-18T06:58:42.002Z"}
{"level":"info","message":"Redis conneted","timestamp":"2025-10-18T06:58:46.169Z"}
{"level":"info","message":"Redis conneted","timestamp":"2025-10-18T06:58:48.271Z"}
{"level":"info","message":"Redis conneted","timestamp":"2025-10-18T06:59:17.772Z"}
{"level":"info","message":"Redis conneted","timestamp":"2025-10-18T06:59:21.889Z"}
{"level":"info","message":"Redis conneted","timestamp":"2025-10-18T06:59:26.179Z"}
{"level":"info","message":"Redis conneted","timestamp":"2025-10-18T06:59:50.814Z"}
{"level":"info","message":"Redis conneted","timestamp":"2025-10-18T06:59:54.231Z"}
{"level":"info","message":"Redis conneted","timestamp":"2025-10-18T06:59:56.352Z"}
{"level":"info","message":"Redis conneted","timestamp":"2025-10-18T06:59:59.156Z"}
{"level":"info","message":"Redis conneted","timestamp":"2025-10-18T07:00:01.602Z"}
{"level":"info","message":"Redis conneted","timestamp":"2025-10-18T07:00:09.904Z"}
{"level":"info","message":"Redis conneted","timestamp":"2025-10-18T07:00:12.070Z"}
{"level":"info","message":"Redis conneted","timestamp":"2025-10-18T07:00:13.873Z"}
{"level":"info","message":"Redis conneted","timestamp":"2025-10-18T07:00:15.581Z"}
{"level":"info","message":"Redis conneted","timestamp":"2025-10-18T07:00:19.247Z"}
{"level":"info","message":"Redis conneted","timestamp":"2025-10-18T07:00:45.604Z"}
{"level":"info","message":"Redis conneted","timestamp":"2025-10-18T07:00:47.513Z"}
{"level":"info","message":"Redis conneted","timestamp":"2025-10-18T07:00:49.348Z"}
{"level":"info","message":"Redis conneted","timestamp":"2025-10-18T07:00:50.914Z"}
{"level":"info","message":"Redis conneted","timestamp":"2025-10-18T07:00:57.952Z"}
{"level":"info","message":"Redis conneted","timestamp":"2025-10-18T07:01:24.299Z"}
{"level":"info","message":"Redis conneted","timestamp":"2025-10-18T07:01:30.055Z"}
{"level":"info","message":"Redis conneted","timestamp":"2025-10-18T07:01:32.040Z"}
{"level":"info","message":"Redis conneted","timestamp":"2025-10-18T07:01:34.858Z"}
{"level":"info","message":"Redis conneted","timestamp":"2025-10-18T07:01:36.649Z"}
{"level":"info","message":"Redis conneted","timestamp":"2025-10-18T07:01:41.351Z"}
{"level":"info","message":"Redis conneted","timestamp":"2025-10-18T07:01:57.679Z"}
{"level":"info","message":"Redis conneted","timestamp":"2025-10-18T07:02:01.949Z"}
{"level":"info","message":"Redis conneted","timestamp":"2025-10-18T07:02:05.006Z"}
{"level":"info","message":"Redis conneted","timestamp":"2025-10-18T07:02:08.878Z"}
{"level":"info","message":"Redis conneted","timestamp":"2025-10-18T07:02:59.659Z"}
{"level":"info","message":"Redis conneted","timestamp":"2025-10-18T07:03:08.768Z"}
{"level":"info","message":"Redis conneted","timestamp":"2025-10-18T07:03:19.793Z"}
{"level":"info","message":"Redis conneted","timestamp":"2025-10-18T07:03:25.556Z"}
{"level":"info","message":"Redis conneted","timestamp":"2025-10-18T07:03:27.508Z"}
{"level":"info","message":"Redis conneted","timestamp":"2025-10-18T07:03:29.341Z"}
{"level":"info","message":"Redis conneted","timestamp":"2025-10-18T07:03:33.833Z"}
{"level":"info","message":"Redis conneted","timestamp":"2025-10-18T07:03:37.970Z"}
{"level":"info","message":"Redis conneted","timestamp":"2025-10-18T07:05:19.471Z"}
{"level":"info","message":"Redis conneted","timestamp":"2025-10-18T07:05:26.140Z"}
{"level":"info","message":"Redis conneted","timestamp":"2025-10-18T07:05:28.199Z"}
{"level":"info","message":"Redis conneted","timestamp":"2025-10-18T07:05:31.966Z"}
{"level":"info","message":"Redis conneted","timestamp":"2025-10-18T07:05:35.377Z"}
{"level":"info","message":"Redis conneted","timestamp":"2025-10-18T07:06:15.478Z"}
{"level":"info","message":"Redis conneted","timestamp":"2025-10-18T07:09:03.345Z"}
{"level":"info","message":"Redis conneted","timestamp":"2025-10-18T09:11:27.155Z"}
{"level":"info","message":"Redis conneted","timestamp":"2025-10-18T09:11:30.134Z"}
{"level":"info","message":"Redis conneted","timestamp":"2025-10-18T09:11:31.401Z"}
{"level":"info","message":"Redis conneted","timestamp":"2025-10-18T09:11:32.801Z"}
{"level":"info","message":"Redis conneted","timestamp":"2025-10-18T09:11:34.797Z"}
{"level":"info","message":"Redis conneted","timestamp":"2025-10-18T09:11:37.633Z"}
{"level":"info","message":"Redis conneted","timestamp":"2025-10-18T09:11:40.830Z"}
{"level":"info","message":"Redis conneted","timestamp":"2025-10-18T09:11:43.315Z"}
{"level":"info","message":"Redis conneted","timestamp":"2025-10-18T09:11:54.772Z"}
{"level":"info","message":"Redis conneted","timestamp":"2025-10-18T09:11:56.217Z"}
{"level":"info","message":"Redis conneted","timestamp":"2025-10-18T09:12:13.690Z"}
{"level":"info","message":"Redis conneted","timestamp":"2025-10-18T09:12:15.579Z"}
{"level":"info","message":"Redis conneted","timestamp":"2025-10-18T09:12:19.966Z"}
{"level":"info","message":"Redis conneted","timestamp":"2025-10-18T09:12:22.327Z"}
{"level":"info","message":"Redis conneted","timestamp":"2025-10-18T09:12:26.943Z"}
{"level":"info","message":"Redis conneted","timestamp":"2025-10-18T09:12:30.973Z"}
{"level":"info","message":"Redis conneted","timestamp":"2025-10-18T09:12:33.657Z"}
{"level":"info","message":"Redis conneted","timestamp":"2025-10-18T09:12:35.841Z"}
{"level":"info","message":"Redis conneted","timestamp":"2025-10-18T09:12:37.697Z"}
{"level":"info","message":"Redis conneted","timestamp":"2025-10-18T09:12:45.468Z"}
{"level":"info","message":"Redis conneted","timestamp":"2025-10-18T09:13:43.844Z"}
{"level":"info","message":"Redis conneted","timestamp":"2025-10-18T09:14:15.018Z"}
{"level":"info","message":"Redis conneted","timestamp":"2025-10-18T09:14:19.884Z"}
{"level":"info","message":"Redis conneted","timestamp":"2025-10-18T09:14:26.570Z"}
{"level":"info","message":"Redis conneted","timestamp":"2025-10-18T09:14:34.960Z"}
{"level":"info","message":"Redis conneted","timestamp":"2025-10-18T09:14:37.043Z"}
{"level":"info","message":"Redis conneted","timestamp":"2025-10-18T09:14:50.971Z"}
{"level":"info","message":"Redis conneted","timestamp":"2025-10-18T09:14:52.496Z"}
{"level":"info","message":"Redis conneted","timestamp":"2025-10-18T09:15:18.715Z"}
{"level":"info","message":"Redis conneted","timestamp":"2025-10-18T09:15:21.245Z"}
{"level":"info","message":"Redis conneted","timestamp":"2025-10-18T09:15:38.777Z"}
{"level":"info","message":"Redis conneted","timestamp":"2025-10-18T09:15:54.516Z"}
{"level":"info","message":"Redis conneted","timestamp":"2025-10-18T09:15:56.220Z"}
{"level":"info","message":"Redis conneted","timestamp":"2025-10-18T09:15:58.983Z"}
{"level":"info","message":"Redis conneted","timestamp":"2025-10-18T09:16:04.457Z"}
{"level":"info","message":"Redis conneted","timestamp":"2025-10-18T09:16:10.587Z"}
{"level":"info","message":"Redis conneted","timestamp":"2025-10-18T09:16:12.076Z"}
{"level":"info","message":"Redis conneted","timestamp":"2025-10-18T09:16:16.303Z"}
{"level":"info","message":"Redis conneted","timestamp":"2025-10-18T09:19:18.606Z"}
{"level":"info","message":"Database connected","timestamp":"2025-10-18T09:19:18.627Z"}
{"level":"info","message":"Cron job started: Sending request to http://localhost:4000 every 10 minutes","timestamp":"2025-10-18T09:19:18.753Z"}
{"level":"info","message":"Server started at port","timestamp":"2025-10-18T09:19:18.757Z"}
{"level":"info","message":"http://localhost:4000","timestamp":"2025-10-18T09:19:18.758Z"}
{"level":"info","message":"📊 Metrics available at http://localhost:4000/metrics","timestamp":"2025-10-18T09:19:18.758Z"}
{"level":"info","message":"Cron job success: http://localhost:4000 - Status: 200","timestamp":"2025-10-18T09:20:00.052Z"}
{"level":"info","message":"Cron job success: http://localhost:4000 - Status: 200","timestamp":"2025-10-18T09:30:00.040Z"}
{"level":"info","message":"Cron job success: http://localhost:4000 - Status: 200","timestamp":"2025-10-18T09:40:00.029Z"}
{"level":"info","message":"Cron job success: http://localhost:4000 - Status: 200","timestamp":"2025-10-18T09:50:00.034Z"}
{"level":"info","message":"Redis conneted","timestamp":"2025-10-18T09:52:08.022Z"}
{"level":"info","message":"Database connected","timestamp":"2025-10-18T09:52:08.043Z"}
{"level":"info","message":"Cron job started: Sending request to http://localhost:4000 every 10 minutes","timestamp":"2025-10-18T09:52:08.096Z"}
{"level":"info","message":"Server started at port","timestamp":"2025-10-18T09:52:08.097Z"}
{"level":"info","message":"http://localhost:4000","timestamp":"2025-10-18T09:52:08.098Z"}
{"level":"info","message":"📊 Metrics available at http://localhost:4000/metrics","timestamp":"2025-10-18T09:52:08.098Z"}
{"level":"info","message":"Redis conneted","timestamp":"2025-10-18T09:52:26.206Z"}
{"level":"info","message":"Database connected","timestamp":"2025-10-18T09:52:26.240Z"}
{"level":"info","message":"Cron job started: Sending request to http://localhost:4000 every 10 minutes","timestamp":"2025-10-18T09:52:26.298Z"}
{"level":"info","message":"Server started at port","timestamp":"2025-10-18T09:52:26.299Z"}
{"level":"info","message":"http://localhost:4000","timestamp":"2025-10-18T09:52:26.300Z"}
{"level":"info","message":"📊 Metrics available at http://localhost:4000/metrics","timestamp":"2025-10-18T09:52:26.301Z"}
{"level":"info","message":"Redis conneted","timestamp":"2025-10-18T09:52:36.454Z"}
{"level":"info","message":"Database connected","timestamp":"2025-10-18T09:52:36.474Z"}
{"level":"info","message":"Cron job started: Sending request to http://localhost:4000 every 10 minutes","timestamp":"2025-10-18T09:52:36.515Z"}
{"level":"info","message":"Server started at port","timestamp":"2025-10-18T09:52:36.516Z"}
{"level":"info","message":"http://localhost:4000","timestamp":"2025-10-18T09:52:36.516Z"}
{"level":"info","message":"📊 Metrics available at http://localhost:4000/metrics","timestamp":"2025-10-18T09:52:36.516Z"}
{"level":"info","message":"Redis conneted","timestamp":"2025-10-18T09:52:43.096Z"}
{"level":"info","message":"Database connected","timestamp":"2025-10-18T09:52:43.109Z"}
{"level":"info","message":"Cron job started: Sending request to http://localhost:4000 every 10 minutes","timestamp":"2025-10-18T09:52:43.137Z"}
{"level":"info","message":"Server started at port","timestamp":"2025-10-18T09:52:43.138Z"}
{"level":"info","message":"http://localhost:4000","timestamp":"2025-10-18T09:52:43.139Z"}
{"level":"info","message":"📊 Metrics available at http://localhost:4000/metrics","timestamp":"2025-10-18T09:52:43.139Z"}
{"level":"info","message":"Cron job success: http://localhost:4000 - Status: 200","timestamp":"2025-10-18T10:00:00.039Z"}
