{"level":"info","message":"Redis conneted","timestamp":"2025-10-14T06:04:01.276Z"}
{"level":"info","message":"Database connected","timestamp":"2025-10-14T06:04:01.302Z"}
{"level":"info","message":"Cron job started: Sending request to http://localhost:4000 every 10 minutes","timestamp":"2025-10-14T06:04:01.391Z"}
{"level":"info","message":"Server started at port","timestamp":"2025-10-14T06:04:01.392Z"}
{"level":"info","message":"http://localhost:4000","timestamp":"2025-10-14T06:04:01.392Z"}
{"level":"info","message":"Redis conneted","timestamp":"2025-10-14T06:06:06.029Z"}
{"level":"info","message":"Redis conneted","timestamp":"2025-10-14T06:06:06.079Z"}
{"level":"info","message":"Redis conneted","timestamp":"2025-10-14T06:06:06.091Z"}
{"level":"info","message":"Redis conneted","timestamp":"2025-10-14T06:06:06.305Z"}
{"level":"info","message":"Redis conneted","timestamp":"2025-10-14T06:06:08.148Z"}
{"level":"info","message":"Redis conneted","timestamp":"2025-10-14T06:06:39.271Z"}
{"level":"info","message":"Redis conneted","timestamp":"2025-10-14T06:06:39.434Z"}
{"level":"info","message":"Redis conneted","timestamp":"2025-10-14T06:06:39.546Z"}
{"level":"info","message":"Redis conneted","timestamp":"2025-10-14T06:06:39.609Z"}
{"level":"info","message":"Redis conneted","timestamp":"2025-10-14T06:06:41.521Z"}
{"level":"info","message":"Redis conneted","timestamp":"2025-10-14T06:07:56.070Z"}
{"level":"info","message":"Redis conneted","timestamp":"2025-10-14T06:07:56.126Z"}
{"level":"info","message":"Redis conneted","timestamp":"2025-10-14T06:07:56.311Z"}
{"level":"info","message":"Redis conneted","timestamp":"2025-10-14T06:07:56.452Z"}
{"level":"info","message":"Redis conneted","timestamp":"2025-10-14T06:07:58.544Z"}
{"level":"info","message":"Redis conneted","timestamp":"2025-10-14T06:08:24.880Z"}
{"level":"info","message":"Redis conneted","timestamp":"2025-10-14T06:08:25.016Z"}
{"level":"info","message":"Redis conneted","timestamp":"2025-10-14T06:08:25.086Z"}
{"level":"info","message":"Redis conneted","timestamp":"2025-10-14T06:08:25.087Z"}
{"level":"info","message":"Redis conneted","timestamp":"2025-10-14T06:08:25.231Z"}
{"level":"info","message":"Redis conneted","timestamp":"2025-10-14T06:08:31.838Z"}
{"level":"info","message":"Redis conneted","timestamp":"2025-10-14T06:08:32.165Z"}
{"level":"info","message":"Redis conneted","timestamp":"2025-10-14T06:08:32.284Z"}
{"level":"info","message":"Redis conneted","timestamp":"2025-10-14T06:08:32.338Z"}
{"level":"info","message":"Redis conneted","timestamp":"2025-10-14T06:08:34.079Z"}
{"level":"info","message":"Redis conneted","timestamp":"2025-10-14T06:10:05.040Z"}
{"level":"info","message":"Redis conneted","timestamp":"2025-10-14T06:10:05.052Z"}
{"level":"info","message":"Redis conneted","timestamp":"2025-10-14T06:10:05.063Z"}
{"level":"info","message":"Redis conneted","timestamp":"2025-10-14T06:10:05.045Z"}
{"level":"info","message":"Redis conneted","timestamp":"2025-10-14T06:10:07.373Z"}
{"level":"info","message":"Redis conneted","timestamp":"2025-10-14T06:10:21.298Z"}
{"level":"info","message":"Redis conneted","timestamp":"2025-10-14T06:10:21.424Z"}
{"level":"info","message":"Redis conneted","timestamp":"2025-10-14T06:10:21.413Z"}
{"level":"info","message":"Redis conneted","timestamp":"2025-10-14T06:10:21.593Z"}
{"level":"info","message":"Redis conneted","timestamp":"2025-10-14T06:10:21.753Z"}
{"level":"info","message":"Redis conneted","timestamp":"2025-10-14T06:10:27.242Z"}
{"level":"info","message":"Redis conneted","timestamp":"2025-10-14T06:10:27.537Z"}
{"level":"info","message":"Redis conneted","timestamp":"2025-10-14T06:10:27.614Z"}
{"level":"info","message":"Redis conneted","timestamp":"2025-10-14T06:10:27.761Z"}
{"level":"info","message":"Redis conneted","timestamp":"2025-10-14T06:10:29.084Z"}
{"level":"info","message":"Redis conneted","timestamp":"2025-10-14T06:11:32.298Z"}
{"level":"info","message":"Redis conneted","timestamp":"2025-10-14T06:11:32.443Z"}
{"level":"info","message":"Redis conneted","timestamp":"2025-10-14T06:11:32.656Z"}
{"level":"info","message":"Redis conneted","timestamp":"2025-10-14T06:11:32.710Z"}
{"level":"info","message":"Redis conneted","timestamp":"2025-10-14T06:11:34.807Z"}
{"level":"info","message":"Redis conneted","timestamp":"2025-10-14T06:11:57.208Z"}
{"level":"info","message":"Redis conneted","timestamp":"2025-10-14T06:11:57.485Z"}
{"level":"info","message":"Redis conneted","timestamp":"2025-10-14T06:11:57.536Z"}
{"level":"info","message":"Redis conneted","timestamp":"2025-10-14T06:11:57.643Z"}
{"level":"info","message":"Redis conneted","timestamp":"2025-10-14T06:11:59.768Z"}
{"level":"info","message":"Redis conneted","timestamp":"2025-10-14T06:12:19.807Z"}
{"level":"info","message":"Redis conneted","timestamp":"2025-10-14T06:12:19.899Z"}
{"level":"info","message":"Redis conneted","timestamp":"2025-10-14T06:12:20.181Z"}
{"level":"info","message":"Redis conneted","timestamp":"2025-10-14T06:12:20.876Z"}
{"level":"info","message":"Redis conneted","timestamp":"2025-10-14T06:12:21.730Z"}
{"level":"info","message":"Redis conneted","timestamp":"2025-10-14T06:12:30.642Z"}
{"level":"info","message":"Redis conneted","timestamp":"2025-10-14T06:12:30.708Z"}
{"level":"info","message":"Redis conneted","timestamp":"2025-10-14T06:12:30.879Z"}
{"level":"info","message":"Redis conneted","timestamp":"2025-10-14T06:12:30.982Z"}
{"level":"info","message":"Redis conneted","timestamp":"2025-10-14T06:12:31.241Z"}
{"level":"info","message":"Redis conneted","timestamp":"2025-10-14T06:12:38.330Z"}
{"level":"info","message":"Redis conneted","timestamp":"2025-10-14T06:12:38.739Z"}
{"level":"info","message":"Redis conneted","timestamp":"2025-10-14T06:12:38.764Z"}
{"level":"info","message":"Redis conneted","timestamp":"2025-10-14T06:12:39.660Z"}
{"level":"info","message":"Redis conneted","timestamp":"2025-10-14T06:12:40.616Z"}
{"level":"info","message":"Redis conneted","timestamp":"2025-10-14T06:14:12.374Z"}
{"level":"info","message":"Redis conneted","timestamp":"2025-10-14T06:14:12.437Z"}
{"level":"info","message":"Redis conneted","timestamp":"2025-10-14T06:14:12.780Z"}
{"level":"info","message":"Redis conneted","timestamp":"2025-10-14T06:14:13.702Z"}
{"level":"info","message":"Redis conneted","timestamp":"2025-10-14T06:14:14.846Z"}
{"level":"info","message":"Redis conneted","timestamp":"2025-10-14T06:14:42.024Z"}
{"level":"info","message":"Redis conneted","timestamp":"2025-10-14T06:14:42.263Z"}
{"level":"info","message":"Redis conneted","timestamp":"2025-10-14T06:14:42.290Z"}
{"level":"info","message":"Redis conneted","timestamp":"2025-10-14T06:14:43.313Z"}
{"level":"info","message":"Redis conneted","timestamp":"2025-10-14T06:14:44.600Z"}
{"level":"info","message":"Redis conneted","timestamp":"2025-10-14T06:15:10.802Z"}
{"level":"info","message":"Redis conneted","timestamp":"2025-10-14T06:15:15.812Z"}
{"level":"info","message":"Redis conneted","timestamp":"2025-10-14T06:15:16.012Z"}
{"level":"info","message":"Redis conneted","timestamp":"2025-10-14T06:15:16.031Z"}
{"level":"info","message":"Redis conneted","timestamp":"2025-10-14T06:15:16.661Z"}
{"level":"info","message":"Redis conneted","timestamp":"2025-10-14T06:15:17.541Z"}
{"level":"info","message":"Redis conneted","timestamp":"2025-10-14T06:15:25.806Z"}
{"level":"info","message":"Redis conneted","timestamp":"2025-10-14T06:15:26.120Z"}
{"level":"info","message":"Redis conneted","timestamp":"2025-10-14T06:15:26.184Z"}
{"level":"info","message":"Redis conneted","timestamp":"2025-10-14T06:15:26.181Z"}
{"level":"info","message":"Redis conneted","timestamp":"2025-10-14T06:15:26.255Z"}
{"level":"info","message":"Redis conneted","timestamp":"2025-10-14T06:15:32.586Z"}
{"level":"info","message":"Redis conneted","timestamp":"2025-10-14T06:15:32.719Z"}
{"level":"info","message":"Redis conneted","timestamp":"2025-10-14T06:15:32.792Z"}
{"level":"info","message":"Redis conneted","timestamp":"2025-10-14T06:15:33.280Z"}
{"level":"info","message":"Redis conneted","timestamp":"2025-10-14T06:15:34.224Z"}
{"level":"info","message":"Redis conneted","timestamp":"2025-10-14T06:43:16.877Z"}
{"level":"info","message":"Database connected","timestamp":"2025-10-14T06:43:16.905Z"}
{"level":"info","message":"Cron job started: Sending request to http://localhost:4000 every 10 minutes","timestamp":"2025-10-14T06:43:16.988Z"}
{"level":"info","message":"Server started at port","timestamp":"2025-10-14T06:43:16.989Z"}
{"level":"info","message":"http://localhost:4000","timestamp":"2025-10-14T06:43:16.990Z"}
{"level":"info","message":"Redis conneted","timestamp":"2025-10-14T06:43:21.920Z"}
{"level":"info","message":"Redis conneted","timestamp":"2025-10-14T06:43:21.979Z"}
{"level":"info","message":"Redis conneted","timestamp":"2025-10-14T06:43:22.336Z"}
{"level":"info","message":"Redis conneted","timestamp":"2025-10-14T06:43:22.749Z"}
{"level":"info","message":"Redis conneted","timestamp":"2025-10-14T06:43:23.644Z"}
{"level":"info","message":"Redis conneted","timestamp":"2025-10-14T07:07:25.490Z"}
{"level":"info","message":"Database connected","timestamp":"2025-10-14T07:07:25.496Z"}
{"level":"info","message":"Cron job started: Sending request to http://localhost:4000 every 10 minutes","timestamp":"2025-10-14T07:07:25.559Z"}
{"level":"info","message":"Server started at port","timestamp":"2025-10-14T07:07:25.560Z"}
{"level":"info","message":"http://localhost:4000","timestamp":"2025-10-14T07:07:25.561Z"}
{"level":"info","message":"Redis conneted","timestamp":"2025-10-14T07:07:27.645Z"}
{"level":"info","message":"Redis conneted","timestamp":"2025-10-14T07:07:27.668Z"}
{"level":"info","message":"Redis conneted","timestamp":"2025-10-14T07:07:27.788Z"}
{"level":"info","message":"Redis conneted","timestamp":"2025-10-14T07:07:28.078Z"}
{"level":"info","message":"Redis conneted","timestamp":"2025-10-14T07:07:28.403Z"}
{"level":"info","message":"User data fetched: faizanhameed690@gmail.com","timestamp":"2025-10-14T07:07:40.390Z"}
{"level":"info","message":"User data fetched: faizanhameed690@gmail.com","timestamp":"2025-10-14T07:07:40.412Z"}
{"level":"warn","message":"No bookmarks found for user 1","timestamp":"2025-10-14T07:07:40.773Z"}
{"ip":"::1","level":"error","message":"No bookmarks found","method":"GET","stack":"Error: No bookmarks found\n    at getMyBookmarks (file:///home/faizcasm/Desktop/zanly/server/src/controllers/bookmark.controller.js:96:17)","statusCode":404,"timestamp":"2025-10-14T07:07:40.776Z","url":"/api/v1/bookmark/get"}
{"level":"warn","message":"No bookmarks found for user 1","timestamp":"2025-10-14T07:07:40.806Z"}
{"ip":"::1","level":"error","message":"No bookmarks found","method":"GET","stack":"Error: No bookmarks found\n    at getMyBookmarks (file:///home/faizcasm/Desktop/zanly/server/src/controllers/bookmark.controller.js:96:17)","statusCode":404,"timestamp":"2025-10-14T07:07:40.810Z","url":"/api/v1/bookmark/get"}
{"level":"info","message":"Cron job success: http://localhost:4000 - Status: 200","timestamp":"2025-10-14T07:10:00.065Z"}
{"level":"info","message":"Cron job success: http://localhost:4000 - Status: 200","timestamp":"2025-10-14T07:20:00.044Z"}
{"level":"info","message":"Redis conneted","timestamp":"2025-10-14T07:22:02.156Z"}
