{"code":"ECONNREFUSED","level":"error","message":"Redis error","stack":"AggregateError [ECONNREFUSED]: \n    at internalConnectMultiple (node:net:1134:18)\n    at afterConnectMultiple (node:net:1715:7)","timestamp":"2025-10-12T12:10:59.931Z"}
{"code":"ECONNREFUSED","level":"error","message":"Redis error","stack":"AggregateError [ECONNREFUSED]: \n    at internalConnectMultiple (node:net:1134:18)\n    at afterConnectMultiple (node:net:1715:7)","timestamp":"2025-10-12T12:11:00.106Z"}
{"code":"ECONNREFUSED","level":"error","message":"Redis error","stack":"AggregateError [ECONNREFUSED]: \n    at internalConnectMultiple (node:net:1134:18)\n    at afterConnectMultiple (node:net:1715:7)","timestamp":"2025-10-12T12:11:00.250Z"}
{"code":"ECONNREFUSED","level":"error","message":"Redis error","stack":"AggregateError [ECONNREFUSED]: \n    at internalConnectMultiple (node:net:1134:18)\n    at afterConnectMultiple (node:net:1715:7)","timestamp":"2025-10-12T12:11:00.497Z"}
{"code":"ECONNREFUSED","level":"error","message":"Redis error","stack":"AggregateError [ECONNREFUSED]: \n    at internalConnectMultiple (node:net:1134:18)\n    at afterConnectMultiple (node:net:1715:7)","timestamp":"2025-10-12T12:11:01.024Z"}
{"code":"ECONNREFUSED","level":"error","message":"Redis error","stack":"AggregateError [ECONNREFUSED]: \n    at internalConnectMultiple (node:net:1134:18)\n    at afterConnectMultiple (node:net:1715:7)","timestamp":"2025-10-12T12:11:01.874Z"}
{"code":"ECONNREFUSED","level":"error","message":"Redis error","stack":"AggregateError [ECONNREFUSED]: \n    at internalConnectMultiple (node:net:1134:18)\n    at afterConnectMultiple (node:net:1715:7)","timestamp":"2025-10-12T12:11:37.323Z"}
{"code":"ECONNREFUSED","level":"error","message":"Redis error","stack":"AggregateError [ECONNREFUSED]: \n    at internalConnectMultiple (node:net:1134:18)\n    at afterConnectMultiple (node:net:1715:7)","timestamp":"2025-10-12T12:11:37.439Z"}
{"code":"ECONNREFUSED","level":"error","message":"Redis error","stack":"AggregateError [ECONNREFUSED]: \n    at internalConnectMultiple (node:net:1134:18)\n    at afterConnectMultiple (node:net:1715:7)","timestamp":"2025-10-12T12:11:37.646Z"}
{"code":"ECONNREFUSED","level":"error","message":"Redis error","stack":"AggregateError [ECONNREFUSED]: \n    at internalConnectMultiple (node:net:1134:18)\n    at afterConnectMultiple (node:net:1715:7)","timestamp":"2025-10-12T12:11:37.865Z"}
{"code":"ECONNREFUSED","level":"error","message":"Redis error","stack":"AggregateError [ECONNREFUSED]: \n    at internalConnectMultiple (node:net:1134:18)\n    at afterConnectMultiple (node:net:1715:7)","timestamp":"2025-10-12T12:11:38.287Z"}
{"code":"ECONNREFUSED","level":"error","message":"Redis error","stack":"AggregateError [ECONNREFUSED]: \n    at internalConnectMultiple (node:net:1134:18)\n    at afterConnectMultiple (node:net:1715:7)","timestamp":"2025-10-12T12:11:39.177Z"}
{"level":"info","message":"Redis conneted","timestamp":"2025-10-12T12:13:08.289Z"}
{"level":"info","message":"Database connected","timestamp":"2025-10-12T12:13:08.296Z"}
{"level":"info","message":"Cron job started: Sending request to http://localhost:4000 every 10 minutes","timestamp":"2025-10-12T12:13:08.342Z"}
{"level":"info","message":"Server started at port","timestamp":"2025-10-12T12:13:08.343Z"}
{"level":"info","message":"http://localhost:4000","timestamp":"2025-10-12T12:13:08.347Z"}
{"ip":"::1","level":"error","message":"Authentication token not found","method":"GET","stack":"Error: Authentication token not found\n    at authMiddleware (file:///home/faizcasm/Downloads/Desktop/zanly/server/src/middlewares/auth.middleware.js:15:19)\n    at Layer.handleRequest (/home/faizcasm/Downloads/Desktop/zanly/server/node_modules/router/lib/layer.js:152:17)\n    at next (/home/faizcasm/Downloads/Desktop/zanly/server/node_modules/router/lib/route.js:157:13)\n    at Route.dispatch (/home/faizcasm/Downloads/Desktop/zanly/server/node_modules/router/lib/route.js:117:3)\n    at handle (/home/faizcasm/Downloads/Desktop/zanly/server/node_modules/router/index.js:435:11)\n    at Layer.handleRequest (/home/faizcasm/Downloads/Desktop/zanly/server/node_modules/router/lib/layer.js:152:17)\n    at /home/faizcasm/Downloads/Desktop/zanly/server/node_modules/router/index.js:295:15\n    at processParams (/home/faizcasm/Downloads/Desktop/zanly/server/node_modules/router/index.js:582:12)\n    at next (/home/faizcasm/Downloads/Desktop/zanly/server/node_modules/router/index.js:291:5)\n    at router.handle (/home/faizcasm/Downloads/Desktop/zanly/server/node_modules/router/index.js:186:3)","statusCode":401,"timestamp":"2025-10-12T12:13:31.529Z","url":"/api/v1/user/get"}
{"ip":"::1","level":"error","message":"Authentication token not found","method":"GET","stack":"Error: Authentication token not found\n    at authMiddleware (file:///home/faizcasm/Downloads/Desktop/zanly/server/src/middlewares/auth.middleware.js:15:19)\n    at Layer.handleRequest (/home/faizcasm/Downloads/Desktop/zanly/server/node_modules/router/lib/layer.js:152:17)\n    at next (/home/faizcasm/Downloads/Desktop/zanly/server/node_modules/router/lib/route.js:157:13)\n    at Route.dispatch (/home/faizcasm/Downloads/Desktop/zanly/server/node_modules/router/lib/route.js:117:3)\n    at handle (/home/faizcasm/Downloads/Desktop/zanly/server/node_modules/router/index.js:435:11)\n    at Layer.handleRequest (/home/faizcasm/Downloads/Desktop/zanly/server/node_modules/router/lib/layer.js:152:17)\n    at /home/faizcasm/Downloads/Desktop/zanly/server/node_modules/router/index.js:295:15\n    at processParams (/home/faizcasm/Downloads/Desktop/zanly/server/node_modules/router/index.js:582:12)\n    at next (/home/faizcasm/Downloads/Desktop/zanly/server/node_modules/router/index.js:291:5)\n    at router.handle (/home/faizcasm/Downloads/Desktop/zanly/server/node_modules/router/index.js:186:3)","statusCode":401,"timestamp":"2025-10-12T12:13:31.539Z","url":"/api/v1/user/get"}
{"createdAt":"2025-10-12T12:13:36.265Z","email":"faizanhameed690@gmail.com","id":1,"image":"https://lh3.googleusercontent.com/a/ACg8ocJNezmPuPTLe-fI4xdR_uzi-wv30QIp9iGS65ktXANla_veBZUK=s96-c","level":"info","message":"OAuth new user created","name":"Faizan Hameed Tantray","otp":null,"otpExpiry":null,"password":null,"publicId":null,"role":"USER","timestamp":"2025-10-12T12:13:36.274Z","updatedAt":"2025-10-12T12:13:36.265Z"}
{"level":"info","message":"User data fetched: faizanhameed690@gmail.com","timestamp":"2025-10-12T12:13:36.799Z"}
{"level":"info","message":"User data fetched: faizanhameed690@gmail.com","timestamp":"2025-10-12T12:13:36.804Z"}
{"level":"warn","message":"No bookmarks found for user 1","timestamp":"2025-10-12T12:13:36.907Z"}
{"ip":"::1","level":"error","message":"No bookmarks found","method":"GET","stack":"Error: No bookmarks found\n    at getMyBookmarks (file:///home/faizcasm/Downloads/Desktop/zanly/server/src/controllers/bookmark.controller.js:91:17)","statusCode":404,"timestamp":"2025-10-12T12:13:36.909Z","url":"/api/v1/bookmark/get"}
{"level":"warn","message":"No bookmarks found for user 1","timestamp":"2025-10-12T12:13:36.941Z"}
{"ip":"::1","level":"error","message":"No bookmarks found","method":"GET","stack":"Error: No bookmarks found\n    at getMyBookmarks (file:///home/faizcasm/Downloads/Desktop/zanly/server/src/controllers/bookmark.controller.js:91:17)","statusCode":404,"timestamp":"2025-10-12T12:13:36.942Z","url":"/api/v1/bookmark/get"}
{"level":"info","message":"Redis conneted","timestamp":"2025-10-12T12:13:50.528Z"}
{"level":"info","message":"Database connected","timestamp":"2025-10-12T12:13:50.536Z"}
{"level":"info","message":"Cron job started: Sending request to http://localhost:4000 every 10 minutes","timestamp":"2025-10-12T12:13:50.576Z"}
{"level":"info","message":"Server started at port","timestamp":"2025-10-12T12:13:50.577Z"}
{"level":"info","message":"http://localhost:4000","timestamp":"2025-10-12T12:13:50.577Z"}
{"level":"warn","message":"No bookmarks found for user 1","timestamp":"2025-10-12T12:14:07.871Z"}
{"ip":"::1","level":"error","message":"No bookmarks found","method":"GET","stack":"Error: No bookmarks found\n    at getMyBookmarks (file:///home/faizcasm/Downloads/Desktop/zanly/server/src/controllers/bookmark.controller.js:91:17)","statusCode":404,"timestamp":"2025-10-12T12:14:07.873Z","url":"/api/v1/bookmark/get"}
{"level":"warn","message":"No bookmarks found for user 1","timestamp":"2025-10-12T12:14:07.879Z"}
{"ip":"::1","level":"error","message":"No bookmarks found","method":"GET","stack":"Error: No bookmarks found\n    at getMyBookmarks (file:///home/faizcasm/Downloads/Desktop/zanly/server/src/controllers/bookmark.controller.js:91:17)","statusCode":404,"timestamp":"2025-10-12T12:14:07.880Z","url":"/api/v1/bookmark/get"}
{"level":"warn","message":"No bookmarks found for user 1","timestamp":"2025-10-12T12:14:42.654Z"}
{"ip":"::1","level":"error","message":"No bookmarks found","method":"GET","stack":"Error: No bookmarks found\n    at getMyBookmarks (file:///home/faizcasm/Downloads/Desktop/zanly/server/src/controllers/bookmark.controller.js:91:17)","statusCode":404,"timestamp":"2025-10-12T12:14:42.654Z","url":"/api/v1/bookmark/get"}
{"level":"warn","message":"No bookmarks found for user 1","timestamp":"2025-10-12T12:14:42.671Z"}
{"ip":"::1","level":"error","message":"No bookmarks found","method":"GET","stack":"Error: No bookmarks found\n    at getMyBookmarks (file:///home/faizcasm/Downloads/Desktop/zanly/server/src/controllers/bookmark.controller.js:91:17)","statusCode":404,"timestamp":"2025-10-12T12:14:42.671Z","url":"/api/v1/bookmark/get"}
{"level":"info","message":"User updated: faizanhameed690@gmail.com","timestamp":"2025-10-12T12:15:36.338Z"}
{"level":"warn","message":"No bookmarks found for user 1","timestamp":"2025-10-12T12:15:41.028Z"}
{"ip":"::1","level":"error","message":"No bookmarks found","method":"GET","stack":"Error: No bookmarks found\n    at getMyBookmarks (file:///home/faizcasm/Downloads/Desktop/zanly/server/src/controllers/bookmark.controller.js:91:17)","statusCode":404,"timestamp":"2025-10-12T12:15:41.029Z","url":"/api/v1/bookmark/get"}
{"level":"warn","message":"No bookmarks found for user 1","timestamp":"2025-10-12T12:15:41.045Z"}
{"ip":"::1","level":"error","message":"No bookmarks found","method":"GET","stack":"Error: No bookmarks found\n    at getMyBookmarks (file:///home/faizcasm/Downloads/Desktop/zanly/server/src/controllers/bookmark.controller.js:91:17)","statusCode":404,"timestamp":"2025-10-12T12:15:41.046Z","url":"/api/v1/bookmark/get"}
{"level":"info","message":"Zanly AI: Received prompt - hello","timestamp":"2025-10-12T12:15:47.173Z"}
{"level":"info","message":"Zanly AI: Generated reply for prompt - hello","timestamp":"2025-10-12T12:15:49.762Z"}
