{"level":"info","message":"Redis conneted","timestamp":"2025-10-24T06:42:32.546Z"}
{"level":"info","timestamp":"2025-10-24T06:42:32.746Z"}
{"level":"info","message":"✅ Email (Login) successfully sent to faizanhameed690@gmail.com","timestamp":"2025-10-24T06:42:37.103Z"}
{"level":"info","message":"🎉 Job 1 completed successfully","timestamp":"2025-10-24T06:42:37.120Z"}
{"level":"info","timestamp":"2025-10-24T06:42:37.125Z"}
{"level":"info","message":"✅ Email (Login) successfully sent to udesignfaizcasm@gmail.com","timestamp":"2025-10-24T06:42:40.755Z"}
{"level":"info","message":"🎉 Job 2 completed successfully","timestamp":"2025-10-24T06:42:40.758Z"}
{"level":"info","timestamp":"2025-10-24T06:42:40.760Z"}
{"level":"info","message":"✅ Email (Login) successfully sent to faizanhameed690@gmail.com","timestamp":"2025-10-24T06:42:44.564Z"}
{"level":"info","message":"🎉 Job 3 completed successfully","timestamp":"2025-10-24T06:42:44.568Z"}
{"level":"info","timestamp":"2025-10-24T06:42:44.569Z"}
{"level":"info","message":"✅ Email (Login) successfully sent to faizanhameed690@gmail.com","timestamp":"2025-10-24T06:42:48.096Z"}
{"level":"info","message":"🎉 Job 4 completed successfully","timestamp":"2025-10-24T06:42:48.099Z"}
{"level":"info","timestamp":"2025-10-24T06:42:48.100Z"}
{"level":"info","message":"✅ Email (Login) successfully sent to faizanhameed690@gmail.com","timestamp":"2025-10-24T06:42:51.716Z"}
{"level":"info","message":"🎉 Job 5 completed successfully","timestamp":"2025-10-24T06:42:51.724Z"}
{"level":"info","timestamp":"2025-10-24T06:42:51.729Z"}
{"level":"info","message":"✅ Email (Login) successfully sent to faizanhameed690@gmail.com","timestamp":"2025-10-24T06:42:55.309Z"}
{"level":"info","message":"🎉 Job 6 completed successfully","timestamp":"2025-10-24T06:42:55.312Z"}
{"level":"info","timestamp":"2025-10-24T06:42:55.313Z"}
{"level":"info","message":"✅ Email (Login) successfully sent to faizanhameed690@gmail.com","timestamp":"2025-10-24T06:42:59.012Z"}
{"level":"info","message":"🎉 Job 7 completed successfully","timestamp":"2025-10-24T06:42:59.016Z"}
{"level":"info","timestamp":"2025-10-24T06:42:59.022Z"}
{"level":"info","message":"✅ Email (Login) successfully sent to faizanhameed690@gmail.com","timestamp":"2025-10-24T06:43:02.800Z"}
{"level":"info","message":"🎉 Job 8 completed successfully","timestamp":"2025-10-24T06:43:02.802Z"}
{"level":"info","message":"556262","timestamp":"2025-10-24T06:43:02.803Z"}
{"level":"info","message":"✅ Email (RESET PASSWORD) successfully sent to faizanhameed690@gmail.com","timestamp":"2025-10-24T06:43:06.597Z"}
{"level":"info","message":"🎉 Job 9 completed successfully","timestamp":"2025-10-24T06:43:06.601Z"}
{"level":"info","timestamp":"2025-10-24T06:44:33.308Z"}
{"level":"info","message":"✅ Email (Login) successfully sent to faizanhameed690@gmail.com","timestamp":"2025-10-24T06:44:36.978Z"}
{"level":"info","message":"🎉 Job 10 completed successfully","timestamp":"2025-10-24T06:44:36.982Z"}
{"level":"info","timestamp":"2025-10-24T06:44:41.072Z"}
{"level":"info","message":"✅ Email (Login) successfully sent to faizanhameed690@gmail.com","timestamp":"2025-10-24T06:44:44.648Z"}
{"level":"info","message":"🎉 Job 11 completed successfully","timestamp":"2025-10-24T06:44:44.652Z"}
{"level":"info","timestamp":"2025-10-24T06:45:09.946Z"}
{"level":"info","message":"✅ Email (Login) successfully sent to faizanhameed690@gmail.com","timestamp":"2025-10-24T06:45:13.566Z"}
{"level":"info","message":"🎉 Job 12 completed successfully","timestamp":"2025-10-24T06:45:13.569Z"}
{"level":"info","timestamp":"2025-10-24T06:50:10.651Z"}
{"level":"info","message":"✅ Email (Login) successfully sent to faizanhameed690@gmail.com","timestamp":"2025-10-24T06:50:14.315Z"}
{"level":"info","message":"🎉 Job 13 completed successfully","timestamp":"2025-10-24T06:50:14.318Z"}
{"level":"info","timestamp":"2025-10-24T06:51:06.986Z"}
{"level":"info","message":"✅ Email (Login) successfully sent to udesignfaizcasm@gmail.com","timestamp":"2025-10-24T06:51:10.917Z"}
{"level":"info","message":"🎉 Job 14 completed successfully","timestamp":"2025-10-24T06:51:10.919Z"}
{"level":"info","timestamp":"2025-10-24T06:52:53.114Z"}
{"level":"info","message":"✅ Email (Login) successfully sent to faizanhameed690@gmail.com","timestamp":"2025-10-24T06:52:56.825Z"}
{"level":"info","message":"🎉 Job 15 completed successfully","timestamp":"2025-10-24T06:52:56.830Z"}
{"level":"info","timestamp":"2025-10-24T06:56:14.788Z"}
{"level":"info","message":"✅ Email (Login) successfully sent to faizanhameed690@gmail.com","timestamp":"2025-10-24T06:56:18.373Z"}
{"level":"info","message":"🎉 Job 16 completed successfully","timestamp":"2025-10-24T06:56:18.380Z"}
{"level":"info","timestamp":"2025-10-24T06:59:40.464Z"}
{"level":"info","message":"✅ Email (Login) successfully sent to faizanhameed690@gmail.com","timestamp":"2025-10-24T06:59:44.009Z"}
{"level":"info","message":"🎉 Job 17 completed successfully","timestamp":"2025-10-24T06:59:44.011Z"}
{"level":"info","timestamp":"2025-10-24T07:11:01.311Z"}
{"level":"info","message":"✅ Email (Login) successfully sent to faizanhameed690@gmail.com","timestamp":"2025-10-24T07:11:04.831Z"}
{"level":"info","message":"🎉 Job 18 completed successfully","timestamp":"2025-10-24T07:11:04.838Z"}
{"level":"info","timestamp":"2025-10-24T07:11:33.854Z"}
{"level":"info","message":"✅ Email (Login) successfully sent to faizanhameed690@gmail.com","timestamp":"2025-10-24T07:11:37.393Z"}
{"level":"info","message":"🎉 Job 19 completed successfully","timestamp":"2025-10-24T07:11:37.395Z"}
{"level":"info","timestamp":"2025-10-24T07:15:33.418Z"}
{"level":"info","message":"✅ Email (Login) successfully sent to faizanhameed690@gmail.com","timestamp":"2025-10-24T07:15:37.320Z"}
{"level":"info","message":"🎉 Job 20 completed successfully","timestamp":"2025-10-24T07:15:37.336Z"}
{"level":"info","timestamp":"2025-10-24T07:16:19.850Z"}
{"level":"info","message":"✅ Email (Login) successfully sent to udesignfaizcasm@gmail.com","timestamp":"2025-10-24T07:16:23.549Z"}
{"level":"info","message":"🎉 Job 21 completed successfully","timestamp":"2025-10-24T07:16:23.555Z"}
{"level":"info","timestamp":"2025-10-24T07:18:01.712Z"}
{"level":"info","message":"✅ Email (Login) successfully sent to udesignfaizcasm@gmail.com","timestamp":"2025-10-24T07:18:05.029Z"}
{"level":"info","message":"🎉 Job 22 completed successfully","timestamp":"2025-10-24T07:18:05.032Z"}
{"level":"info","timestamp":"2025-10-24T07:18:52.696Z"}
{"level":"info","message":"✅ Email (Login) successfully sent to udesignfaizcasm@gmail.com","timestamp":"2025-10-24T07:18:56.086Z"}
{"level":"info","message":"🎉 Job 23 completed successfully","timestamp":"2025-10-24T07:18:56.092Z"}
{"level":"info","timestamp":"2025-10-24T07:19:50.671Z"}
{"level":"info","message":"✅ Email (Login) successfully sent to udesignfaizcasm@gmail.com","timestamp":"2025-10-24T07:19:54.240Z"}
{"level":"info","message":"🎉 Job 1 completed successfully","timestamp":"2025-10-24T07:19:54.247Z"}
